{"numFailedTestSuites":5,"numFailedTests":0,"numPassedTestSuites":27,"numPassedTests":208,"numPendingTestSuites":0,"numPendingTests":0,"numRuntimeErrorTestSuites":5,"numTodoTests":0,"numTotalTestSuites":32,"numTotalTests":208,"openHandles":[],"snapshot":{"added":0,"didUpdate":false,"failure":false,"filesAdded":0,"filesRemoved":0,"filesRemovedList":[],"filesUnmatched":0,"filesUpdated":0,"matched":0,"total":0,"unchecked":0,"uncheckedKeysByFile":[],"unmatched":0,"updated":0},"startTime":1765974244554,"success":false,"testResults":[{"assertionResults":[{"ancestorTitles":["AudioPlayer"],"duration":89,"failureDetails":[],"failureMessages":[],"fullName":"AudioPlayer should not render when no audio result","invocations":1,"location":null,"numPassingAsserts":1,"retryReasons":[],"status":"passed","title":"should not render when no audio result"},{"ancestorTitles":["AudioPlayer"],"duration":46,"failureDetails":[],"failureMessages":[],"fullName":"AudioPlayer should render play button when not playing","invocations":1,"location":null,"numPassingAsserts":1,"retryReasons":[],"status":"passed","title":"should render play button when not playing"},{"ancestorTitles":["AudioPlayer"],"duration":19,"failureDetails":[],"failureMessages":[],"fullName":"AudioPlayer should render pause button when playing","invocations":1,"location":null,"numPassingAsserts":1,"retryReasons":[],"status":"passed","title":"should render pause button when playing"},{"ancestorTitles":["AudioPlayer"],"duration":21,"failureDetails":[],"failureMessages":[],"fullName":"AudioPlayer should show cached status","invocations":1,"location":null,"numPassingAsserts":1,"retryReasons":[],"status":"passed","title":"should show cached status"},{"ancestorTitles":["AudioPlayer"],"duration":14,"failureDetails":[],"failureMessages":[],"fullName":"AudioPlayer should show new status when not cached","invocations":1,"location":null,"numPassingAsserts":1,"retryReasons":[],"status":"passed","title":"should show new status when not cached"},{"ancestorTitles":["AudioPlayer"],"duration":15,"failureDetails":[],"failureMessages":[],"fullName":"AudioPlayer should apply custom className","invocations":1,"location":null,"numPassingAsserts":1,"retryReasons":[],"status":"passed","title":"should apply custom className"},{"ancestorTitles":["AudioPlayer"],"duration":17,"failureDetails":[],"failureMessages":[],"fullName":"AudioPlayer should call setAudioElement on mount","invocations":1,"location":null,"numPassingAsserts":1,"retryReasons":[],"status":"passed","title":"should call setAudioElement on mount"}],"endTime":1765974254542,"message":"","name":"/home/alex/users/bob/hak/packages/frontend/src/components/synthesis/AudioPlayer.test.tsx","startTime":1765974249390,"status":"passed","summary":""},{"assertionResults":[{"ancestorTitles":["TextInput"],"duration":113,"failureDetails":[],"failureMessages":[],"fullName":"TextInput should render textarea with placeholder","invocations":1,"location":null,"numPassingAsserts":1,"retryReasons":[],"status":"passed","title":"should render textarea with placeholder"},{"ancestorTitles":["TextInput"],"duration":12,"failureDetails":[],"failureMessages":[],"fullName":"TextInput should render with custom placeholder","invocations":1,"location":null,"numPassingAsserts":1,"retryReasons":[],"status":"passed","title":"should render with custom placeholder"},{"ancestorTitles":["TextInput"],"duration":126,"failureDetails":[],"failureMessages":[],"fullName":"TextInput should call setText on input change","invocations":1,"location":null,"numPassingAsserts":1,"retryReasons":[],"status":"passed","title":"should call setText on input change"},{"ancestorTitles":["TextInput"],"duration":56,"failureDetails":[],"failureMessages":[],"fullName":"TextInput should truncate text at maxLength","invocations":1,"location":null,"numPassingAsserts":1,"retryReasons":[],"status":"passed","title":"should truncate text at maxLength"},{"ancestorTitles":["TextInput"],"duration":26,"failureDetails":[],"failureMessages":[],"fullName":"TextInput should show character count","invocations":1,"location":null,"numPassingAsserts":1,"retryReasons":[],"status":"passed","title":"should show character count"},{"ancestorTitles":["TextInput"],"duration":54,"failureDetails":[],"failureMessages":[],"fullName":"TextInput should call onSynthesize when button clicked","invocations":1,"location":null,"numPassingAsserts":1,"retryReasons":[],"status":"passed","title":"should call onSynthesize when button clicked"},{"ancestorTitles":["TextInput"],"duration":43,"failureDetails":[],"failureMessages":[],"fullName":"TextInput should disable button when loading","invocations":1,"location":null,"numPassingAsserts":1,"retryReasons":[],"status":"passed","title":"should disable button when loading"},{"ancestorTitles":["TextInput"],"duration":20,"failureDetails":[],"failureMessages":[],"fullName":"TextInput should disable button when text is empty","invocations":1,"location":null,"numPassingAsserts":1,"retryReasons":[],"status":"passed","title":"should disable button when text is empty"},{"ancestorTitles":["TextInput"],"duration":33,"failureDetails":[],"failureMessages":[],"fullName":"TextInput should call onSynthesize on Ctrl+Enter","invocations":1,"location":null,"numPassingAsserts":1,"retryReasons":[],"status":"passed","title":"should call onSynthesize on Ctrl+Enter"},{"ancestorTitles":["TextInput"],"duration":26,"failureDetails":[],"failureMessages":[],"fullName":"TextInput should not call onSynthesize on Enter without Ctrl","invocations":1,"location":null,"numPassingAsserts":1,"retryReasons":[],"status":"passed","title":"should not call onSynthesize on Enter without Ctrl"}],"endTime":1765974254833,"message":"","name":"/home/alex/users/bob/hak/packages/frontend/src/components/synthesis/TextInput.test.tsx","startTime":1765974249429,"status":"passed","summary":""},{"assertionResults":[],"coverage":{},"endTime":1765974257246,"message":"  ● Test suite failed to run\n\n    Cannot find module 'react-router-dom' from 'packages/frontend/src/components/layout/Header.tsx'\n\n    Require stack:\n      packages/frontend/src/components/layout/Header.tsx\n      packages/frontend/src/components/layout/Header.test.tsx\n\n      1 | import { useState } from 'react'\n      2 | import { useTranslation } from 'react-i18next'\n    > 3 | import { Link } from 'react-router-dom'\n        | ^\n      4 | import { Button, WaffleMenu, UserAvatar, NavTab, LogoWithText } from '../ui'\n      5 | import { colors } from '../../styles/colors'\n      6 | import { useAuth } from '../../services/auth'\n\n      at Resolver._throwModNotFoundError (node_modules/.pnpm/jest-resolve@29.7.0/node_modules/jest-resolve/build/resolver.js:427:11)\n      at Object.require (packages/frontend/src/components/layout/Header.tsx:3:1)\n      at Object.require (packages/frontend/src/components/layout/Header.test.tsx:2:1)\n","name":"/home/alex/users/bob/hak/packages/frontend/src/components/layout/Header.test.tsx","startTime":1765974257246,"status":"failed","summary":""},{"assertionResults":[],"coverage":{},"endTime":1765974257246,"message":"  ● Test suite failed to run\n\n    Cannot find module 'aws-amplify' from 'packages/frontend/src/services/auth/context.tsx'\n\n      1 | import { createContext, useContext, useState, useEffect, useCallback, ReactNode } from 'react';\n    > 2 | import { Amplify } from 'aws-amplify';\n        | ^\n      3 | import { getCurrentUser, signInWithRedirect, signOut } from 'aws-amplify/auth';\n      4 | import type { AuthContextValue, AuthState, User } from './types';\n      5 | import { cognitoConfig } from './config';\n\n      at Resolver._throwModNotFoundError (node_modules/.pnpm/jest-resolve@29.7.0/node_modules/jest-resolve/build/resolver.js:427:11)\n      at Object.require (packages/frontend/src/services/auth/context.tsx:2:1)\n      at Object.require (packages/frontend/src/services/auth/ProtectedRoute.tsx:2:1)\n      at Object.require (packages/frontend/src/services/auth/ProtectedRoute.test.tsx:2:1)\n","name":"/home/alex/users/bob/hak/packages/frontend/src/services/auth/ProtectedRoute.test.tsx","startTime":1765974257246,"status":"failed","summary":""},{"assertionResults":[{"ancestorTitles":["Footer"],"duration":144,"failureDetails":[],"failureMessages":[],"fullName":"Footer should render footer","invocations":1,"location":null,"numPassingAsserts":1,"retryReasons":[],"status":"passed","title":"should render footer"},{"ancestorTitles":["Footer"],"duration":66,"failureDetails":[],"failureMessages":[],"fullName":"Footer should render contact information","invocations":1,"location":null,"numPassingAsserts":1,"retryReasons":[],"status":"passed","title":"should render contact information"},{"ancestorTitles":["Footer"],"duration":74,"failureDetails":[],"failureMessages":[],"fullName":"Footer should render social media links","invocations":1,"location":null,"numPassingAsserts":3,"retryReasons":[],"status":"passed","title":"should render social media links"},{"ancestorTitles":["Footer"],"duration":111,"failureDetails":[],"failureMessages":[],"fullName":"Footer should render feedback button","invocations":1,"location":null,"numPassingAsserts":1,"retryReasons":[],"status":"passed","title":"should render feedback button"},{"ancestorTitles":["Footer"],"duration":87,"failureDetails":[],"failureMessages":[],"fullName":"Footer should render section headings","invocations":1,"location":null,"numPassingAsserts":2,"retryReasons":[],"status":"passed","title":"should render section headings"}],"endTime":1765974254922,"message":"","name":"/home/alex/users/bob/hak/packages/frontend/src/components/layout/Footer.test.tsx","startTime":1765974249425,"status":"passed","summary":""},{"assertionResults":[],"coverage":{},"endTime":1765974257246,"message":"  ● Test suite failed to run\n\n    Cannot find module 'aws-amplify' from 'packages/frontend/src/services/auth/context.tsx'\n\n    Require stack:\n      packages/frontend/src/services/auth/context.tsx\n      packages/frontend/src/services/auth/context.test.tsx\n\n      1 | import { createContext, useContext, useState, useEffect, useCallback, ReactNode } from 'react';\n    > 2 | import { Amplify } from 'aws-amplify';\n        | ^\n      3 | import { getCurrentUser, signInWithRedirect, signOut } from 'aws-amplify/auth';\n      4 | import type { AuthContextValue, AuthState, User } from './types';\n      5 | import { cognitoConfig } from './config';\n\n      at Resolver._throwModNotFoundError (node_modules/.pnpm/jest-resolve@29.7.0/node_modules/jest-resolve/build/resolver.js:427:11)\n      at Object.require (packages/frontend/src/services/auth/context.tsx:2:1)\n      at Object.require (packages/frontend/src/services/auth/context.test.tsx:2:1)\n","name":"/home/alex/users/bob/hak/packages/frontend/src/services/auth/context.test.tsx","startTime":1765974257246,"status":"failed","summary":""},{"assertionResults":[],"coverage":{},"endTime":1765974257246,"message":"  ● Test suite failed to run\n\n    Cannot find module 'aws-amplify' from 'packages/frontend/src/services/auth/context.tsx'\n\n    Require stack:\n      packages/frontend/src/services/auth/context.tsx\n      packages/frontend/src/services/auth/index.ts\n      packages/frontend/src/App.test.tsx\n\n      1 | import { createContext, useContext, useState, useEffect, useCallback, ReactNode } from 'react';\n    > 2 | import { Amplify } from 'aws-amplify';\n        | ^\n      3 | import { getCurrentUser, signInWithRedirect, signOut } from 'aws-amplify/auth';\n      4 | import type { AuthContextValue, AuthState, User } from './types';\n      5 | import { cognitoConfig } from './config';\n\n      at Resolver._throwModNotFoundError (node_modules/.pnpm/jest-resolve@29.7.0/node_modules/jest-resolve/build/resolver.js:427:11)\n      at Object.require (packages/frontend/src/services/auth/context.tsx:2:1)\n      at Object.require (packages/frontend/src/services/auth/index.ts:2:1)\n      at Object.require (packages/frontend/src/App.test.tsx:15:1)\n","name":"/home/alex/users/bob/hak/packages/frontend/src/App.test.tsx","startTime":1765974257246,"status":"failed","summary":""},{"assertionResults":[{"ancestorTitles":["SynthesisPage"],"duration":43,"failureDetails":[],"failureMessages":[],"fullName":"SynthesisPage should render page title","invocations":1,"location":null,"numPassingAsserts":1,"retryReasons":[],"status":"passed","title":"should render page title"},{"ancestorTitles":["SynthesisPage"],"duration":29,"failureDetails":[],"failureMessages":[],"fullName":"SynthesisPage should render components when not loading","invocations":1,"location":null,"numPassingAsserts":3,"retryReasons":[],"status":"passed","title":"should render components when not loading"},{"ancestorTitles":["SynthesisPage"],"duration":17,"failureDetails":[],"failureMessages":[],"fullName":"SynthesisPage should not render audio components when loading","invocations":1,"location":null,"numPassingAsserts":1,"retryReasons":[],"status":"passed","title":"should not render audio components when loading"},{"ancestorTitles":["SynthesisPage"],"duration":32,"failureDetails":[],"failureMessages":[],"fullName":"SynthesisPage should show error message when error exists","invocations":1,"location":null,"numPassingAsserts":1,"retryReasons":[],"status":"passed","title":"should show error message when error exists"},{"ancestorTitles":["SynthesisPage"],"duration":41,"failureDetails":[],"failureMessages":[],"fullName":"SynthesisPage should call synthesize on button click","invocations":1,"location":null,"numPassingAsserts":1,"retryReasons":[],"status":"passed","title":"should call synthesize on button click"},{"ancestorTitles":["SynthesisPage"],"duration":18,"failureDetails":[],"failureMessages":[],"fullName":"SynthesisPage should not synthesize empty text","invocations":1,"location":null,"numPassingAsserts":1,"retryReasons":[],"status":"passed","title":"should not synthesize empty text"},{"ancestorTitles":["SynthesisPage"],"duration":77,"failureDetails":[],"failureMessages":[],"fullName":"SynthesisPage should handle synthesis error","invocations":1,"location":null,"numPassingAsserts":1,"retryReasons":[],"status":"passed","title":"should handle synthesis error"},{"ancestorTitles":["SynthesisPage"],"duration":99,"failureDetails":[],"failureMessages":[],"fullName":"SynthesisPage should handle non-Error synthesis error","invocations":1,"location":null,"numPassingAsserts":1,"retryReasons":[],"status":"passed","title":"should handle non-Error synthesis error"}],"endTime":1765974255772,"message":"","name":"/home/alex/users/bob/hak/packages/frontend/src/pages/SynthesisPage.test.tsx","startTime":1765974254633,"status":"passed","summary":""},{"assertionResults":[{"ancestorTitles":["StressedText"],"duration":27,"failureDetails":[],"failureMessages":[],"fullName":"StressedText should not render when no text","invocations":1,"location":null,"numPassingAsserts":1,"retryReasons":[],"status":"passed","title":"should not render when no text"},{"ancestorTitles":["StressedText"],"duration":17,"failureDetails":[],"failureMessages":[],"fullName":"StressedText should render phonetic text when available","invocations":1,"location":null,"numPassingAsserts":1,"retryReasons":[],"status":"passed","title":"should render phonetic text when available"},{"ancestorTitles":["StressedText"],"duration":46,"failureDetails":[],"failureMessages":[],"fullName":"StressedText should fall back to regular text when no phonetic","invocations":1,"location":null,"numPassingAsserts":1,"retryReasons":[],"status":"passed","title":"should fall back to regular text when no phonetic"},{"ancestorTitles":["StressedText"],"duration":19,"failureDetails":[],"failureMessages":[],"fullName":"StressedText should apply custom className","invocations":1,"location":null,"numPassingAsserts":1,"retryReasons":[],"status":"passed","title":"should apply custom className"},{"ancestorTitles":["StressedText"],"duration":13,"failureDetails":[],"failureMessages":[],"fullName":"StressedText should show label","invocations":1,"location":null,"numPassingAsserts":1,"retryReasons":[],"status":"passed","title":"should show label"}],"endTime":1765974255774,"message":"","name":"/home/alex/users/bob/hak/packages/frontend/src/components/synthesis/StressedText.test.tsx","startTime":1765974254881,"status":"passed","summary":""},{"assertionResults":[{"ancestorTitles":["useAsyncAction"],"duration":70,"failureDetails":[],"failureMessages":[],"fullName":"useAsyncAction should initialize with correct state","invocations":1,"location":null,"numPassingAsserts":2,"retryReasons":[],"status":"passed","title":"should initialize with correct state"},{"ancestorTitles":["useAsyncAction"],"duration":20,"failureDetails":[],"failureMessages":[],"fullName":"useAsyncAction should execute action successfully","invocations":1,"location":null,"numPassingAsserts":3,"retryReasons":[],"status":"passed","title":"should execute action successfully"},{"ancestorTitles":["useAsyncAction"],"duration":92,"failureDetails":[],"failureMessages":[],"fullName":"useAsyncAction should handle action failure","invocations":1,"location":null,"numPassingAsserts":2,"retryReasons":[],"status":"passed","title":"should handle action failure"},{"ancestorTitles":["useAsyncAction"],"duration":9,"failureDetails":[],"failureMessages":[],"fullName":"useAsyncAction should show success notification","invocations":1,"location":null,"numPassingAsserts":1,"retryReasons":[],"status":"passed","title":"should show success notification"},{"ancestorTitles":["useAsyncAction"],"duration":8,"failureDetails":[],"failureMessages":[],"fullName":"useAsyncAction should use custom error message","invocations":1,"location":null,"numPassingAsserts":1,"retryReasons":[],"status":"passed","title":"should use custom error message"},{"ancestorTitles":["useAsyncAction"],"duration":6,"failureDetails":[],"failureMessages":[],"fullName":"useAsyncAction should not show notification when disabled","invocations":1,"location":null,"numPassingAsserts":1,"retryReasons":[],"status":"passed","title":"should not show notification when disabled"},{"ancestorTitles":["useAsyncAction"],"duration":8,"failureDetails":[],"failureMessages":[],"fullName":"useAsyncAction should reset state","invocations":1,"location":null,"numPassingAsserts":3,"retryReasons":[],"status":"passed","title":"should reset state"},{"ancestorTitles":["useAsyncAction"],"duration":3,"failureDetails":[],"failureMessages":[],"fullName":"useAsyncAction should handle non-Error rejection","invocations":1,"location":null,"numPassingAsserts":1,"retryReasons":[],"status":"passed","title":"should handle non-Error rejection"}],"endTime":1765974255961,"message":"","name":"/home/alex/users/bob/hak/packages/frontend/src/hooks/useAsyncAction.test.tsx","startTime":1765974254971,"status":"passed","summary":""},{"assertionResults":[{"ancestorTitles":["sleep"],"duration":68,"failureDetails":[],"failureMessages":[],"fullName":"sleep resolves after specified time","invocations":1,"location":null,"numPassingAsserts":1,"retryReasons":[],"status":"passed","title":"resolves after specified time"},{"ancestorTitles":["withRetry"],"duration":14,"failureDetails":[],"failureMessages":[],"fullName":"withRetry returns result on first successful attempt","invocations":1,"location":null,"numPassingAsserts":2,"retryReasons":[],"status":"passed","title":"returns result on first successful attempt"},{"ancestorTitles":["withRetry"],"duration":13,"failureDetails":[],"failureMessages":[],"fullName":"withRetry retries on failure and succeeds","invocations":1,"location":null,"numPassingAsserts":2,"retryReasons":[],"status":"passed","title":"retries on failure and succeeds"},{"ancestorTitles":["withRetry"],"duration":103,"failureDetails":[],"failureMessages":[],"fullName":"withRetry throws after max retries exhausted","invocations":1,"location":null,"numPassingAsserts":2,"retryReasons":[],"status":"passed","title":"throws after max retries exhausted"},{"ancestorTitles":["withRetry"],"duration":8,"failureDetails":[],"failureMessages":[],"fullName":"withRetry uses default options","invocations":1,"location":null,"numPassingAsserts":1,"retryReasons":[],"status":"passed","title":"uses default options"},{"ancestorTitles":["withRetry"],"duration":18,"failureDetails":[],"failureMessages":[],"fullName":"withRetry handles non-Error throws","invocations":1,"location":null,"numPassingAsserts":1,"retryReasons":[],"status":"passed","title":"handles non-Error throws"},{"ancestorTitles":["withRetry"],"duration":64,"failureDetails":[],"failureMessages":[],"fullName":"withRetry uses backoff when enabled","invocations":1,"location":null,"numPassingAsserts":1,"retryReasons":[],"status":"passed","title":"uses backoff when enabled"},{"ancestorTitles":["withRetry"],"duration":22,"failureDetails":[],"failureMessages":[],"fullName":"withRetry uses fixed delay when backoff disabled","invocations":1,"location":null,"numPassingAsserts":1,"retryReasons":[],"status":"passed","title":"uses fixed delay when backoff disabled"},{"ancestorTitles":["withRetry"],"duration":7,"failureDetails":[],"failureMessages":[],"fullName":"withRetry throws fallback error when lastError is null","invocations":1,"location":null,"numPassingAsserts":1,"retryReasons":[],"status":"passed","title":"throws fallback error when lastError is null"},{"ancestorTitles":["withRetry"],"duration":9,"failureDetails":[],"failureMessages":[],"fullName":"withRetry converts non-Error to Error","invocations":1,"location":null,"numPassingAsserts":1,"retryReasons":[],"status":"passed","title":"converts non-Error to Error"}],"endTime":1765974256021,"message":"","name":"/home/alex/users/bob/hak/packages/frontend/src/core/retry.test.ts","startTime":1765974255076,"status":"passed","summary":""},{"assertionResults":[{"ancestorTitles":["LanguageSwitcher"],"duration":108,"failureDetails":[],"failureMessages":[],"fullName":"LanguageSwitcher should render language buttons","invocations":1,"location":null,"numPassingAsserts":2,"retryReasons":[],"status":"passed","title":"should render language buttons"},{"ancestorTitles":["LanguageSwitcher"],"duration":41,"failureDetails":[],"failureMessages":[],"fullName":"LanguageSwitcher should change language to English","invocations":1,"location":null,"numPassingAsserts":1,"retryReasons":[],"status":"passed","title":"should change language to English"},{"ancestorTitles":["LanguageSwitcher"],"duration":15,"failureDetails":[],"failureMessages":[],"fullName":"LanguageSwitcher should change language to Estonian","invocations":1,"location":null,"numPassingAsserts":1,"retryReasons":[],"status":"passed","title":"should change language to Estonian"}],"endTime":1765974256163,"message":"","name":"/home/alex/users/bob/hak/packages/frontend/src/components/LanguageSwitcher.test.tsx","startTime":1765974255109,"status":"passed","summary":""},{"assertionResults":[{"ancestorTitles":["Modal"],"duration":89,"failureDetails":[],"failureMessages":[],"fullName":"Modal should render modal when open","invocations":1,"location":null,"numPassingAsserts":2,"retryReasons":[],"status":"passed","title":"should render modal when open"},{"ancestorTitles":["Modal"],"duration":18,"failureDetails":[],"failureMessages":[],"fullName":"Modal should not render when closed","invocations":1,"location":null,"numPassingAsserts":1,"retryReasons":[],"status":"passed","title":"should not render when closed"},{"ancestorTitles":["Modal"],"duration":37,"failureDetails":[],"failureMessages":[],"fullName":"Modal should call onClose when close button clicked","invocations":1,"location":null,"numPassingAsserts":1,"retryReasons":[],"status":"passed","title":"should call onClose when close button clicked"},{"ancestorTitles":["Modal"],"duration":33,"failureDetails":[],"failureMessages":[],"fullName":"Modal should call onClose when overlay clicked","invocations":1,"location":null,"numPassingAsserts":1,"retryReasons":[],"status":"passed","title":"should call onClose when overlay clicked"},{"ancestorTitles":["Modal"],"duration":16,"failureDetails":[],"failureMessages":[],"fullName":"Modal should not call onClose when modal content clicked","invocations":1,"location":null,"numPassingAsserts":1,"retryReasons":[],"status":"passed","title":"should not call onClose when modal content clicked"},{"ancestorTitles":["Modal"],"duration":16,"failureDetails":[],"failureMessages":[],"fullName":"Modal should render footer when provided","invocations":1,"location":null,"numPassingAsserts":1,"retryReasons":[],"status":"passed","title":"should render footer when provided"},{"ancestorTitles":["Modal"],"duration":24,"failureDetails":[],"failureMessages":[],"fullName":"Modal should apply custom className","invocations":1,"location":null,"numPassingAsserts":1,"retryReasons":[],"status":"passed","title":"should apply custom className"}],"endTime":1765974256190,"message":"","name":"/home/alex/users/bob/hak/packages/frontend/src/components/ui/Modal.test.tsx","startTime":1765974255017,"status":"passed","summary":""},{"assertionResults":[{"ancestorTitles":["HTTP Client","HttpError"],"duration":1,"failureDetails":[],"failureMessages":[],"fullName":"HTTP Client HttpError should create error with status and message","invocations":1,"location":null,"numPassingAsserts":3,"retryReasons":[],"status":"passed","title":"should create error with status and message"},{"ancestorTitles":["HTTP Client","httpRequest"],"duration":3,"failureDetails":[],"failureMessages":[],"fullName":"HTTP Client httpRequest should make a request and return JSON","invocations":1,"location":null,"numPassingAsserts":2,"retryReasons":[],"status":"passed","title":"should make a request and return JSON"},{"ancestorTitles":["HTTP Client","httpRequest"],"duration":2,"failureDetails":[],"failureMessages":[],"fullName":"HTTP Client httpRequest should add query params to URL","invocations":1,"location":null,"numPassingAsserts":1,"retryReasons":[],"status":"passed","title":"should add query params to URL"},{"ancestorTitles":["HTTP Client","httpRequest"],"duration":20,"failureDetails":[],"failureMessages":[],"fullName":"HTTP Client httpRequest should throw HttpError on non-ok response","invocations":1,"location":null,"numPassingAsserts":1,"retryReasons":[],"status":"passed","title":"should throw HttpError on non-ok response"},{"ancestorTitles":["HTTP Client","httpPost"],"duration":10,"failureDetails":[],"failureMessages":[],"fullName":"HTTP Client httpPost should make POST request with body","invocations":1,"location":null,"numPassingAsserts":1,"retryReasons":[],"status":"passed","title":"should make POST request with body"},{"ancestorTitles":["HTTP Client","httpGet"],"duration":2,"failureDetails":[],"failureMessages":[],"fullName":"HTTP Client httpGet should make GET request","invocations":1,"location":null,"numPassingAsserts":1,"retryReasons":[],"status":"passed","title":"should make GET request"},{"ancestorTitles":["HTTP Client","httpPostBlob"],"duration":2,"failureDetails":[],"failureMessages":[],"fullName":"HTTP Client httpPostBlob should make POST request and return blob","invocations":1,"location":null,"numPassingAsserts":1,"retryReasons":[],"status":"passed","title":"should make POST request and return blob"}],"endTime":1765974256192,"message":"","name":"/home/alex/users/bob/hak/packages/frontend/src/services/http/client.test.ts","startTime":1765974255858,"status":"passed","summary":""},{"assertionResults":[{"ancestorTitles":["NotificationContainer"],"duration":81,"failureDetails":[],"failureMessages":[],"fullName":"NotificationContainer should not render when no notifications","invocations":1,"location":null,"numPassingAsserts":1,"retryReasons":[],"status":"passed","title":"should not render when no notifications"},{"ancestorTitles":["NotificationContainer"],"duration":74,"failureDetails":[],"failureMessages":[],"fullName":"NotificationContainer should render notifications","invocations":1,"location":null,"numPassingAsserts":2,"retryReasons":[],"status":"passed","title":"should render notifications"},{"ancestorTitles":["NotificationContainer"],"duration":16,"failureDetails":[],"failureMessages":[],"fullName":"NotificationContainer should apply correct type class","invocations":1,"location":null,"numPassingAsserts":1,"retryReasons":[],"status":"passed","title":"should apply correct type class"},{"ancestorTitles":["NotificationContainer"],"duration":22,"failureDetails":[],"failureMessages":[],"fullName":"NotificationContainer should remove notification on close button click","invocations":1,"location":null,"numPassingAsserts":1,"retryReasons":[],"status":"passed","title":"should remove notification on close button click"},{"ancestorTitles":["NotificationContainer"],"duration":31,"failureDetails":[],"failureMessages":[],"fullName":"NotificationContainer should auto-remove notification after duration","invocations":1,"location":null,"numPassingAsserts":2,"retryReasons":[],"status":"passed","title":"should auto-remove notification after duration"},{"ancestorTitles":["NotificationContainer"],"duration":13,"failureDetails":[],"failureMessages":[],"fullName":"NotificationContainer should not auto-remove notification with zero duration","invocations":1,"location":null,"numPassingAsserts":1,"retryReasons":[],"status":"passed","title":"should not auto-remove notification with zero duration"}],"endTime":1765974256212,"message":"","name":"/home/alex/users/bob/hak/packages/frontend/src/components/ui/Notification.test.tsx","startTime":1765974254968,"status":"passed","summary":""},{"assertionResults":[{"ancestorTitles":["normalizeText"],"duration":2,"failureDetails":[],"failureMessages":[],"fullName":"normalizeText trims whitespace","invocations":1,"location":null,"numPassingAsserts":1,"retryReasons":[],"status":"passed","title":"trims whitespace"},{"ancestorTitles":["normalizeText"],"duration":1,"failureDetails":[],"failureMessages":[],"fullName":"normalizeText converts to lowercase","invocations":1,"location":null,"numPassingAsserts":1,"retryReasons":[],"status":"passed","title":"converts to lowercase"},{"ancestorTitles":["normalizeText"],"duration":1,"failureDetails":[],"failureMessages":[],"fullName":"normalizeText collapses multiple spaces","invocations":1,"location":null,"numPassingAsserts":1,"retryReasons":[],"status":"passed","title":"collapses multiple spaces"},{"ancestorTitles":["normalizeText"],"duration":9,"failureDetails":[],"failureMessages":[],"fullName":"normalizeText preserves Estonian characters","invocations":1,"location":null,"numPassingAsserts":1,"retryReasons":[],"status":"passed","title":"preserves Estonian characters"},{"ancestorTitles":["normalizeText"],"duration":1,"failureDetails":[],"failureMessages":[],"fullName":"normalizeText preserves phonetic markers","invocations":1,"location":null,"numPassingAsserts":1,"retryReasons":[],"status":"passed","title":"preserves phonetic markers"},{"ancestorTitles":["normalizeText"],"duration":1,"failureDetails":[],"failureMessages":[],"fullName":"normalizeText removes special characters except phonetic markers","invocations":1,"location":null,"numPassingAsserts":1,"retryReasons":[],"status":"passed","title":"removes special characters except phonetic markers"},{"ancestorTitles":["countWords"],"duration":1,"failureDetails":[],"failureMessages":[],"fullName":"countWords counts single word","invocations":1,"location":null,"numPassingAsserts":1,"retryReasons":[],"status":"passed","title":"counts single word"},{"ancestorTitles":["countWords"],"duration":1,"failureDetails":[],"failureMessages":[],"fullName":"countWords counts multiple words","invocations":1,"location":null,"numPassingAsserts":1,"retryReasons":[],"status":"passed","title":"counts multiple words"},{"ancestorTitles":["countWords"],"duration":2,"failureDetails":[],"failureMessages":[],"fullName":"countWords handles extra whitespace","invocations":1,"location":null,"numPassingAsserts":1,"retryReasons":[],"status":"passed","title":"handles extra whitespace"},{"ancestorTitles":["countWords"],"duration":4,"failureDetails":[],"failureMessages":[],"fullName":"countWords returns 0 for empty string","invocations":1,"location":null,"numPassingAsserts":1,"retryReasons":[],"status":"passed","title":"returns 0 for empty string"},{"ancestorTitles":["countWords"],"duration":4,"failureDetails":[],"failureMessages":[],"fullName":"countWords returns 0 for whitespace only","invocations":1,"location":null,"numPassingAsserts":1,"retryReasons":[],"status":"passed","title":"returns 0 for whitespace only"},{"ancestorTitles":["selectVoiceModel"],"duration":1,"failureDetails":[],"failureMessages":[],"fullName":"selectVoiceModel returns efm_s for 1 word","invocations":1,"location":null,"numPassingAsserts":1,"retryReasons":[],"status":"passed","title":"returns efm_s for 1 word"},{"ancestorTitles":["selectVoiceModel"],"duration":1,"failureDetails":[],"failureMessages":[],"fullName":"selectVoiceModel returns efm_s for 3 words","invocations":1,"location":null,"numPassingAsserts":1,"retryReasons":[],"status":"passed","title":"returns efm_s for 3 words"},{"ancestorTitles":["selectVoiceModel"],"duration":1,"failureDetails":[],"failureMessages":[],"fullName":"selectVoiceModel returns efm_l for 4 words","invocations":1,"location":null,"numPassingAsserts":1,"retryReasons":[],"status":"passed","title":"returns efm_l for 4 words"},{"ancestorTitles":["selectVoiceModel"],"duration":0,"failureDetails":[],"failureMessages":[],"fullName":"selectVoiceModel returns efm_l for many words","invocations":1,"location":null,"numPassingAsserts":1,"retryReasons":[],"status":"passed","title":"returns efm_l for many words"},{"ancestorTitles":["generateAudioHash"],"duration":1,"failureDetails":[],"failureMessages":[],"fullName":"generateAudioHash generates consistent hash for same input","invocations":1,"location":null,"numPassingAsserts":1,"retryReasons":[],"status":"passed","title":"generates consistent hash for same input"},{"ancestorTitles":["generateAudioHash"],"duration":7,"failureDetails":[],"failureMessages":[],"fullName":"generateAudioHash generates different hash for different text","invocations":1,"location":null,"numPassingAsserts":1,"retryReasons":[],"status":"passed","title":"generates different hash for different text"},{"ancestorTitles":["generateAudioHash"],"duration":1,"failureDetails":[],"failureMessages":[],"fullName":"generateAudioHash generates different hash for different voice model","invocations":1,"location":null,"numPassingAsserts":1,"retryReasons":[],"status":"passed","title":"generates different hash for different voice model"},{"ancestorTitles":["generateAudioHash"],"duration":0,"failureDetails":[],"failureMessages":[],"fullName":"generateAudioHash normalizes text before hashing","invocations":1,"location":null,"numPassingAsserts":1,"retryReasons":[],"status":"passed","title":"normalizes text before hashing"},{"ancestorTitles":["generateUUID"],"duration":1,"failureDetails":[],"failureMessages":[],"fullName":"generateUUID generates valid UUID format","invocations":1,"location":null,"numPassingAsserts":1,"retryReasons":[],"status":"passed","title":"generates valid UUID format"},{"ancestorTitles":["generateUUID"],"duration":0,"failureDetails":[],"failureMessages":[],"fullName":"generateUUID generates unique UUIDs","invocations":1,"location":null,"numPassingAsserts":1,"retryReasons":[],"status":"passed","title":"generates unique UUIDs"},{"ancestorTitles":["generateUUID"],"duration":1,"failureDetails":[],"failureMessages":[],"fullName":"generateUUID uses fallback when crypto.randomUUID is not available","invocations":1,"location":null,"numPassingAsserts":1,"retryReasons":[],"status":"passed","title":"uses fallback when crypto.randomUUID is not available"},{"ancestorTitles":["createTaskEntry"],"duration":3,"failureDetails":[],"failureMessages":[],"fullName":"createTaskEntry creates task entry with synthesis","invocations":1,"location":null,"numPassingAsserts":1,"retryReasons":[],"status":"passed","title":"creates task entry with synthesis"},{"ancestorTitles":["createTaskEntry"],"duration":1,"failureDetails":[],"failureMessages":[],"fullName":"createTaskEntry sets correct order","invocations":1,"location":null,"numPassingAsserts":1,"retryReasons":[],"status":"passed","title":"sets correct order"},{"ancestorTitles":["createTaskEntry"],"duration":0,"failureDetails":[],"failureMessages":[],"fullName":"createTaskEntry generates unique id","invocations":1,"location":null,"numPassingAsserts":1,"retryReasons":[],"status":"passed","title":"generates unique id"},{"ancestorTitles":["createTaskEntry"],"duration":0,"failureDetails":[],"failureMessages":[],"fullName":"createTaskEntry sets addedAt timestamp","invocations":1,"location":null,"numPassingAsserts":2,"retryReasons":[],"status":"passed","title":"sets addedAt timestamp"},{"ancestorTitles":["createSynthesisEntry"],"duration":2,"failureDetails":[],"failureMessages":[],"fullName":"createSynthesisEntry creates synthesis entry with all fields","invocations":1,"location":null,"numPassingAsserts":4,"retryReasons":[],"status":"passed","title":"creates synthesis entry with all fields"},{"ancestorTitles":["createSynthesisEntry"],"duration":0,"failureDetails":[],"failureMessages":[],"fullName":"createSynthesisEntry generates unique id","invocations":1,"location":null,"numPassingAsserts":1,"retryReasons":[],"status":"passed","title":"generates unique id"},{"ancestorTitles":["createSynthesisEntry"],"duration":23,"failureDetails":[],"failureMessages":[],"fullName":"createSynthesisEntry sets createdAt timestamp","invocations":1,"location":null,"numPassingAsserts":2,"retryReasons":[],"status":"passed","title":"sets createdAt timestamp"},{"ancestorTitles":["nowISO"],"duration":5,"failureDetails":[],"failureMessages":[],"fullName":"nowISO returns ISO formatted date string","invocations":1,"location":null,"numPassingAsserts":1,"retryReasons":[],"status":"passed","title":"returns ISO formatted date string"},{"ancestorTitles":["nowISO"],"duration":11,"failureDetails":[],"failureMessages":[],"fullName":"nowISO returns current time","invocations":1,"location":null,"numPassingAsserts":2,"retryReasons":[],"status":"passed","title":"returns current time"},{"ancestorTitles":["simpleHash"],"duration":0,"failureDetails":[],"failureMessages":[],"fullName":"simpleHash generates consistent hash for same input","invocations":1,"location":null,"numPassingAsserts":1,"retryReasons":[],"status":"passed","title":"generates consistent hash for same input"},{"ancestorTitles":["simpleHash"],"duration":0,"failureDetails":[],"failureMessages":[],"fullName":"simpleHash generates different hash for different input","invocations":1,"location":null,"numPassingAsserts":1,"retryReasons":[],"status":"passed","title":"generates different hash for different input"},{"ancestorTitles":["simpleHash"],"duration":1,"failureDetails":[],"failureMessages":[],"fullName":"simpleHash returns 8 character hex string","invocations":1,"location":null,"numPassingAsserts":1,"retryReasons":[],"status":"passed","title":"returns 8 character hex string"},{"ancestorTitles":["simpleHash"],"duration":9,"failureDetails":[],"failureMessages":[],"fullName":"simpleHash handles empty string","invocations":1,"location":null,"numPassingAsserts":1,"retryReasons":[],"status":"passed","title":"handles empty string"}],"endTime":1765974256207,"message":"","name":"/home/alex/users/bob/hak/packages/frontend/src/core/utils.test.ts","startTime":1765974255852,"status":"passed","summary":""},{"assertionResults":[{"ancestorTitles":["useUIStore","modal actions"],"duration":16,"failureDetails":[],"failureMessages":[],"fullName":"useUIStore modal actions should open modal","invocations":1,"location":null,"numPassingAsserts":1,"retryReasons":[],"status":"passed","title":"should open modal"},{"ancestorTitles":["useUIStore","modal actions"],"duration":1,"failureDetails":[],"failureMessages":[],"fullName":"useUIStore modal actions should close modal","invocations":1,"location":null,"numPassingAsserts":1,"retryReasons":[],"status":"passed","title":"should close modal"},{"ancestorTitles":["useUIStore","notification actions"],"duration":2,"failureDetails":[],"failureMessages":[],"fullName":"useUIStore notification actions should add notification","invocations":1,"location":null,"numPassingAsserts":3,"retryReasons":[],"status":"passed","title":"should add notification"},{"ancestorTitles":["useUIStore","notification actions"],"duration":4,"failureDetails":[],"failureMessages":[],"fullName":"useUIStore notification actions should add notification with custom duration","invocations":1,"location":null,"numPassingAsserts":1,"retryReasons":[],"status":"passed","title":"should add notification with custom duration"},{"ancestorTitles":["useUIStore","notification actions"],"duration":3,"failureDetails":[],"failureMessages":[],"fullName":"useUIStore notification actions should remove notification by id","invocations":1,"location":null,"numPassingAsserts":2,"retryReasons":[],"status":"passed","title":"should remove notification by id"},{"ancestorTitles":["useUIStore","notification actions"],"duration":20,"failureDetails":[],"failureMessages":[],"fullName":"useUIStore notification actions should clear all notifications","invocations":1,"location":null,"numPassingAsserts":1,"retryReasons":[],"status":"passed","title":"should clear all notifications"}],"endTime":1765974256326,"message":"","name":"/home/alex/users/bob/hak/packages/frontend/src/features/ui/store.test.ts","startTime":1765974255986,"status":"passed","summary":""},{"assertionResults":[{"ancestorTitles":["Tasks API","setAuthTokenGetter"],"duration":22,"failureDetails":[],"failureMessages":[],"fullName":"Tasks API setAuthTokenGetter should set auth token getter","invocations":1,"location":null,"numPassingAsserts":1,"retryReasons":[],"status":"passed","title":"should set auth token getter"},{"ancestorTitles":["Tasks API","createTask"],"duration":3,"failureDetails":[],"failureMessages":[],"fullName":"Tasks API createTask should create a new task","invocations":1,"location":null,"numPassingAsserts":2,"retryReasons":[],"status":"passed","title":"should create a new task"},{"ancestorTitles":["Tasks API","createTask"],"duration":3,"failureDetails":[],"failureMessages":[],"fullName":"Tasks API createTask should return error on failure","invocations":1,"location":null,"numPassingAsserts":1,"retryReasons":[],"status":"passed","title":"should return error on failure"},{"ancestorTitles":["Tasks API","getTask"],"duration":3,"failureDetails":[],"failureMessages":[],"fullName":"Tasks API getTask should get a task by id","invocations":1,"location":null,"numPassingAsserts":2,"retryReasons":[],"status":"passed","title":"should get a task by id"},{"ancestorTitles":["Tasks API","listTasks"],"duration":6,"failureDetails":[],"failureMessages":[],"fullName":"Tasks API listTasks should list all tasks for user","invocations":1,"location":null,"numPassingAsserts":2,"retryReasons":[],"status":"passed","title":"should list all tasks for user"},{"ancestorTitles":["Tasks API","listTasks"],"duration":1,"failureDetails":[],"failureMessages":[],"fullName":"Tasks API listTasks should return error on failure","invocations":1,"location":null,"numPassingAsserts":1,"retryReasons":[],"status":"passed","title":"should return error on failure"},{"ancestorTitles":["Tasks API","updateTask"],"duration":2,"failureDetails":[],"failureMessages":[],"fullName":"Tasks API updateTask should update an existing task","invocations":1,"location":null,"numPassingAsserts":1,"retryReasons":[],"status":"passed","title":"should update an existing task"},{"ancestorTitles":["Tasks API","updateTask"],"duration":1,"failureDetails":[],"failureMessages":[],"fullName":"Tasks API updateTask should return error if task not found","invocations":1,"location":null,"numPassingAsserts":1,"retryReasons":[],"status":"passed","title":"should return error if task not found"},{"ancestorTitles":["Tasks API","deleteTask"],"duration":2,"failureDetails":[],"failureMessages":[],"fullName":"Tasks API deleteTask should delete a task","invocations":1,"location":null,"numPassingAsserts":2,"retryReasons":[],"status":"passed","title":"should delete a task"},{"ancestorTitles":["Tasks API","addEntryToTask"],"duration":1,"failureDetails":[],"failureMessages":[],"fullName":"Tasks API addEntryToTask should add entry to existing task","invocations":1,"location":null,"numPassingAsserts":1,"retryReasons":[],"status":"passed","title":"should add entry to existing task"},{"ancestorTitles":["Tasks API","addEntryToTask"],"duration":7,"failureDetails":[],"failureMessages":[],"fullName":"Tasks API addEntryToTask should return error if task not found","invocations":1,"location":null,"numPassingAsserts":1,"retryReasons":[],"status":"passed","title":"should return error if task not found"}],"endTime":1765974256483,"message":"","name":"/home/alex/users/bob/hak/packages/frontend/src/services/tasks/api.test.ts","startTime":1765974256074,"status":"passed","summary":""},{"assertionResults":[{"ancestorTitles":["generateCacheKey"],"duration":11,"failureDetails":[],"failureMessages":[],"fullName":"generateCacheKey generates consistent key for same input","invocations":1,"location":null,"numPassingAsserts":1,"retryReasons":[],"status":"passed","title":"generates consistent key for same input"},{"ancestorTitles":["generateCacheKey"],"duration":1,"failureDetails":[],"failureMessages":[],"fullName":"generateCacheKey generates different key for different voice","invocations":1,"location":null,"numPassingAsserts":1,"retryReasons":[],"status":"passed","title":"generates different key for different voice"},{"ancestorTitles":["generateCacheKey"],"duration":2,"failureDetails":[],"failureMessages":[],"fullName":"generateCacheKey generates different key for different text","invocations":1,"location":null,"numPassingAsserts":1,"retryReasons":[],"status":"passed","title":"generates different key for different text"},{"ancestorTitles":["generateCacheKey"],"duration":1,"failureDetails":[],"failureMessages":[],"fullName":"generateCacheKey includes version prefix","invocations":1,"location":null,"numPassingAsserts":1,"retryReasons":[],"status":"passed","title":"includes version prefix"},{"ancestorTitles":["generateCacheKey"],"duration":1,"failureDetails":[],"failureMessages":[],"fullName":"generateCacheKey includes voice model","invocations":1,"location":null,"numPassingAsserts":1,"retryReasons":[],"status":"passed","title":"includes voice model"},{"ancestorTitles":["toPhoneticText"],"duration":1,"failureDetails":[],"failureMessages":[],"fullName":"toPhoneticText joins words with spaces","invocations":1,"location":null,"numPassingAsserts":1,"retryReasons":[],"status":"passed","title":"joins words with spaces"},{"ancestorTitles":["toPhoneticText"],"duration":1,"failureDetails":[],"failureMessages":[],"fullName":"toPhoneticText handles single word","invocations":1,"location":null,"numPassingAsserts":1,"retryReasons":[],"status":"passed","title":"handles single word"},{"ancestorTitles":["toPhoneticText"],"duration":1,"failureDetails":[],"failureMessages":[],"fullName":"toPhoneticText handles empty response","invocations":1,"location":null,"numPassingAsserts":1,"retryReasons":[],"status":"passed","title":"handles empty response"}],"endTime":1765974256544,"message":"","name":"/home/alex/users/bob/hak/packages/frontend/src/services/audio/synthesis.test.ts","startTime":1765974256300,"status":"passed","summary":""},{"assertionResults":[{"ancestorTitles":["Vabamorf","analyzeText"],"duration":3,"failureDetails":[],"failureMessages":[],"fullName":"Vabamorf analyzeText should analyze text and return word analysis","invocations":1,"location":null,"numPassingAsserts":5,"retryReasons":[],"status":"passed","title":"should analyze text and return word analysis"},{"ancestorTitles":["Vabamorf","toPhoneticText"],"duration":1,"failureDetails":[],"failureMessages":[],"fullName":"Vabamorf toPhoneticText should convert response to phonetic text","invocations":1,"location":null,"numPassingAsserts":1,"retryReasons":[],"status":"passed","title":"should convert response to phonetic text"},{"ancestorTitles":["Vabamorf","toPhoneticText"],"duration":0,"failureDetails":[],"failureMessages":[],"fullName":"Vabamorf toPhoneticText should handle empty words array","invocations":1,"location":null,"numPassingAsserts":1,"retryReasons":[],"status":"passed","title":"should handle empty words array"},{"ancestorTitles":["Vabamorf","getWordVariants"],"duration":0,"failureDetails":[],"failureMessages":[],"fullName":"Vabamorf getWordVariants should return word variants if available","invocations":1,"location":null,"numPassingAsserts":1,"retryReasons":[],"status":"passed","title":"should return word variants if available"},{"ancestorTitles":["Vabamorf","getWordVariants"],"duration":1,"failureDetails":[],"failureMessages":[],"fullName":"Vabamorf getWordVariants should return default variant if no variants","invocations":1,"location":null,"numPassingAsserts":2,"retryReasons":[],"status":"passed","title":"should return default variant if no variants"},{"ancestorTitles":["Vabamorf","getWordVariants"],"duration":2,"failureDetails":[],"failureMessages":[],"fullName":"Vabamorf getWordVariants should return empty array for invalid index","invocations":1,"location":null,"numPassingAsserts":1,"retryReasons":[],"status":"passed","title":"should return empty array for invalid index"}],"endTime":1765974256572,"message":"","name":"/home/alex/users/bob/hak/packages/frontend/src/services/audio/vabamorf.test.ts","startTime":1765974256188,"status":"passed","summary":""},{"assertionResults":[{"ancestorTitles":["AuthStorage","getUser"],"duration":6,"failureDetails":[],"failureMessages":[],"fullName":"AuthStorage getUser should return null when no user stored","invocations":1,"location":null,"numPassingAsserts":1,"retryReasons":[],"status":"passed","title":"should return null when no user stored"},{"ancestorTitles":["AuthStorage","getUser"],"duration":3,"failureDetails":[],"failureMessages":[],"fullName":"AuthStorage getUser should return stored user","invocations":1,"location":null,"numPassingAsserts":1,"retryReasons":[],"status":"passed","title":"should return stored user"},{"ancestorTitles":["AuthStorage","getUser"],"duration":2,"failureDetails":[],"failureMessages":[],"fullName":"AuthStorage getUser should return null and clear storage on invalid JSON","invocations":1,"location":null,"numPassingAsserts":2,"retryReasons":[],"status":"passed","title":"should return null and clear storage on invalid JSON"},{"ancestorTitles":["AuthStorage","setUser"],"duration":9,"failureDetails":[],"failureMessages":[],"fullName":"AuthStorage setUser should store user in localStorage","invocations":1,"location":null,"numPassingAsserts":1,"retryReasons":[],"status":"passed","title":"should store user in localStorage"},{"ancestorTitles":["AuthStorage","clear"],"duration":1,"failureDetails":[],"failureMessages":[],"fullName":"AuthStorage clear should remove user from localStorage","invocations":1,"location":null,"numPassingAsserts":1,"retryReasons":[],"status":"passed","title":"should remove user from localStorage"}],"endTime":1765974256599,"message":"","name":"/home/alex/users/bob/hak/packages/frontend/src/services/auth/storage.test.ts","startTime":1765974256307,"status":"passed","summary":""},{"assertionResults":[{"ancestorTitles":["useSynthesisAudioStore"],"duration":3,"failureDetails":[],"failureMessages":[],"fullName":"useSynthesisAudioStore should set result","invocations":1,"location":null,"numPassingAsserts":1,"retryReasons":[],"status":"passed","title":"should set result"},{"ancestorTitles":["useSynthesisAudioStore"],"duration":4,"failureDetails":[],"failureMessages":[],"fullName":"useSynthesisAudioStore should set audio element","invocations":1,"location":null,"numPassingAsserts":1,"retryReasons":[],"status":"passed","title":"should set audio element"},{"ancestorTitles":["useSynthesisAudioStore"],"duration":3,"failureDetails":[],"failureMessages":[],"fullName":"useSynthesisAudioStore should set isPlaying","invocations":1,"location":null,"numPassingAsserts":1,"retryReasons":[],"status":"passed","title":"should set isPlaying"},{"ancestorTitles":["useSynthesisAudioStore"],"duration":3,"failureDetails":[],"failureMessages":[],"fullName":"useSynthesisAudioStore should reset audio to initial state","invocations":1,"location":null,"numPassingAsserts":3,"retryReasons":[],"status":"passed","title":"should reset audio to initial state"}],"endTime":1765974256706,"message":"","name":"/home/alex/users/bob/hak/packages/frontend/src/features/synthesis/audioStore.test.ts","startTime":1765974256374,"status":"passed","summary":""},{"assertionResults":[{"ancestorTitles":["SynthesisEntrySchema"],"duration":17,"failureDetails":[],"failureMessages":[],"fullName":"SynthesisEntrySchema validates correct entry","invocations":1,"location":null,"numPassingAsserts":1,"retryReasons":[],"status":"passed","title":"validates correct entry"},{"ancestorTitles":["SynthesisEntrySchema"],"duration":33,"failureDetails":[],"failureMessages":[],"fullName":"SynthesisEntrySchema rejects invalid voiceModel","invocations":1,"location":null,"numPassingAsserts":1,"retryReasons":[],"status":"passed","title":"rejects invalid voiceModel"},{"ancestorTitles":["CreateTaskRequestSchema"],"duration":3,"failureDetails":[],"failureMessages":[],"fullName":"CreateTaskRequestSchema validates correct request","invocations":1,"location":null,"numPassingAsserts":1,"retryReasons":[],"status":"passed","title":"validates correct request"},{"ancestorTitles":["CreateTaskRequestSchema"],"duration":1,"failureDetails":[],"failureMessages":[],"fullName":"CreateTaskRequestSchema validates with description","invocations":1,"location":null,"numPassingAsserts":1,"retryReasons":[],"status":"passed","title":"validates with description"},{"ancestorTitles":["CreateTaskRequestSchema"],"duration":2,"failureDetails":[],"failureMessages":[],"fullName":"CreateTaskRequestSchema rejects empty name","invocations":1,"location":null,"numPassingAsserts":1,"retryReasons":[],"status":"passed","title":"rejects empty name"},{"ancestorTitles":["ApiResponseSchema"],"duration":3,"failureDetails":[],"failureMessages":[],"fullName":"ApiResponseSchema creates schema for string data","invocations":1,"location":null,"numPassingAsserts":2,"retryReasons":[],"status":"passed","title":"creates schema for string data"},{"ancestorTitles":["ApiResponseSchema"],"duration":2,"failureDetails":[],"failureMessages":[],"fullName":"ApiResponseSchema validates error response","invocations":1,"location":null,"numPassingAsserts":2,"retryReasons":[],"status":"passed","title":"validates error response"}],"endTime":1765974256696,"message":"","name":"/home/alex/users/bob/hak/packages/frontend/src/core/schemas.test.ts","startTime":1765974256267,"status":"passed","summary":""},{"assertionResults":[{"ancestorTitles":["AddToTaskButton"],"duration":16,"failureDetails":[],"failureMessages":[],"fullName":"AddToTaskButton should not render when no result","invocations":1,"location":null,"numPassingAsserts":1,"retryReasons":[],"status":"passed","title":"should not render when no result"},{"ancestorTitles":["AddToTaskButton"],"duration":15,"failureDetails":[],"failureMessages":[],"fullName":"AddToTaskButton should render button when result exists","invocations":1,"location":null,"numPassingAsserts":1,"retryReasons":[],"status":"passed","title":"should render button when result exists"},{"ancestorTitles":["AddToTaskButton"],"duration":10,"failureDetails":[],"failureMessages":[],"fullName":"AddToTaskButton should open task select modal on click","invocations":1,"location":null,"numPassingAsserts":1,"retryReasons":[],"status":"passed","title":"should open task select modal on click"},{"ancestorTitles":["AddToTaskButton"],"duration":13,"failureDetails":[],"failureMessages":[],"fullName":"AddToTaskButton should apply custom className","invocations":1,"location":null,"numPassingAsserts":1,"retryReasons":[],"status":"passed","title":"should apply custom className"}],"endTime":1765974256717,"message":"","name":"/home/alex/users/bob/hak/packages/frontend/src/components/tasks/AddToTaskButton.test.tsx","startTime":1765974256282,"status":"passed","summary":""},{"assertionResults":[{"ancestorTitles":["useSynthesisTextStore"],"duration":2,"failureDetails":[],"failureMessages":[],"fullName":"useSynthesisTextStore should set text","invocations":1,"location":null,"numPassingAsserts":1,"retryReasons":[],"status":"passed","title":"should set text"},{"ancestorTitles":["useSynthesisTextStore"],"duration":1,"failureDetails":[],"failureMessages":[],"fullName":"useSynthesisTextStore should set phonetic text","invocations":1,"location":null,"numPassingAsserts":1,"retryReasons":[],"status":"passed","title":"should set phonetic text"},{"ancestorTitles":["useSynthesisTextStore"],"duration":1,"failureDetails":[],"failureMessages":[],"fullName":"useSynthesisTextStore should reset text to initial state","invocations":1,"location":null,"numPassingAsserts":2,"retryReasons":[],"status":"passed","title":"should reset text to initial state"}],"endTime":1765974256836,"message":"","name":"/home/alex/users/bob/hak/packages/frontend/src/features/synthesis/textStore.test.ts","startTime":1765974256570,"status":"passed","summary":""},{"assertionResults":[{"ancestorTitles":["colors"],"duration":39,"failureDetails":[],"failureMessages":[],"fullName":"colors should export primary color","invocations":1,"location":null,"numPassingAsserts":1,"retryReasons":[],"status":"passed","title":"should export primary color"},{"ancestorTitles":["colors"],"duration":1,"failureDetails":[],"failureMessages":[],"fullName":"colors should export secondary color","invocations":1,"location":null,"numPassingAsserts":1,"retryReasons":[],"status":"passed","title":"should export secondary color"},{"ancestorTitles":["colors"],"duration":6,"failureDetails":[],"failureMessages":[],"fullName":"colors should export all required colors","invocations":1,"location":null,"numPassingAsserts":10,"retryReasons":[],"status":"passed","title":"should export all required colors"}],"endTime":1765974256913,"message":"","name":"/home/alex/users/bob/hak/packages/frontend/src/styles/colors.test.ts","startTime":1765974256660,"status":"passed","summary":""},{"assertionResults":[{"ancestorTitles":["Audio Cache","getCachedAudio"],"duration":3,"failureDetails":[],"failureMessages":[],"fullName":"Audio Cache getCachedAudio should return cached audio entry","invocations":1,"location":null,"numPassingAsserts":2,"retryReasons":[],"status":"passed","title":"should return cached audio entry"},{"ancestorTitles":["Audio Cache","getCachedAudio"],"duration":2,"failureDetails":[],"failureMessages":[],"fullName":"Audio Cache getCachedAudio should return null on 404","invocations":1,"location":null,"numPassingAsserts":1,"retryReasons":[],"status":"passed","title":"should return null on 404"},{"ancestorTitles":["Audio Cache","getCachedAudio"],"duration":1,"failureDetails":[],"failureMessages":[],"fullName":"Audio Cache getCachedAudio should return null on other errors","invocations":1,"location":null,"numPassingAsserts":1,"retryReasons":[],"status":"passed","title":"should return null on other errors"},{"ancestorTitles":["Audio Cache","cacheAudio"],"duration":1,"failureDetails":[],"failureMessages":[],"fullName":"Audio Cache cacheAudio should cache audio with default TTL","invocations":1,"location":null,"numPassingAsserts":1,"retryReasons":[],"status":"passed","title":"should cache audio with default TTL"},{"ancestorTitles":["Audio Cache","cacheAudio"],"duration":0,"failureDetails":[],"failureMessages":[],"fullName":"Audio Cache cacheAudio should cache audio with custom TTL","invocations":1,"location":null,"numPassingAsserts":1,"retryReasons":[],"status":"passed","title":"should cache audio with custom TTL"},{"ancestorTitles":["Audio Cache","generateCacheKey"],"duration":7,"failureDetails":[],"failureMessages":[],"fullName":"Audio Cache generateCacheKey should generate cache key with default version","invocations":1,"location":null,"numPassingAsserts":1,"retryReasons":[],"status":"passed","title":"should generate cache key with default version"},{"ancestorTitles":["Audio Cache","generateCacheKey"],"duration":4,"failureDetails":[],"failureMessages":[],"fullName":"Audio Cache generateCacheKey should generate cache key with custom version","invocations":1,"location":null,"numPassingAsserts":1,"retryReasons":[],"status":"passed","title":"should generate cache key with custom version"},{"ancestorTitles":["Audio Cache","generateCacheKey"],"duration":1,"failureDetails":[],"failureMessages":[],"fullName":"Audio Cache generateCacheKey should generate different keys for different texts","invocations":1,"location":null,"numPassingAsserts":1,"retryReasons":[],"status":"passed","title":"should generate different keys for different texts"}],"endTime":1765974256970,"message":"","name":"/home/alex/users/bob/hak/packages/frontend/src/services/audio/cache.test.ts","startTime":1765974256589,"status":"passed","summary":""},{"assertionResults":[{"ancestorTitles":["keys","buildUserPK"],"duration":2,"failureDetails":[],"failureMessages":[],"fullName":"keys buildUserPK should build user partition key with USER# prefix","invocations":1,"location":null,"numPassingAsserts":1,"retryReasons":[],"status":"passed","title":"should build user partition key with USER# prefix"},{"ancestorTitles":["keys","buildUserPK"],"duration":0,"failureDetails":[],"failureMessages":[],"fullName":"keys buildUserPK should handle empty userId","invocations":1,"location":null,"numPassingAsserts":1,"retryReasons":[],"status":"passed","title":"should handle empty userId"},{"ancestorTitles":["keys","buildTaskSK"],"duration":1,"failureDetails":[],"failureMessages":[],"fullName":"keys buildTaskSK should build task sort key with TASK# prefix","invocations":1,"location":null,"numPassingAsserts":1,"retryReasons":[],"status":"passed","title":"should build task sort key with TASK# prefix"},{"ancestorTitles":["keys","buildTaskSK"],"duration":0,"failureDetails":[],"failureMessages":[],"fullName":"keys buildTaskSK should handle empty taskId","invocations":1,"location":null,"numPassingAsserts":1,"retryReasons":[],"status":"passed","title":"should handle empty taskId"},{"ancestorTitles":["keys","TASK_SK_PREFIX"],"duration":1,"failureDetails":[],"failureMessages":[],"fullName":"keys TASK_SK_PREFIX should be TASK#","invocations":1,"location":null,"numPassingAsserts":1,"retryReasons":[],"status":"passed","title":"should be TASK#"}],"endTime":1765974257028,"message":"","name":"/home/alex/users/bob/hak/packages/frontend/src/services/tasks/keys.test.ts","startTime":1765974256742,"status":"passed","summary":""},{"assertionResults":[{"ancestorTitles":["useSynthesisStore"],"duration":1,"failureDetails":[],"failureMessages":[],"fullName":"useSynthesisStore should set text","invocations":1,"location":null,"numPassingAsserts":1,"retryReasons":[],"status":"passed","title":"should set text"},{"ancestorTitles":["useSynthesisStore"],"duration":0,"failureDetails":[],"failureMessages":[],"fullName":"useSynthesisStore should set phonetic text","invocations":1,"location":null,"numPassingAsserts":1,"retryReasons":[],"status":"passed","title":"should set phonetic text"},{"ancestorTitles":["useSynthesisStore"],"duration":0,"failureDetails":[],"failureMessages":[],"fullName":"useSynthesisStore should set loading state","invocations":1,"location":null,"numPassingAsserts":1,"retryReasons":[],"status":"passed","title":"should set loading state"},{"ancestorTitles":["useSynthesisStore"],"duration":1,"failureDetails":[],"failureMessages":[],"fullName":"useSynthesisStore should set error","invocations":1,"location":null,"numPassingAsserts":1,"retryReasons":[],"status":"passed","title":"should set error"},{"ancestorTitles":["useSynthesisStore"],"duration":1,"failureDetails":[],"failureMessages":[],"fullName":"useSynthesisStore should set result and update phonetic text","invocations":1,"location":null,"numPassingAsserts":2,"retryReasons":[],"status":"passed","title":"should set result and update phonetic text"},{"ancestorTitles":["useSynthesisStore"],"duration":1,"failureDetails":[],"failureMessages":[],"fullName":"useSynthesisStore should set result without phonetic text","invocations":1,"location":null,"numPassingAsserts":1,"retryReasons":[],"status":"passed","title":"should set result without phonetic text"},{"ancestorTitles":["useSynthesisStore"],"duration":2,"failureDetails":[],"failureMessages":[],"fullName":"useSynthesisStore should set audio element","invocations":1,"location":null,"numPassingAsserts":1,"retryReasons":[],"status":"passed","title":"should set audio element"},{"ancestorTitles":["useSynthesisStore"],"duration":1,"failureDetails":[],"failureMessages":[],"fullName":"useSynthesisStore should set isPlaying","invocations":1,"location":null,"numPassingAsserts":1,"retryReasons":[],"status":"passed","title":"should set isPlaying"},{"ancestorTitles":["useSynthesisStore"],"duration":22,"failureDetails":[],"failureMessages":[],"fullName":"useSynthesisStore should reset to initial state","invocations":1,"location":null,"numPassingAsserts":7,"retryReasons":[],"status":"passed","title":"should reset to initial state"}],"endTime":1765974257064,"message":"","name":"/home/alex/users/bob/hak/packages/frontend/src/features/synthesis/store.test.ts","startTime":1765974256604,"status":"passed","summary":""},{"assertionResults":[{"ancestorTitles":["Hello module","greet"],"duration":1,"failureDetails":[],"failureMessages":[],"fullName":"Hello module greet should greet by name","invocations":1,"location":null,"numPassingAsserts":1,"retryReasons":[],"status":"passed","title":"should greet by name"},{"ancestorTitles":["Hello module","greet"],"duration":0,"failureDetails":[],"failureMessages":[],"fullName":"Hello module greet should greet Alex","invocations":1,"location":null,"numPassingAsserts":1,"retryReasons":[],"status":"passed","title":"should greet Alex"},{"ancestorTitles":["Hello module","greet"],"duration":8,"failureDetails":[],"failureMessages":[],"fullName":"Hello module greet should throw on empty name","invocations":1,"location":null,"numPassingAsserts":1,"retryReasons":[],"status":"passed","title":"should throw on empty name"},{"ancestorTitles":["Hello module","add"],"duration":1,"failureDetails":[],"failureMessages":[],"fullName":"Hello module add should add two numbers","invocations":1,"location":null,"numPassingAsserts":1,"retryReasons":[],"status":"passed","title":"should add two numbers"},{"ancestorTitles":["Hello module","add"],"duration":0,"failureDetails":[],"failureMessages":[],"fullName":"Hello module add should handle negatives","invocations":1,"location":null,"numPassingAsserts":1,"retryReasons":[],"status":"passed","title":"should handle negatives"}],"endTime":1765974257069,"message":"","name":"/home/alex/users/bob/hak/test/hello.test.js","startTime":1765974256757,"status":"passed","summary":""},{"assertionResults":[{"ancestorTitles":["useTasksStore","task actions"],"duration":3,"failureDetails":[],"failureMessages":[],"fullName":"useTasksStore task actions should set tasks","invocations":1,"location":null,"numPassingAsserts":1,"retryReasons":[],"status":"passed","title":"should set tasks"},{"ancestorTitles":["useTasksStore","task actions"],"duration":1,"failureDetails":[],"failureMessages":[],"fullName":"useTasksStore task actions should add task","invocations":1,"location":null,"numPassingAsserts":1,"retryReasons":[],"status":"passed","title":"should add task"},{"ancestorTitles":["useTasksStore","task actions"],"duration":1,"failureDetails":[],"failureMessages":[],"fullName":"useTasksStore task actions should update task","invocations":1,"location":null,"numPassingAsserts":1,"retryReasons":[],"status":"passed","title":"should update task"},{"ancestorTitles":["useTasksStore","task actions"],"duration":1,"failureDetails":[],"failureMessages":[],"fullName":"useTasksStore task actions should not update non-existent task","invocations":1,"location":null,"numPassingAsserts":1,"retryReasons":[],"status":"passed","title":"should not update non-existent task"},{"ancestorTitles":["useTasksStore","task actions"],"duration":0,"failureDetails":[],"failureMessages":[],"fullName":"useTasksStore task actions should remove task","invocations":1,"location":null,"numPassingAsserts":1,"retryReasons":[],"status":"passed","title":"should remove task"},{"ancestorTitles":["useTasksStore","selection actions"],"duration":2,"failureDetails":[],"failureMessages":[],"fullName":"useTasksStore selection actions should select task","invocations":1,"location":null,"numPassingAsserts":1,"retryReasons":[],"status":"passed","title":"should select task"},{"ancestorTitles":["useTasksStore","selection actions"],"duration":2,"failureDetails":[],"failureMessages":[],"fullName":"useTasksStore selection actions should deselect task","invocations":1,"location":null,"numPassingAsserts":1,"retryReasons":[],"status":"passed","title":"should deselect task"},{"ancestorTitles":["useTasksStore","loading and error states"],"duration":1,"failureDetails":[],"failureMessages":[],"fullName":"useTasksStore loading and error states should set loading","invocations":1,"location":null,"numPassingAsserts":1,"retryReasons":[],"status":"passed","title":"should set loading"},{"ancestorTitles":["useTasksStore","loading and error states"],"duration":0,"failureDetails":[],"failureMessages":[],"fullName":"useTasksStore loading and error states should set error","invocations":1,"location":null,"numPassingAsserts":1,"retryReasons":[],"status":"passed","title":"should set error"},{"ancestorTitles":["useTasksStore","loading and error states"],"duration":1,"failureDetails":[],"failureMessages":[],"fullName":"useTasksStore loading and error states should reset to initial state","invocations":1,"location":null,"numPassingAsserts":4,"retryReasons":[],"status":"passed","title":"should reset to initial state"},{"ancestorTitles":["getSelectedTask"],"duration":2,"failureDetails":[],"failureMessages":[],"fullName":"getSelectedTask should return null when no task selected","invocations":1,"location":null,"numPassingAsserts":1,"retryReasons":[],"status":"passed","title":"should return null when no task selected"},{"ancestorTitles":["getSelectedTask"],"duration":3,"failureDetails":[],"failureMessages":[],"fullName":"getSelectedTask should return selected task","invocations":1,"location":null,"numPassingAsserts":1,"retryReasons":[],"status":"passed","title":"should return selected task"},{"ancestorTitles":["getSelectedTask"],"duration":0,"failureDetails":[],"failureMessages":[],"fullName":"getSelectedTask should return null when selected task not found","invocations":1,"location":null,"numPassingAsserts":1,"retryReasons":[],"status":"passed","title":"should return null when selected task not found"}],"endTime":1765974257076,"message":"","name":"/home/alex/users/bob/hak/packages/frontend/src/features/tasks/store.test.ts","startTime":1765974256770,"status":"passed","summary":""},{"assertionResults":[],"coverage":{},"endTime":1765974257246,"message":"  ● Test suite failed to run\n\n    Jest encountered an unexpected token\n\n    Jest failed to parse a file. This happens e.g. when your code or its dependencies use non-standard JavaScript syntax, or when Jest is not configured to support such syntax.\n\n    Out of the box Jest supports Babel, which will be used to transform your files into valid JS based on your Babel configuration.\n\n    By default \"node_modules\" folder is ignored by transformers.\n\n    Here's what you can do:\n     • If you are trying to use ECMAScript Modules, see https://jestjs.io/docs/ecmascript-modules for how to enable it.\n     • If you are trying to use TypeScript, see https://jestjs.io/docs/getting-started#using-typescript\n     • To have some of your \"node_modules\" files transformed, you can specify a custom \"transformIgnorePatterns\" in your config.\n     • If you need a custom transformation specify a \"transform\" option in your config.\n     • If you simply want to mock your non-JS modules (e.g. binary assets) you can stub them out with the \"moduleNameMapper\" config option.\n\n    You'll find more details and examples of these config options in the docs:\n    https://jestjs.io/docs/configuration\n    For information about custom transformations, see:\n    https://jestjs.io/docs/code-transformation\n\n    Details:\n\n    /home/alex/users/bob/hak/packages/frontend/src/services/config.ts:7\n    const isProd = import.meta.env.PROD;\n                          ^^^^\n\n    SyntaxError: Cannot use 'import.meta' outside a module\n\n      1 | import type { VabamorfResponse } from './types';\n      2 | import { httpPost } from '../http';\n    > 3 | import { API_CONFIG } from '../config';\n        | ^\n      4 |\n      5 | interface EkiVabamorfResponse {\n      6 |   stressedText: string;\n\n      at Runtime.createScriptFromCode (node_modules/.pnpm/jest-runtime@29.7.0/node_modules/jest-runtime/build/index.js:1505:14)\n      at Object.require (packages/frontend/src/services/audio/vabamorf.ts:3:1)\n      at Object.require (packages/frontend/src/services/audio/synthesis.ts:2:1)\n      at Object.require (packages/frontend/src/services/audio/synthesis.integration.test.ts:1:1)\n","name":"/home/alex/users/bob/hak/packages/frontend/src/services/audio/synthesis.integration.test.ts","startTime":1765974257246,"status":"failed","summary":""}],"wasInterrupted":false}
