{"numFailedTestSuites":32,"numFailedTests":0,"numPassedTestSuites":0,"numPassedTests":0,"numPendingTestSuites":0,"numPendingTests":0,"numRuntimeErrorTestSuites":32,"numTodoTests":0,"numTotalTestSuites":32,"numTotalTests":0,"openHandles":[],"snapshot":{"added":0,"didUpdate":false,"failure":false,"filesAdded":0,"filesRemoved":0,"filesRemovedList":[],"filesUnmatched":0,"filesUpdated":0,"matched":0,"total":0,"unchecked":0,"uncheckedKeysByFile":[],"unmatched":0,"updated":0},"startTime":1765976814511,"success":false,"testResults":[{"assertionResults":[],"coverage":{},"endTime":1765976818748,"message":"  ● Test suite failed to run\n\n    SecurityError: localStorage is not available for opaque origins\n","name":"/home/alex/users/bob/hak/packages/frontend/src/services/audio/vabamorf.test.ts","startTime":1765976818748,"status":"failed","summary":""},{"assertionResults":[],"coverage":{},"endTime":1765976818748,"message":"  ● Test suite failed to run\n\n    SecurityError: localStorage is not available for opaque origins\n","name":"/home/alex/users/bob/hak/packages/frontend/src/services/audio/synthesis.test.ts","startTime":1765976818748,"status":"failed","summary":""},{"assertionResults":[],"coverage":{},"endTime":1765976818748,"message":"  ● Test suite failed to run\n\n    SecurityError: localStorage is not available for opaque origins\n","name":"/home/alex/users/bob/hak/packages/frontend/src/services/tasks/keys.test.ts","startTime":1765976818748,"status":"failed","summary":""},{"assertionResults":[],"coverage":{},"endTime":1765976818748,"message":"  ● Test suite failed to run\n\n    SecurityError: localStorage is not available for opaque origins\n","name":"/home/alex/users/bob/hak/packages/frontend/src/services/audio/synthesis.integration.test.ts","startTime":1765976818748,"status":"failed","summary":""},{"assertionResults":[],"coverage":{},"endTime":1765976818748,"message":"  ● Test suite failed to run\n\n    SecurityError: localStorage is not available for opaque origins\n","name":"/home/alex/users/bob/hak/packages/frontend/src/features/ui/store.test.ts","startTime":1765976818748,"status":"failed","summary":""},{"assertionResults":[],"coverage":{},"endTime":1765976818748,"message":"  ● Test suite failed to run\n\n    SecurityError: localStorage is not available for opaque origins\n","name":"/home/alex/users/bob/hak/packages/frontend/src/services/audio/cache.test.ts","startTime":1765976818748,"status":"failed","summary":""},{"assertionResults":[],"coverage":{},"endTime":1765976818748,"message":"  ● Test suite failed to run\n\n    SecurityError: localStorage is not available for opaque origins\n","name":"/home/alex/users/bob/hak/packages/frontend/src/features/tasks/store.test.ts","startTime":1765976818748,"status":"failed","summary":""},{"assertionResults":[],"coverage":{},"endTime":1765976818748,"message":"  ● Test suite failed to run\n\n    SecurityError: localStorage is not available for opaque origins\n","name":"/home/alex/users/bob/hak/packages/frontend/src/features/synthesis/store.test.ts","startTime":1765976818748,"status":"failed","summary":""},{"assertionResults":[],"coverage":{},"endTime":1765976818748,"message":"  ● Test suite failed to run\n\n    SecurityError: localStorage is not available for opaque origins\n","name":"/home/alex/users/bob/hak/packages/frontend/src/features/synthesis/audioStore.test.ts","startTime":1765976818748,"status":"failed","summary":""},{"assertionResults":[],"coverage":{},"endTime":1765976818748,"message":"  ● Test suite failed to run\n\n    SecurityError: localStorage is not available for opaque origins\n","name":"/home/alex/users/bob/hak/packages/frontend/src/features/synthesis/textStore.test.ts","startTime":1765976818748,"status":"failed","summary":""},{"assertionResults":[],"coverage":{},"endTime":1765976818748,"message":"  ● Test suite failed to run\n\n    SecurityError: localStorage is not available for opaque origins\n","name":"/home/alex/users/bob/hak/packages/frontend/src/components/ui/Notification.test.tsx","startTime":1765976818748,"status":"failed","summary":""},{"assertionResults":[],"coverage":{},"endTime":1765976818748,"message":"  ● Test suite failed to run\n\n    SecurityError: localStorage is not available for opaque origins\n","name":"/home/alex/users/bob/hak/packages/frontend/src/components/tasks/AddToTaskButton.test.tsx","startTime":1765976818748,"status":"failed","summary":""},{"assertionResults":[],"coverage":{},"endTime":1765976818748,"message":"  ● Test suite failed to run\n\n    SecurityError: localStorage is not available for opaque origins\n","name":"/home/alex/users/bob/hak/packages/frontend/src/components/ui/Modal.test.tsx","startTime":1765976818748,"status":"failed","summary":""},{"assertionResults":[],"coverage":{},"endTime":1765976818748,"message":"  ● Test suite failed to run\n\n    SecurityError: localStorage is not available for opaque origins\n","name":"/home/alex/users/bob/hak/packages/frontend/src/services/tasks/api.test.ts","startTime":1765976818748,"status":"failed","summary":""},{"assertionResults":[],"coverage":{},"endTime":1765976818748,"message":"  ● Test suite failed to run\n\n    SecurityError: localStorage is not available for opaque origins\n","name":"/home/alex/users/bob/hak/packages/frontend/src/components/synthesis/AudioPlayer.test.tsx","startTime":1765976818748,"status":"failed","summary":""},{"assertionResults":[],"coverage":{},"endTime":1765976818748,"message":"  ● Test suite failed to run\n\n    SecurityError: localStorage is not available for opaque origins\n","name":"/home/alex/users/bob/hak/packages/frontend/src/components/synthesis/StressedText.test.tsx","startTime":1765976818748,"status":"failed","summary":""},{"assertionResults":[],"coverage":{},"endTime":1765976818748,"message":"  ● Test suite failed to run\n\n    SecurityError: localStorage is not available for opaque origins\n","name":"/home/alex/users/bob/hak/packages/frontend/src/components/synthesis/TextInput.test.tsx","startTime":1765976818748,"status":"failed","summary":""},{"assertionResults":[],"coverage":{},"endTime":1765976818748,"message":"  ● Test suite failed to run\n\n    SecurityError: localStorage is not available for opaque origins\n","name":"/home/alex/users/bob/hak/packages/frontend/src/components/layout/Footer.test.tsx","startTime":1765976818748,"status":"failed","summary":""},{"assertionResults":[],"coverage":{},"endTime":1765976818748,"message":"  ● Test suite failed to run\n\n    SecurityError: localStorage is not available for opaque origins\n","name":"/home/alex/users/bob/hak/packages/frontend/src/components/layout/Header.test.tsx","startTime":1765976818748,"status":"failed","summary":""},{"assertionResults":[],"coverage":{},"endTime":1765976818748,"message":"  ● Test suite failed to run\n\n    SecurityError: localStorage is not available for opaque origins\n","name":"/home/alex/users/bob/hak/packages/frontend/src/styles/colors.test.ts","startTime":1765976818748,"status":"failed","summary":""},{"assertionResults":[],"coverage":{},"endTime":1765976818748,"message":"  ● Test suite failed to run\n\n    SecurityError: localStorage is not available for opaque origins\n","name":"/home/alex/users/bob/hak/packages/frontend/src/services/auth/context.test.tsx","startTime":1765976818748,"status":"failed","summary":""},{"assertionResults":[],"coverage":{},"endTime":1765976818748,"message":"  ● Test suite failed to run\n\n    SecurityError: localStorage is not available for opaque origins\n","name":"/home/alex/users/bob/hak/packages/frontend/src/pages/SynthesisPage.test.tsx","startTime":1765976818748,"status":"failed","summary":""},{"assertionResults":[],"coverage":{},"endTime":1765976818748,"message":"  ● Test suite failed to run\n\n    SecurityError: localStorage is not available for opaque origins\n","name":"/home/alex/users/bob/hak/packages/frontend/src/hooks/useAsyncAction.test.tsx","startTime":1765976818748,"status":"failed","summary":""},{"assertionResults":[],"coverage":{},"endTime":1765976818748,"message":"  ● Test suite failed to run\n\n    SecurityError: localStorage is not available for opaque origins\n","name":"/home/alex/users/bob/hak/packages/frontend/src/core/schemas.test.ts","startTime":1765976818748,"status":"failed","summary":""},{"assertionResults":[],"coverage":{},"endTime":1765976818748,"message":"  ● Test suite failed to run\n\n    SecurityError: localStorage is not available for opaque origins\n","name":"/home/alex/users/bob/hak/packages/frontend/src/core/retry.test.ts","startTime":1765976818748,"status":"failed","summary":""},{"assertionResults":[],"coverage":{},"endTime":1765976818748,"message":"  ● Test suite failed to run\n\n    SecurityError: localStorage is not available for opaque origins\n","name":"/home/alex/users/bob/hak/packages/frontend/src/components/LanguageSwitcher.test.tsx","startTime":1765976818748,"status":"failed","summary":""},{"assertionResults":[],"coverage":{},"endTime":1765976818748,"message":"  ● Test suite failed to run\n\n    SecurityError: localStorage is not available for opaque origins\n","name":"/home/alex/users/bob/hak/packages/frontend/src/core/utils.test.ts","startTime":1765976818748,"status":"failed","summary":""},{"assertionResults":[],"coverage":{},"endTime":1765976818748,"message":"  ● Test suite failed to run\n\n    SecurityError: localStorage is not available for opaque origins\n","name":"/home/alex/users/bob/hak/test/hello.test.js","startTime":1765976818748,"status":"failed","summary":""},{"assertionResults":[],"coverage":{},"endTime":1765976818748,"message":"  ● Test suite failed to run\n\n    SecurityError: localStorage is not available for opaque origins\n","name":"/home/alex/users/bob/hak/packages/frontend/src/App.test.tsx","startTime":1765976818748,"status":"failed","summary":""},{"assertionResults":[],"coverage":{},"endTime":1765976818748,"message":"  ● Test suite failed to run\n\n    SecurityError: localStorage is not available for opaque origins\n","name":"/home/alex/users/bob/hak/packages/frontend/src/services/auth/ProtectedRoute.test.tsx","startTime":1765976818748,"status":"failed","summary":""},{"assertionResults":[],"coverage":{},"endTime":1765976818748,"message":"  ● Test suite failed to run\n\n    SecurityError: localStorage is not available for opaque origins\n","name":"/home/alex/users/bob/hak/packages/frontend/src/services/http/client.test.ts","startTime":1765976818748,"status":"failed","summary":""},{"assertionResults":[],"coverage":{},"endTime":1765976818748,"message":"  ● Test suite failed to run\n\n    SecurityError: localStorage is not available for opaque origins\n","name":"/home/alex/users/bob/hak/packages/frontend/src/services/auth/storage.test.ts","startTime":1765976818748,"status":"failed","summary":""}],"wasInterrupted":false}
