{"numFailedTestSuites":0,"numFailedTests":0,"numPassedTestSuites":1,"numPassedTests":5,"numPendingTestSuites":0,"numPendingTests":0,"numRuntimeErrorTestSuites":0,"numTodoTests":0,"numTotalTestSuites":1,"numTotalTests":5,"openHandles":[],"snapshot":{"added":0,"didUpdate":false,"failure":false,"filesAdded":0,"filesRemoved":0,"filesRemovedList":[],"filesUnmatched":0,"filesUpdated":0,"matched":0,"total":0,"unchecked":0,"uncheckedKeysByFile":[],"unmatched":0,"updated":0},"startTime":1765963801385,"success":true,"testResults":[{"assertionResults":[{"ancestorTitles":["Add synthesis entries to task (US-020)"],"duration":8,"failureDetails":[],"failureMessages":[],"fullName":"Add synthesis entries to task (US-020) Add synthesized text to existing task","invocations":1,"location":null,"numPassingAsserts":3,"retryReasons":[],"status":"passed","title":"Add synthesized text to existing task"},{"ancestorTitles":["Add synthesis entries to task (US-020)"],"duration":1,"failureDetails":[],"failureMessages":[],"fullName":"Add synthesis entries to task (US-020) Create new task and add entry","invocations":1,"location":null,"numPassingAsserts":0,"retryReasons":[],"status":"passed","title":"Create new task and add entry"},{"ancestorTitles":["Add synthesis entries to task (US-020)"],"duration":1,"failureDetails":[],"failureMessages":[],"fullName":"Add synthesis entries to task (US-020) Unauthenticated user is redirected to login","invocations":1,"location":null,"numPassingAsserts":0,"retryReasons":[],"status":"passed","title":"Unauthenticated user is redirected to login"},{"ancestorTitles":["Add synthesis entries to task (US-020)"],"duration":0,"failureDetails":[],"failureMessages":[],"fullName":"Add synthesis entries to task (US-020) Handle synthesis error gracefully","invocations":1,"location":null,"numPassingAsserts":0,"retryReasons":[],"status":"passed","title":"Handle synthesis error gracefully"},{"ancestorTitles":["Add synthesis entries to task (US-020)"],"duration":0,"failureDetails":[],"failureMessages":[],"fullName":"Add synthesis entries to task (US-020) Handle empty task list","invocations":1,"location":null,"numPassingAsserts":0,"retryReasons":[],"status":"passed","title":"Handle empty task list"}],"endTime":1765963803190,"message":"","name":"/home/alex/users/bob/hak/test/features/US-020.test.ts","startTime":1765963802431,"status":"passed","summary":""}],"wasInterrupted":false}
