{
  "numTotalTestSuites": 28,
  "numPassedTestSuites": 28,
  "numFailedTestSuites": 0,
  "numPendingTestSuites": 0,
  "numTotalTests": 53,
  "numPassedTests": 53,
  "numFailedTests": 0,
  "numPendingTests": 0,
  "numTodoTests": 0,
  "snapshot": {
    "added": 0,
    "failure": false,
    "filesAdded": 0,
    "filesRemoved": 0,
    "filesRemovedList": [],
    "filesUnmatched": 0,
    "filesUpdated": 0,
    "matched": 0,
    "total": 0,
    "unchecked": 0,
    "uncheckedKeysByFile": [],
    "unmatched": 0,
    "updated": 0,
    "didUpdate": false
  },
  "startTime": 1769518374616,
  "success": true,
  "testResults": [
    {
      "assertionResults": [
        {
          "ancestorTitles": ["App Routing", "URL-based view rendering"],
          "fullName": "App Routing URL-based view rendering renders synthesis view for /synthesis route",
          "status": "passed",
          "title": "renders synthesis view for /synthesis route",
          "duration": 44.48400300000003,
          "failureMessages": [],
          "meta": {}
        },
        {
          "ancestorTitles": ["App Routing", "URL-based view rendering"],
          "fullName": "App Routing URL-based view rendering renders tasks view for /tasks route",
          "status": "passed",
          "title": "renders tasks view for /tasks route",
          "duration": 16.59837799999991,
          "failureMessages": [],
          "meta": {}
        },
        {
          "ancestorTitles": ["App Routing", "URL-based view rendering"],
          "fullName": "App Routing URL-based view rendering renders task detail for /tasks/:id route",
          "status": "passed",
          "title": "renders task detail for /tasks/:id route",
          "duration": 7.624612999999954,
          "failureMessages": [],
          "meta": {}
        },
        {
          "ancestorTitles": ["App Routing", "URL-based view rendering"],
          "fullName": "App Routing URL-based view rendering renders specs page for /specs route",
          "status": "passed",
          "title": "renders specs page for /specs route",
          "duration": 7.113405000000057,
          "failureMessages": [],
          "meta": {}
        },
        {
          "ancestorTitles": ["App Routing", "URL-based view rendering"],
          "fullName": "App Routing URL-based view rendering renders dashboard for /dashboard route",
          "status": "passed",
          "title": "renders dashboard for /dashboard route",
          "duration": 7.07479699999999,
          "failureMessages": [],
          "meta": {}
        },
        {
          "ancestorTitles": ["App Routing", "URL-based view rendering"],
          "fullName": "App Routing URL-based view rendering defaults to synthesis view for unknown route",
          "status": "passed",
          "title": "defaults to synthesis view for unknown route",
          "duration": 7.703332000000046,
          "failureMessages": [],
          "meta": {}
        },
        {
          "ancestorTitles": ["App Routing", "pathname parsing"],
          "fullName": "App Routing pathname parsing extracts task ID from /tasks/:id URL",
          "status": "passed",
          "title": "extracts task ID from /tasks/:id URL",
          "duration": 7.308177999999998,
          "failureMessages": [],
          "meta": {}
        },
        {
          "ancestorTitles": ["App Routing", "pathname parsing"],
          "fullName": "App Routing pathname parsing sets task ID to null for /tasks without ID",
          "status": "passed",
          "title": "sets task ID to null for /tasks without ID",
          "duration": 6.564626000000089,
          "failureMessages": [],
          "meta": {}
        },
        {
          "ancestorTitles": ["App Routing", "view detection from pathname"],
          "fullName": "App Routing view detection from pathname detects synthesis view from /synthesis pathname",
          "status": "passed",
          "title": "detects synthesis view from /synthesis pathname",
          "duration": 8.158558999999968,
          "failureMessages": [],
          "meta": {}
        },
        {
          "ancestorTitles": ["App Routing", "view detection from pathname"],
          "fullName": "App Routing view detection from pathname detects tasks view from /tasks pathname",
          "status": "passed",
          "title": "detects tasks view from /tasks pathname",
          "duration": 7.422739000000092,
          "failureMessages": [],
          "meta": {}
        },
        {
          "ancestorTitles": ["App Routing", "view detection from pathname"],
          "fullName": "App Routing view detection from pathname detects specs view from /specs pathname",
          "status": "passed",
          "title": "detects specs view from /specs pathname",
          "duration": 7.654524999999921,
          "failureMessages": [],
          "meta": {}
        },
        {
          "ancestorTitles": ["App Routing", "view detection from pathname"],
          "fullName": "App Routing view detection from pathname detects dashboard view from /dashboard pathname",
          "status": "passed",
          "title": "detects dashboard view from /dashboard pathname",
          "duration": 7.493332999999893,
          "failureMessages": [],
          "meta": {}
        },
        {
          "ancestorTitles": ["App Routing", "authentication-based routing"],
          "fullName": "App Routing authentication-based routing shows role selection when onboarding not completed",
          "status": "passed",
          "title": "shows role selection when onboarding not completed",
          "duration": 17.517663999999968,
          "failureMessages": [],
          "meta": {}
        }
      ],
      "startTime": 1769518377020,
      "endTime": 1769518377173.5176,
      "status": "passed",
      "message": "",
      "name": "/home/alex/users/kate/hak/packages/frontend/src/App.routing.test.tsx"
    },
    {
      "assertionResults": [
        {
          "ancestorTitles": ["App (Home)", "rendering"],
          "fullName": "App (Home) rendering renders header with logo",
          "status": "passed",
          "title": "renders header with logo",
          "duration": 41.86546300000009,
          "failureMessages": [],
          "meta": {}
        },
        {
          "ancestorTitles": ["App (Home)", "rendering"],
          "fullName": "App (Home) rendering renders navigation links",
          "status": "passed",
          "title": "renders navigation links",
          "duration": 11.569970000000012,
          "failureMessages": [],
          "meta": {}
        },
        {
          "ancestorTitles": ["App (Home)", "rendering"],
          "fullName": "App (Home) rendering renders synthesis view by default",
          "status": "passed",
          "title": "renders synthesis view by default",
          "duration": 9.449499999999944,
          "failureMessages": [],
          "meta": {}
        },
        {
          "ancestorTitles": ["App (Home)", "rendering"],
          "fullName": "App (Home) rendering renders footer",
          "status": "passed",
          "title": "renders footer",
          "duration": 8.519069000000172,
          "failureMessages": [],
          "meta": {}
        },
        {
          "ancestorTitles": ["App (Home)", "rendering"],
          "fullName": "App (Home) rendering renders help button",
          "status": "passed",
          "title": "renders help button",
          "duration": 7.649345000000039,
          "failureMessages": [],
          "meta": {}
        },
        {
          "ancestorTitles": ["App (Home)", "rendering"],
          "fullName": "App (Home) rendering renders login button when not authenticated",
          "status": "passed",
          "title": "renders login button when not authenticated",
          "duration": 11.192956999999979,
          "failureMessages": [],
          "meta": {}
        },
        {
          "ancestorTitles": ["App (Home)", "rendering"],
          "fullName": "App (Home) rendering renders menu button",
          "status": "passed",
          "title": "renders menu button",
          "duration": 8.733099999999922,
          "failureMessages": [],
          "meta": {}
        },
        {
          "ancestorTitles": ["App (Home)", "loading state"],
          "fullName": "App (Home) loading state shows loading spinner when onboarding is loading",
          "status": "passed",
          "title": "shows loading spinner when onboarding is loading",
          "duration": 7.221960999999965,
          "failureMessages": [],
          "meta": {}
        },
        {
          "ancestorTitles": ["App (Home)", "role selection"],
          "fullName": "App (Home) role selection shows role selection when onboarding not completed",
          "status": "passed",
          "title": "shows role selection when onboarding not completed",
          "duration": 13.103886999999986,
          "failureMessages": [],
          "meta": {}
        },
        {
          "ancestorTitles": ["App (Home)", "authenticated user"],
          "fullName": "App (Home) authenticated user shows user profile when authenticated",
          "status": "passed",
          "title": "shows user profile when authenticated",
          "duration": 5.718404999999848,
          "failureMessages": [],
          "meta": {}
        },
        {
          "ancestorTitles": ["App (Home)", "navigation"],
          "fullName": "App (Home) navigation synthesis link is rendered by default",
          "status": "passed",
          "title": "synthesis link is rendered by default",
          "duration": 7.923751000000038,
          "failureMessages": [],
          "meta": {}
        },
        {
          "ancestorTitles": ["App (Home)", "navigation"],
          "fullName": "App (Home) navigation clicking tasks link when not authenticated shows login modal",
          "status": "passed",
          "title": "clicking tasks link when not authenticated shows login modal",
          "duration": 45.46526300000005,
          "failureMessages": [],
          "meta": {}
        },
        {
          "ancestorTitles": ["App (Home)", "synthesis view"],
          "fullName": "App (Home) synthesis view renders sentence items",
          "status": "passed",
          "title": "renders sentence items",
          "duration": 5.544317000000092,
          "failureMessages": [],
          "meta": {}
        },
        {
          "ancestorTitles": ["App (Home)", "synthesis view"],
          "fullName": "App (Home) synthesis view renders add sentence button",
          "status": "passed",
          "title": "renders add sentence button",
          "duration": 4.660775000000058,
          "failureMessages": [],
          "meta": {}
        },
        {
          "ancestorTitles": ["App (Home)", "synthesis view"],
          "fullName": "App (Home) synthesis view renders page title",
          "status": "passed",
          "title": "renders page title",
          "duration": 5.4463310000001,
          "failureMessages": [],
          "meta": {}
        },
        {
          "ancestorTitles": ["App (Home)", "help button"],
          "fullName": "App (Home) help button renders help button",
          "status": "passed",
          "title": "renders help button",
          "duration": 6.5863540000000285,
          "failureMessages": [],
          "meta": {}
        },
        {
          "ancestorTitles": ["App (Home)", "onboarding wizard"],
          "fullName": "App (Home) onboarding wizard shows wizard when active",
          "status": "passed",
          "title": "shows wizard when active",
          "duration": 4.972717999999986,
          "failureMessages": [],
          "meta": {}
        },
        {
          "ancestorTitles": ["App (Home)", "login button"],
          "fullName": "App (Home) login button calls setShowLoginModal when clicked",
          "status": "passed",
          "title": "calls setShowLoginModal when clicked",
          "duration": 15.002328000000034,
          "failureMessages": [],
          "meta": {}
        },
        {
          "ancestorTitles": ["App (Home)", "tasks view"],
          "fullName": "App (Home) tasks view shows tasks view when authenticated and tasks selected",
          "status": "passed",
          "title": "shows tasks view when authenticated and tasks selected",
          "duration": 20.001909999999953,
          "failureMessages": [],
          "meta": {}
        },
        {
          "ancestorTitles": ["App (Home)", "add sentence button"],
          "fullName": "App (Home) add sentence button calls handleAddSentence when clicked",
          "status": "passed",
          "title": "calls handleAddSentence when clicked",
          "duration": 18.650554000000056,
          "failureMessages": [],
          "meta": {}
        }
      ],
      "startTime": 1769518377179,
      "endTime": 1769518377438.6506,
      "status": "passed",
      "message": "",
      "name": "/home/alex/users/kate/hak/packages/frontend/src/App.test.tsx"
    },
    {
      "assertionResults": [
        {
          "ancestorTitles": ["AppHeader", "rendering"],
          "fullName": "AppHeader rendering renders logo",
          "status": "passed",
          "title": "renders logo",
          "duration": 32.84727399999997,
          "failureMessages": [],
          "meta": {}
        },
        {
          "ancestorTitles": ["AppHeader", "rendering"],
          "fullName": "AppHeader rendering renders all navigation links",
          "status": "passed",
          "title": "renders all navigation links",
          "duration": 6.21243000000004,
          "failureMessages": [],
          "meta": {}
        },
        {
          "ancestorTitles": ["AppHeader", "rendering"],
          "fullName": "AppHeader rendering renders help button",
          "status": "passed",
          "title": "renders help button",
          "duration": 4.456007999999883,
          "failureMessages": [],
          "meta": {}
        },
        {
          "ancestorTitles": ["AppHeader", "rendering"],
          "fullName": "AppHeader rendering renders login button when not authenticated",
          "status": "passed",
          "title": "renders login button when not authenticated",
          "duration": 5.098574000000099,
          "failureMessages": [],
          "meta": {}
        },
        {
          "ancestorTitles": ["AppHeader", "rendering"],
          "fullName": "AppHeader rendering renders user profile when authenticated",
          "status": "passed",
          "title": "renders user profile when authenticated",
          "duration": 7.4105899999999565,
          "failureMessages": [],
          "meta": {}
        },
        {
          "ancestorTitles": ["AppHeader", "navigation links"],
          "fullName": "AppHeader navigation links Kõnesüntees link navigates to /synthesis",
          "status": "passed",
          "title": "Kõnesüntees link navigates to /synthesis",
          "duration": 5.785221999999976,
          "failureMessages": [],
          "meta": {}
        },
        {
          "ancestorTitles": ["AppHeader", "navigation links"],
          "fullName": "AppHeader navigation links Ülesanded link navigates to /tasks",
          "status": "passed",
          "title": "Ülesanded link navigates to /tasks",
          "duration": 5.1736090000001695,
          "failureMessages": [],
          "meta": {}
        },
        {
          "ancestorTitles": ["AppHeader", "active state"],
          "fullName": "AppHeader active state marks synthesis link as active on /synthesis",
          "status": "passed",
          "title": "marks synthesis link as active on /synthesis",
          "duration": 5.234249000000091,
          "failureMessages": [],
          "meta": {}
        },
        {
          "ancestorTitles": ["AppHeader", "active state"],
          "fullName": "AppHeader active state marks tasks link as active on /tasks",
          "status": "passed",
          "title": "marks tasks link as active on /tasks",
          "duration": 4.534562999999935,
          "failureMessages": [],
          "meta": {}
        },
        {
          "ancestorTitles": ["AppHeader", "active state"],
          "fullName": "AppHeader active state marks tasks link as active on /tasks/:id",
          "status": "passed",
          "title": "marks tasks link as active on /tasks/:id",
          "duration": 4.903882999999951,
          "failureMessages": [],
          "meta": {}
        },
        {
          "ancestorTitles": ["AppHeader", "authentication-gated navigation"],
          "fullName": "AppHeader authentication-gated navigation calls onTasksClick when clicking tasks link while not authenticated",
          "status": "passed",
          "title": "calls onTasksClick when clicking tasks link while not authenticated",
          "duration": 32.06665699999985,
          "failureMessages": [],
          "meta": {}
        },
        {
          "ancestorTitles": ["AppHeader", "authentication-gated navigation"],
          "fullName": "AppHeader authentication-gated navigation allows navigation to tasks when authenticated",
          "status": "passed",
          "title": "allows navigation to tasks when authenticated",
          "duration": 19.18913899999984,
          "failureMessages": [],
          "meta": {}
        },
        {
          "ancestorTitles": ["AppHeader", "button interactions"],
          "fullName": "AppHeader button interactions calls onHelpClick when help button is clicked",
          "status": "passed",
          "title": "calls onHelpClick when help button is clicked",
          "duration": 17.04586100000006,
          "failureMessages": [],
          "meta": {}
        },
        {
          "ancestorTitles": ["AppHeader", "button interactions"],
          "fullName": "AppHeader button interactions calls onLoginClick when login button is clicked",
          "status": "passed",
          "title": "calls onLoginClick when login button is clicked",
          "duration": 14.101462999999967,
          "failureMessages": [],
          "meta": {}
        }
      ],
      "startTime": 1769518376759,
      "endTime": 1769518376924.1016,
      "status": "passed",
      "message": "",
      "name": "/home/alex/users/kate/hak/packages/frontend/src/components/AppHeader.test.tsx"
    },
    {
      "assertionResults": [
        {
          "ancestorTitles": ["SharedTaskPage"],
          "fullName": "SharedTaskPage renders loading state initially",
          "status": "passed",
          "title": "renders loading state initially",
          "duration": 34.41991000000007,
          "failureMessages": [],
          "meta": {}
        },
        {
          "ancestorTitles": ["SharedTaskPage"],
          "fullName": "SharedTaskPage renders page with existing components",
          "status": "passed",
          "title": "renders page with existing components",
          "duration": 21.53095700000017,
          "failureMessages": [],
          "meta": {}
        },
        {
          "ancestorTitles": ["SharedTaskPage"],
          "fullName": "SharedTaskPage renders error message when task not found",
          "status": "passed",
          "title": "renders error message when task not found",
          "duration": 7.03215299999988,
          "failureMessages": [],
          "meta": {}
        },
        {
          "ancestorTitles": ["SharedTaskPage"],
          "fullName": "SharedTaskPage calls getTaskByShareToken with correct token",
          "status": "passed",
          "title": "calls getTaskByShareToken with correct token",
          "duration": 5.583575999999994,
          "failureMessages": [],
          "meta": {}
        },
        {
          "ancestorTitles": ["SharedTaskPage"],
          "fullName": "SharedTaskPage handles error during task loading",
          "status": "passed",
          "title": "handles error during task loading",
          "duration": 5.7166369999999915,
          "failureMessages": [],
          "meta": {}
        },
        {
          "ancestorTitles": ["SharedTaskPage"],
          "fullName": "SharedTaskPage copies link to clipboard when copy button clicked",
          "status": "passed",
          "title": "copies link to clipboard when copy button clicked",
          "duration": 36.93281100000013,
          "failureMessages": [],
          "meta": {}
        }
      ],
      "startTime": 1769518376759,
      "endTime": 1769518376870.9329,
      "status": "passed",
      "message": "",
      "name": "/home/alex/users/kate/hak/packages/frontend/src/pages/SharedTaskPage.test.tsx"
    }
  ],
  "coverageMap": {
    "/home/alex/users/kate/hak/packages/frontend/src/App.tsx": {
      "path": "/home/alex/users/kate/hak/packages/frontend/src/App.tsx",
      "statementMap": {
        "0": {
          "start": { "line": 18, "column": 67 },
          "end": { "line": 18, "column": null }
        },
        "1": {
          "start": { "line": 19, "column": 27 },
          "end": { "line": 19, "column": null }
        },
        "2": {
          "start": { "line": 20, "column": 81 },
          "end": { "line": 20, "column": null }
        },
        "3": {
          "start": { "line": 21, "column": 8 },
          "end": { "line": 21, "column": null }
        },
        "4": {
          "start": { "line": 22, "column": 38 },
          "end": { "line": 22, "column": null }
        },
        "5": {
          "start": { "line": 24, "column": 58 },
          "end": { "line": 24, "column": null }
        },
        "6": {
          "start": { "line": 26, "column": 8 },
          "end": { "line": 26, "column": null }
        },
        "7": {
          "start": { "line": 27, "column": 8 },
          "end": { "line": 27, "column": null }
        },
        "8": {
          "start": { "line": 27, "column": 66 },
          "end": { "line": 27, "column": 86 }
        },
        "9": {
          "start": { "line": 28, "column": 8 },
          "end": { "line": 28, "column": null }
        },
        "10": {
          "start": { "line": 29, "column": 8 },
          "end": { "line": 29, "column": null }
        },
        "11": {
          "start": { "line": 30, "column": 8 },
          "end": { "line": 30, "column": null }
        },
        "12": {
          "start": { "line": 31, "column": 8 },
          "end": { "line": 31, "column": null }
        },
        "13": {
          "start": { "line": 34, "column": 2 },
          "end": { "line": 39, "column": null }
        },
        "14": {
          "start": { "line": 35, "column": 4 },
          "end": { "line": 38, "column": null }
        },
        "15": {
          "start": { "line": 36, "column": 6 },
          "end": { "line": 36, "column": null }
        },
        "16": {
          "start": { "line": 37, "column": 6 },
          "end": { "line": 37, "column": null }
        },
        "17": {
          "start": { "line": 41, "column": 2 },
          "end": { "line": 43, "column": null }
        },
        "18": {
          "start": { "line": 42, "column": 4 },
          "end": { "line": 42, "column": null }
        },
        "19": {
          "start": { "line": 42, "column": 56 },
          "end": { "line": 42, "column": null }
        },
        "20": {
          "start": { "line": 46, "column": 2 },
          "end": { "line": 56, "column": null }
        },
        "21": {
          "start": { "line": 47, "column": 4 },
          "end": { "line": 47, "column": null }
        },
        "22": {
          "start": { "line": 47, "column": 29 },
          "end": { "line": 47, "column": null }
        },
        "23": {
          "start": { "line": 50, "column": 4 },
          "end": { "line": 55, "column": null }
        },
        "24": {
          "start": { "line": 51, "column": 6 },
          "end": { "line": 51, "column": null }
        },
        "25": {
          "start": { "line": 52, "column": 6 },
          "end": { "line": 54, "column": null }
        },
        "26": {
          "start": { "line": 53, "column": 8 },
          "end": { "line": 53, "column": null }
        },
        "27": {
          "start": { "line": 58, "column": 27 },
          "end": { "line": 61, "column": null }
        },
        "28": {
          "start": { "line": 59, "column": 4 },
          "end": { "line": 59, "column": null }
        },
        "29": {
          "start": { "line": 60, "column": 4 },
          "end": { "line": 60, "column": null }
        },
        "30": {
          "start": { "line": 63, "column": 27 },
          "end": { "line": 68, "column": null }
        },
        "31": {
          "start": { "line": 64, "column": 4 },
          "end": { "line": 67, "column": null }
        },
        "32": {
          "start": { "line": 65, "column": 6 },
          "end": { "line": 65, "column": null }
        },
        "33": {
          "start": { "line": 66, "column": 6 },
          "end": { "line": 66, "column": null }
        },
        "34": {
          "start": { "line": 70, "column": 2 },
          "end": { "line": 72, "column": null }
        },
        "35": {
          "start": { "line": 71, "column": 4 },
          "end": { "line": 71, "column": null }
        },
        "36": {
          "start": { "line": 74, "column": 28 },
          "end": { "line": 74, "column": null }
        },
        "37": {
          "start": { "line": 76, "column": 2 },
          "end": { "line": 143, "column": null }
        },
        "38": {
          "start": { "line": 82, "column": 27 },
          "end": { "line": 82, "column": null }
        },
        "39": {
          "start": { "line": 83, "column": 28 },
          "end": { "line": 83, "column": null }
        },
        "40": {
          "start": { "line": 102, "column": 39 },
          "end": { "line": 102, "column": null }
        },
        "41": {
          "start": { "line": 106, "column": 61 },
          "end": { "line": 106, "column": 146 }
        },
        "42": {
          "start": { "line": 106, "column": 146 },
          "end": { "line": 106, "column": 223 }
        },
        "43": {
          "start": { "line": 107, "column": 38 },
          "end": { "line": 107, "column": null }
        },
        "44": {
          "start": { "line": 111, "column": 138 },
          "end": { "line": 111, "column": 170 }
        },
        "45": {
          "start": { "line": 115, "column": 31 },
          "end": { "line": 115, "column": 56 }
        },
        "46": {
          "start": { "line": 122, "column": 30 },
          "end": { "line": 122, "column": null }
        },
        "47": {
          "start": { "line": 123, "column": 36 },
          "end": { "line": 123, "column": null }
        },
        "48": {
          "start": { "line": 128, "column": 45 },
          "end": { "line": 128, "column": null }
        },
        "49": {
          "start": { "line": 132, "column": 39 },
          "end": { "line": 132, "column": 63 }
        }
      },
      "fnMap": {
        "0": {
          "name": "Home",
          "decl": {
            "start": { "line": 17, "column": 24 },
            "end": { "line": 17, "column": 31 }
          },
          "loc": {
            "start": { "line": 17, "column": 31 },
            "end": { "line": 145, "column": null }
          },
          "line": 17
        },
        "1": {
          "name": "(anonymous_1)",
          "decl": {
            "start": { "line": 27, "column": 60 },
            "end": { "line": 27, "column": 66 }
          },
          "loc": {
            "start": { "line": 27, "column": 66 },
            "end": { "line": 27, "column": 86 }
          },
          "line": 27
        },
        "2": {
          "name": "(anonymous_2)",
          "decl": {
            "start": { "line": 27, "column": 86 },
            "end": { "line": 27, "column": 92 }
          },
          "loc": {
            "start": { "line": 27, "column": 92 },
            "end": { "line": 27, "column": 94 }
          },
          "line": 27
        },
        "3": {
          "name": "(anonymous_3)",
          "decl": {
            "start": { "line": 34, "column": 12 },
            "end": { "line": 34, "column": 18 }
          },
          "loc": {
            "start": { "line": 34, "column": 18 },
            "end": { "line": 39, "column": 5 }
          },
          "line": 34
        },
        "4": {
          "name": "(anonymous_4)",
          "decl": {
            "start": { "line": 41, "column": 12 },
            "end": { "line": 41, "column": 18 }
          },
          "loc": {
            "start": { "line": 41, "column": 18 },
            "end": { "line": 43, "column": 5 }
          },
          "line": 41
        },
        "5": {
          "name": "(anonymous_5)",
          "decl": {
            "start": { "line": 46, "column": 12 },
            "end": { "line": 46, "column": 18 }
          },
          "loc": {
            "start": { "line": 46, "column": 18 },
            "end": { "line": 56, "column": 5 }
          },
          "line": 46
        },
        "6": {
          "name": "(anonymous_6)",
          "decl": {
            "start": { "line": 58, "column": 27 },
            "end": { "line": 58, "column": 28 }
          },
          "loc": {
            "start": { "line": 58, "column": 52 },
            "end": { "line": 61, "column": null }
          },
          "line": 58
        },
        "7": {
          "name": "(anonymous_7)",
          "decl": {
            "start": { "line": 63, "column": 27 },
            "end": { "line": 63, "column": 33 }
          },
          "loc": {
            "start": { "line": 63, "column": 33 },
            "end": { "line": 68, "column": null }
          },
          "line": 63
        },
        "8": {
          "name": "(anonymous_8)",
          "decl": {
            "start": { "line": 82, "column": 21 },
            "end": { "line": 82, "column": 27 }
          },
          "loc": {
            "start": { "line": 82, "column": 27 },
            "end": { "line": 82, "column": null }
          },
          "line": 82
        },
        "9": {
          "name": "(anonymous_9)",
          "decl": {
            "start": { "line": 83, "column": 22 },
            "end": { "line": 83, "column": 28 }
          },
          "loc": {
            "start": { "line": 83, "column": 28 },
            "end": { "line": 83, "column": null }
          },
          "line": 83
        },
        "10": {
          "name": "(anonymous_10)",
          "decl": {
            "start": { "line": 102, "column": 33 },
            "end": { "line": 102, "column": 39 }
          },
          "loc": {
            "start": { "line": 102, "column": 39 },
            "end": { "line": 102, "column": null }
          },
          "line": 102
        },
        "11": {
          "name": "(anonymous_11)",
          "decl": {
            "start": { "line": 106, "column": 31 },
            "end": { "line": 106, "column": 32 }
          },
          "loc": {
            "start": { "line": 106, "column": 44 },
            "end": { "line": 106, "column": null }
          },
          "line": 106
        },
        "12": {
          "name": "(anonymous_12)",
          "decl": {
            "start": { "line": 107, "column": 32 },
            "end": { "line": 107, "column": 38 }
          },
          "loc": {
            "start": { "line": 107, "column": 38 },
            "end": { "line": 107, "column": null }
          },
          "line": 107
        },
        "13": {
          "name": "(anonymous_13)",
          "decl": {
            "start": { "line": 111, "column": 76 },
            "end": { "line": 111, "column": 77 }
          },
          "loc": {
            "start": { "line": 111, "column": 138 },
            "end": { "line": 111, "column": 170 }
          },
          "line": 111
        },
        "14": {
          "name": "(anonymous_14)",
          "decl": {
            "start": { "line": 115, "column": 25 },
            "end": { "line": 115, "column": 31 }
          },
          "loc": {
            "start": { "line": 115, "column": 31 },
            "end": { "line": 115, "column": 56 }
          },
          "line": 115
        },
        "15": {
          "name": "(anonymous_15)",
          "decl": {
            "start": { "line": 122, "column": 24 },
            "end": { "line": 122, "column": 30 }
          },
          "loc": {
            "start": { "line": 122, "column": 30 },
            "end": { "line": 122, "column": null }
          },
          "line": 122
        },
        "16": {
          "name": "(anonymous_16)",
          "decl": {
            "start": { "line": 123, "column": 28 },
            "end": { "line": 123, "column": 29 }
          },
          "loc": {
            "start": { "line": 123, "column": 36 },
            "end": { "line": 123, "column": null }
          },
          "line": 123
        },
        "17": {
          "name": "(anonymous_17)",
          "decl": {
            "start": { "line": 128, "column": 39 },
            "end": { "line": 128, "column": 45 }
          },
          "loc": {
            "start": { "line": 128, "column": 45 },
            "end": { "line": 128, "column": null }
          },
          "line": 128
        },
        "18": {
          "name": "(anonymous_18)",
          "decl": {
            "start": { "line": 132, "column": 33 },
            "end": { "line": 132, "column": 39 }
          },
          "loc": {
            "start": { "line": 132, "column": 39 },
            "end": { "line": 132, "column": 63 }
          },
          "line": 132
        }
      },
      "branchMap": {
        "0": {
          "loc": {
            "start": { "line": 35, "column": 4 },
            "end": { "line": 38, "column": null }
          },
          "type": "if",
          "locations": [
            {
              "start": { "line": 35, "column": 4 },
              "end": { "line": 38, "column": null }
            },
            { "start": {}, "end": {} }
          ],
          "line": 35
        },
        "1": {
          "loc": {
            "start": { "line": 35, "column": 8 },
            "end": { "line": 35, "column": 51 }
          },
          "type": "binary-expr",
          "locations": [
            {
              "start": { "line": 35, "column": 8 },
              "end": { "line": 35, "column": 27 }
            },
            {
              "start": { "line": 35, "column": 27 },
              "end": { "line": 35, "column": 51 }
            }
          ],
          "line": 35
        },
        "2": {
          "loc": {
            "start": { "line": 42, "column": 4 },
            "end": { "line": 42, "column": null }
          },
          "type": "if",
          "locations": [
            {
              "start": { "line": 42, "column": 4 },
              "end": { "line": 42, "column": null }
            },
            { "start": {}, "end": {} }
          ],
          "line": 42
        },
        "3": {
          "loc": {
            "start": { "line": 42, "column": 8 },
            "end": { "line": 42, "column": 56 }
          },
          "type": "binary-expr",
          "locations": [
            {
              "start": { "line": 42, "column": 8 },
              "end": { "line": 42, "column": 26 }
            },
            {
              "start": { "line": 42, "column": 26 },
              "end": { "line": 42, "column": 56 }
            }
          ],
          "line": 42
        },
        "4": {
          "loc": {
            "start": { "line": 47, "column": 4 },
            "end": { "line": 47, "column": null }
          },
          "type": "if",
          "locations": [
            {
              "start": { "line": 47, "column": 4 },
              "end": { "line": 47, "column": null }
            },
            { "start": {}, "end": {} }
          ],
          "line": 47
        },
        "5": {
          "loc": {
            "start": { "line": 50, "column": 4 },
            "end": { "line": 55, "column": null }
          },
          "type": "if",
          "locations": [
            {
              "start": { "line": 50, "column": 4 },
              "end": { "line": 55, "column": null }
            },
            { "start": {}, "end": {} }
          ],
          "line": 50
        },
        "6": {
          "loc": {
            "start": { "line": 52, "column": 6 },
            "end": { "line": 54, "column": null }
          },
          "type": "if",
          "locations": [
            {
              "start": { "line": 52, "column": 6 },
              "end": { "line": 54, "column": null }
            },
            { "start": {}, "end": {} }
          ],
          "line": 52
        },
        "7": {
          "loc": {
            "start": { "line": 52, "column": 10 },
            "end": { "line": 52, "column": 102 }
          },
          "type": "binary-expr",
          "locations": [
            {
              "start": { "line": 52, "column": 10 },
              "end": { "line": 52, "column": 40 }
            },
            {
              "start": { "line": 52, "column": 40 },
              "end": { "line": 52, "column": 73 }
            },
            {
              "start": { "line": 52, "column": 73 },
              "end": { "line": 52, "column": 102 }
            }
          ],
          "line": 52
        },
        "8": {
          "loc": {
            "start": { "line": 64, "column": 4 },
            "end": { "line": 67, "column": null }
          },
          "type": "if",
          "locations": [
            {
              "start": { "line": 64, "column": 4 },
              "end": { "line": 67, "column": null }
            },
            { "start": {}, "end": {} }
          ],
          "line": 64
        },
        "9": {
          "loc": {
            "start": { "line": 70, "column": 2 },
            "end": { "line": 72, "column": null }
          },
          "type": "if",
          "locations": [
            {
              "start": { "line": 70, "column": 2 },
              "end": { "line": 72, "column": null }
            },
            { "start": {}, "end": {} }
          ],
          "line": 70
        },
        "10": {
          "loc": {
            "start": { "line": 86, "column": 44 },
            "end": { "line": 86, "column": 90 }
          },
          "type": "cond-expr",
          "locations": [
            {
              "start": { "line": 86, "column": 64 },
              "end": { "line": 86, "column": 88 }
            },
            {
              "start": { "line": 86, "column": 88 },
              "end": { "line": 86, "column": 90 }
            }
          ],
          "line": 86
        },
        "11": {
          "loc": {
            "start": { "line": 87, "column": 9 },
            "end": { "line": 137, "column": null }
          },
          "type": "cond-expr",
          "locations": [
            {
              "start": { "line": 87, "column": 29 },
              "end": { "line": 87, "column": null }
            },
            {
              "start": { "line": 88, "column": 10 },
              "end": { "line": 137, "column": null }
            }
          ],
          "line": 87
        },
        "12": {
          "loc": {
            "start": { "line": 89, "column": 13 },
            "end": { "line": 116, "column": null }
          },
          "type": "binary-expr",
          "locations": [
            {
              "start": { "line": 89, "column": 13 },
              "end": { "line": 89, "column": null }
            },
            {
              "start": { "line": 90, "column": 14 },
              "end": { "line": 116, "column": null }
            }
          ],
          "line": 89
        },
        "13": {
          "loc": {
            "start": { "line": 106, "column": 61 },
            "end": { "line": 106, "column": 146 }
          },
          "type": "binary-expr",
          "locations": [
            {
              "start": { "line": 106, "column": 61 },
              "end": { "line": 106, "column": 105 }
            },
            {
              "start": { "line": 106, "column": 105 },
              "end": { "line": 106, "column": 146 }
            }
          ],
          "line": 106
        },
        "14": {
          "loc": {
            "start": { "line": 106, "column": 171 },
            "end": { "line": 106, "column": 220 }
          },
          "type": "cond-expr",
          "locations": [
            {
              "start": { "line": 106, "column": 180 },
              "end": { "line": 106, "column": 187 }
            },
            {
              "start": { "line": 106, "column": 187 },
              "end": { "line": 106, "column": 220 }
            }
          ],
          "line": 106
        },
        "15": {
          "loc": {
            "start": { "line": 118, "column": 13 },
            "end": { "line": 129, "column": null }
          },
          "type": "binary-expr",
          "locations": [
            {
              "start": { "line": 118, "column": 13 },
              "end": { "line": 118, "column": null }
            },
            {
              "start": { "line": 119, "column": 14 },
              "end": { "line": 129, "column": null }
            }
          ],
          "line": 118
        },
        "16": {
          "loc": {
            "start": { "line": 131, "column": 13 },
            "end": { "line": 132, "column": null }
          },
          "type": "binary-expr",
          "locations": [
            {
              "start": { "line": 131, "column": 13 },
              "end": { "line": 131, "column": null }
            },
            {
              "start": { "line": 132, "column": 14 },
              "end": { "line": 132, "column": null }
            }
          ],
          "line": 131
        },
        "17": {
          "loc": {
            "start": { "line": 134, "column": 13 },
            "end": { "line": 135, "column": null }
          },
          "type": "binary-expr",
          "locations": [
            {
              "start": { "line": 134, "column": 13 },
              "end": { "line": 134, "column": null }
            },
            {
              "start": { "line": 135, "column": 14 },
              "end": { "line": 135, "column": null }
            }
          ],
          "line": 134
        }
      },
      "s": {
        "0": 40,
        "1": 40,
        "2": 40,
        "3": 40,
        "4": 40,
        "5": 40,
        "6": 40,
        "7": 40,
        "8": 0,
        "9": 40,
        "10": 40,
        "11": 40,
        "12": 40,
        "13": 40,
        "14": 40,
        "15": 0,
        "16": 0,
        "17": 40,
        "18": 40,
        "19": 2,
        "20": 40,
        "21": 39,
        "22": 1,
        "23": 38,
        "24": 32,
        "25": 32,
        "26": 5,
        "27": 40,
        "28": 0,
        "29": 0,
        "30": 40,
        "31": 1,
        "32": 1,
        "33": 1,
        "34": 40,
        "35": 1,
        "36": 39,
        "37": 39,
        "38": 0,
        "39": 1,
        "40": 0,
        "41": 0,
        "42": 0,
        "43": 0,
        "44": 0,
        "45": 0,
        "46": 0,
        "47": 0,
        "48": 0,
        "49": 0
      },
      "f": {
        "0": 40,
        "1": 0,
        "2": 0,
        "3": 40,
        "4": 40,
        "5": 39,
        "6": 0,
        "7": 1,
        "8": 0,
        "9": 1,
        "10": 0,
        "11": 0,
        "12": 0,
        "13": 0,
        "14": 0,
        "15": 0,
        "16": 0,
        "17": 0,
        "18": 0
      },
      "b": {
        "0": [0, 40],
        "1": [40, 20],
        "2": [2, 38],
        "3": [40, 2],
        "4": [1, 38],
        "5": [32, 6],
        "6": [5, 27],
        "7": [32, 5, 5],
        "8": [1, 0],
        "9": [1, 39],
        "10": [6, 33],
        "11": [6, 33],
        "12": [33, 23],
        "13": [0, 0],
        "14": [0, 0],
        "15": [33, 6],
        "16": [33, 2],
        "17": [33, 2]
      },
      "meta": {
        "lastBranch": 18,
        "lastFunction": 19,
        "lastStatement": 50,
        "seen": {
          "f:17:24:17:31": 0,
          "s:18:67:18:Infinity": 0,
          "s:19:27:19:Infinity": 1,
          "s:20:81:20:Infinity": 2,
          "s:21:8:21:Infinity": 3,
          "s:22:38:22:Infinity": 4,
          "s:24:58:24:Infinity": 5,
          "s:26:8:26:Infinity": 6,
          "s:27:8:27:Infinity": 7,
          "f:27:60:27:66": 1,
          "s:27:66:27:86": 8,
          "f:27:86:27:92": 2,
          "s:28:8:28:Infinity": 9,
          "s:29:8:29:Infinity": 10,
          "s:30:8:30:Infinity": 11,
          "s:31:8:31:Infinity": 12,
          "s:34:2:39:Infinity": 13,
          "f:34:12:34:18": 3,
          "b:35:4:38:Infinity:undefined:undefined:undefined:undefined": 0,
          "s:35:4:38:Infinity": 14,
          "b:35:8:35:27:35:27:35:51": 1,
          "s:36:6:36:Infinity": 15,
          "s:37:6:37:Infinity": 16,
          "s:41:2:43:Infinity": 17,
          "f:41:12:41:18": 4,
          "b:42:4:42:Infinity:undefined:undefined:undefined:undefined": 2,
          "s:42:4:42:Infinity": 18,
          "b:42:8:42:26:42:26:42:56": 3,
          "s:42:56:42:Infinity": 19,
          "s:46:2:56:Infinity": 20,
          "f:46:12:46:18": 5,
          "b:47:4:47:Infinity:undefined:undefined:undefined:undefined": 4,
          "s:47:4:47:Infinity": 21,
          "s:47:29:47:Infinity": 22,
          "b:50:4:55:Infinity:undefined:undefined:undefined:undefined": 5,
          "s:50:4:55:Infinity": 23,
          "s:51:6:51:Infinity": 24,
          "b:52:6:54:Infinity:undefined:undefined:undefined:undefined": 6,
          "s:52:6:54:Infinity": 25,
          "b:52:10:52:40:52:40:52:73:52:73:52:102": 7,
          "s:53:8:53:Infinity": 26,
          "s:58:27:61:Infinity": 27,
          "f:58:27:58:28": 6,
          "s:59:4:59:Infinity": 28,
          "s:60:4:60:Infinity": 29,
          "s:63:27:68:Infinity": 30,
          "f:63:27:63:33": 7,
          "b:64:4:67:Infinity:undefined:undefined:undefined:undefined": 8,
          "s:64:4:67:Infinity": 31,
          "s:65:6:65:Infinity": 32,
          "s:66:6:66:Infinity": 33,
          "b:70:2:72:Infinity:undefined:undefined:undefined:undefined": 9,
          "s:70:2:72:Infinity": 34,
          "s:71:4:71:Infinity": 35,
          "s:74:28:74:Infinity": 36,
          "s:76:2:143:Infinity": 37,
          "f:82:21:82:27": 8,
          "s:82:27:82:Infinity": 38,
          "f:83:22:83:28": 9,
          "s:83:28:83:Infinity": 39,
          "b:86:64:86:88:86:88:86:90": 10,
          "b:87:29:87:Infinity:88:10:137:Infinity": 11,
          "b:89:13:89:Infinity:90:14:116:Infinity": 12,
          "f:102:33:102:39": 10,
          "s:102:39:102:Infinity": 40,
          "f:106:31:106:32": 11,
          "s:106:61:106:146": 41,
          "b:106:61:106:105:106:105:106:146": 13,
          "s:106:146:106:223": 42,
          "b:106:180:106:187:106:187:106:220": 14,
          "f:107:32:107:38": 12,
          "s:107:38:107:Infinity": 43,
          "f:111:76:111:77": 13,
          "s:111:138:111:170": 44,
          "f:115:25:115:31": 14,
          "s:115:31:115:56": 45,
          "b:118:13:118:Infinity:119:14:129:Infinity": 15,
          "f:122:24:122:30": 15,
          "s:122:30:122:Infinity": 46,
          "f:123:28:123:29": 16,
          "s:123:36:123:Infinity": 47,
          "f:128:39:128:45": 17,
          "s:128:45:128:Infinity": 48,
          "b:131:13:131:Infinity:132:14:132:Infinity": 16,
          "f:132:33:132:39": 18,
          "s:132:39:132:63": 49,
          "b:134:13:134:Infinity:135:14:135:Infinity": 17
        }
      }
    },
    "/home/alex/users/kate/hak/packages/frontend/src/components/AppModals.tsx": {
      "path": "/home/alex/users/kate/hak/packages/frontend/src/components/AppModals.tsx",
      "statementMap": {
        "0": {
          "start": { "line": 43, "column": 8 },
          "end": { "line": 43, "column": null }
        },
        "1": {
          "start": { "line": 43, "column": 71 },
          "end": { "line": 43, "column": 185 }
        },
        "2": {
          "start": { "line": 44, "column": 30 },
          "end": { "line": 48, "column": null }
        },
        "3": {
          "start": { "line": 45, "column": 4 },
          "end": { "line": 45, "column": null }
        },
        "4": {
          "start": { "line": 45, "column": 15 },
          "end": { "line": 45, "column": null }
        },
        "5": {
          "start": { "line": 46, "column": 4 },
          "end": { "line": 47, "column": null }
        },
        "6": {
          "start": { "line": 46, "column": 10 },
          "end": { "line": 46, "column": 90 }
        },
        "7": {
          "start": { "line": 46, "column": 90 },
          "end": { "line": 46, "column": 136 }
        },
        "8": {
          "start": { "line": 46, "column": 136 },
          "end": { "line": 46, "column": 249 }
        },
        "9": {
          "start": { "line": 47, "column": 12 },
          "end": { "line": 47, "column": 71 }
        },
        "10": {
          "start": { "line": 49, "column": 2 },
          "end": { "line": 60, "column": null }
        },
        "11": {
          "start": { "line": 52, "column": 105 },
          "end": { "line": 52, "column": 141 }
        },
        "12": {
          "start": { "line": 52, "column": 200 },
          "end": { "line": 52, "column": 236 }
        },
        "13": {
          "start": { "line": 52, "column": 384 },
          "end": { "line": 52, "column": 470 }
        },
        "14": {
          "start": { "line": 52, "column": 470 },
          "end": { "line": 52, "column": 535 }
        },
        "15": {
          "start": { "line": 53, "column": 75 },
          "end": { "line": 53, "column": 116 }
        },
        "16": {
          "start": { "line": 54, "column": 84 },
          "end": { "line": 54, "column": 130 }
        },
        "17": {
          "start": { "line": 55, "column": 137 },
          "end": { "line": 55, "column": 179 }
        },
        "18": {
          "start": { "line": 55, "column": 179 },
          "end": { "line": 55, "column": 213 }
        },
        "19": {
          "start": { "line": 55, "column": 249 },
          "end": { "line": 55, "column": 300 }
        },
        "20": {
          "start": { "line": 56, "column": 205 },
          "end": { "line": 56, "column": 248 }
        },
        "21": {
          "start": { "line": 56, "column": 248 },
          "end": { "line": 56, "column": 283 }
        },
        "22": {
          "start": { "line": 57, "column": 57 },
          "end": { "line": 57, "column": 83 }
        }
      },
      "fnMap": {
        "0": {
          "name": "AppModals",
          "decl": {
            "start": { "line": 42, "column": 24 },
            "end": { "line": 42, "column": 34 }
          },
          "loc": {
            "start": { "line": 42, "column": 189 },
            "end": { "line": 62, "column": null }
          },
          "line": 42
        },
        "1": {
          "name": "(anonymous_1)",
          "decl": {
            "start": { "line": 43, "column": 65 },
            "end": { "line": 43, "column": 71 }
          },
          "loc": {
            "start": { "line": 43, "column": 71 },
            "end": { "line": 43, "column": 185 }
          },
          "line": 43
        },
        "2": {
          "name": "(anonymous_2)",
          "decl": {
            "start": { "line": 44, "column": 30 },
            "end": { "line": 44, "column": 37 }
          },
          "loc": {
            "start": { "line": 44, "column": 125 },
            "end": { "line": 48, "column": null }
          },
          "line": 44
        },
        "3": {
          "name": "(anonymous_3)",
          "decl": {
            "start": { "line": 52, "column": 100 },
            "end": { "line": 52, "column": 105 }
          },
          "loc": {
            "start": { "line": 52, "column": 105 },
            "end": { "line": 52, "column": 141 }
          },
          "line": 52
        },
        "4": {
          "name": "(anonymous_4)",
          "decl": {
            "start": { "line": 52, "column": 195 },
            "end": { "line": 52, "column": 200 }
          },
          "loc": {
            "start": { "line": 52, "column": 200 },
            "end": { "line": 52, "column": 236 }
          },
          "line": 52
        },
        "5": {
          "name": "(anonymous_5)",
          "decl": {
            "start": { "line": 52, "column": 361 },
            "end": { "line": 52, "column": 362 }
          },
          "loc": {
            "start": { "line": 52, "column": 382 },
            "end": { "line": 52, "column": 538 }
          },
          "line": 52
        },
        "6": {
          "name": "(anonymous_6)",
          "decl": {
            "start": { "line": 53, "column": 69 },
            "end": { "line": 53, "column": 75 }
          },
          "loc": {
            "start": { "line": 53, "column": 75 },
            "end": { "line": 53, "column": 116 }
          },
          "line": 53
        },
        "7": {
          "name": "(anonymous_7)",
          "decl": {
            "start": { "line": 54, "column": 78 },
            "end": { "line": 54, "column": 84 }
          },
          "loc": {
            "start": { "line": 54, "column": 84 },
            "end": { "line": 54, "column": 130 }
          },
          "line": 54
        },
        "8": {
          "name": "(anonymous_8)",
          "decl": {
            "start": { "line": 55, "column": 129 },
            "end": { "line": 55, "column": 135 }
          },
          "loc": {
            "start": { "line": 55, "column": 135 },
            "end": { "line": 55, "column": 216 }
          },
          "line": 55
        },
        "9": {
          "name": "(anonymous_9)",
          "decl": {
            "start": { "line": 55, "column": 224 },
            "end": { "line": 55, "column": 231 }
          },
          "loc": {
            "start": { "line": 55, "column": 247 },
            "end": { "line": 55, "column": 303 }
          },
          "line": 55
        },
        "10": {
          "name": "(anonymous_10)",
          "decl": {
            "start": { "line": 56, "column": 197 },
            "end": { "line": 56, "column": 203 }
          },
          "loc": {
            "start": { "line": 56, "column": 203 },
            "end": { "line": 56, "column": 286 }
          },
          "line": 56
        },
        "11": {
          "name": "(anonymous_11)",
          "decl": {
            "start": { "line": 57, "column": 51 },
            "end": { "line": 57, "column": 57 }
          },
          "loc": {
            "start": { "line": 57, "column": 57 },
            "end": { "line": 57, "column": 83 }
          },
          "line": 57
        }
      },
      "branchMap": {
        "0": {
          "loc": {
            "start": { "line": 43, "column": 111 },
            "end": { "line": 43, "column": 137 }
          },
          "type": "binary-expr",
          "locations": [
            {
              "start": { "line": 43, "column": 111 },
              "end": { "line": 43, "column": 129 }
            },
            {
              "start": { "line": 43, "column": 129 },
              "end": { "line": 43, "column": 137 }
            }
          ],
          "line": 43
        },
        "1": {
          "loc": {
            "start": { "line": 43, "column": 147 },
            "end": { "line": 43, "column": 167 }
          },
          "type": "binary-expr",
          "locations": [
            {
              "start": { "line": 43, "column": 147 },
              "end": { "line": 43, "column": 161 }
            },
            {
              "start": { "line": 43, "column": 161 },
              "end": { "line": 43, "column": 167 }
            }
          ],
          "line": 43
        },
        "2": {
          "loc": {
            "start": { "line": 45, "column": 4 },
            "end": { "line": 45, "column": null }
          },
          "type": "if",
          "locations": [
            {
              "start": { "line": 45, "column": 4 },
              "end": { "line": 45, "column": null }
            },
            { "start": {}, "end": {} }
          ],
          "line": 45
        },
        "3": {
          "loc": {
            "start": { "line": 52, "column": 7 },
            "end": { "line": 52, "column": null }
          },
          "type": "binary-expr",
          "locations": [
            {
              "start": { "line": 52, "column": 7 },
              "end": { "line": 52, "column": 38 }
            },
            {
              "start": { "line": 52, "column": 38 },
              "end": { "line": 52, "column": null }
            }
          ],
          "line": 52
        },
        "4": {
          "loc": {
            "start": { "line": 52, "column": 75 },
            "end": { "line": 52, "column": 156 }
          },
          "type": "binary-expr",
          "locations": [
            {
              "start": { "line": 52, "column": 75 },
              "end": { "line": 52, "column": 152 }
            },
            {
              "start": { "line": 52, "column": 152 },
              "end": { "line": 52, "column": 156 }
            }
          ],
          "line": 52
        },
        "5": {
          "loc": {
            "start": { "line": 52, "column": 170 },
            "end": { "line": 52, "column": 261 }
          },
          "type": "binary-expr",
          "locations": [
            {
              "start": { "line": 52, "column": 170 },
              "end": { "line": 52, "column": 255 }
            },
            {
              "start": { "line": 52, "column": 255 },
              "end": { "line": 52, "column": 261 }
            }
          ],
          "line": 52
        },
        "6": {
          "loc": {
            "start": { "line": 55, "column": 7 },
            "end": { "line": 55, "column": null }
          },
          "type": "binary-expr",
          "locations": [
            {
              "start": { "line": 55, "column": 7 },
              "end": { "line": 55, "column": 34 }
            },
            {
              "start": { "line": 55, "column": 34 },
              "end": { "line": 55, "column": null }
            }
          ],
          "line": 55
        },
        "7": {
          "loc": {
            "start": { "line": 56, "column": 7 },
            "end": { "line": 56, "column": null }
          },
          "type": "binary-expr",
          "locations": [
            {
              "start": { "line": 56, "column": 7 },
              "end": { "line": 56, "column": 35 }
            },
            {
              "start": { "line": 56, "column": 35 },
              "end": { "line": 56, "column": null }
            }
          ],
          "line": 56
        },
        "8": {
          "loc": {
            "start": { "line": 56, "column": 104 },
            "end": { "line": 56, "column": 147 }
          },
          "type": "binary-expr",
          "locations": [
            {
              "start": { "line": 56, "column": 104 },
              "end": { "line": 56, "column": 143 }
            },
            {
              "start": { "line": 56, "column": 143 },
              "end": { "line": 56, "column": 147 }
            }
          ],
          "line": 56
        },
        "9": {
          "loc": {
            "start": { "line": 59, "column": 7 },
            "end": { "line": 59, "column": null }
          },
          "type": "binary-expr",
          "locations": [
            {
              "start": { "line": 59, "column": 7 },
              "end": { "line": 59, "column": 25 }
            },
            {
              "start": { "line": 59, "column": 25 },
              "end": { "line": 59, "column": null }
            }
          ],
          "line": 59
        }
      },
      "s": {
        "0": 25,
        "1": 0,
        "2": 25,
        "3": 0,
        "4": 0,
        "5": 0,
        "6": 0,
        "7": 0,
        "8": 0,
        "9": 0,
        "10": 25,
        "11": 0,
        "12": 0,
        "13": 0,
        "14": 0,
        "15": 0,
        "16": 0,
        "17": 0,
        "18": 0,
        "19": 0,
        "20": 0,
        "21": 0,
        "22": 0
      },
      "f": {
        "0": 25,
        "1": 0,
        "2": 0,
        "3": 0,
        "4": 0,
        "5": 0,
        "6": 0,
        "7": 0,
        "8": 0,
        "9": 0,
        "10": 0,
        "11": 0
      },
      "b": {
        "0": [0, 0],
        "1": [0, 0],
        "2": [0, 0],
        "3": [25, 0],
        "4": [0, 0],
        "5": [0, 0],
        "6": [25, 0],
        "7": [25, 0],
        "8": [0, 0],
        "9": [25, 2]
      },
      "meta": {
        "lastBranch": 10,
        "lastFunction": 12,
        "lastStatement": 23,
        "seen": {
          "f:42:24:42:34": 0,
          "s:43:8:43:Infinity": 0,
          "f:43:65:43:71": 1,
          "s:43:71:43:185": 1,
          "b:43:111:43:129:43:129:43:137": 0,
          "b:43:147:43:161:43:161:43:167": 1,
          "s:44:30:48:Infinity": 2,
          "f:44:30:44:37": 2,
          "b:45:4:45:Infinity:undefined:undefined:undefined:undefined": 2,
          "s:45:4:45:Infinity": 3,
          "s:45:15:45:Infinity": 4,
          "s:46:4:47:Infinity": 5,
          "s:46:10:46:90": 6,
          "s:46:90:46:136": 7,
          "s:46:136:46:249": 8,
          "s:47:12:47:71": 9,
          "s:49:2:60:Infinity": 10,
          "b:52:7:52:38:52:38:52:Infinity": 3,
          "b:52:75:52:152:52:152:52:156": 4,
          "f:52:100:52:105": 3,
          "s:52:105:52:141": 11,
          "b:52:170:52:255:52:255:52:261": 5,
          "f:52:195:52:200": 4,
          "s:52:200:52:236": 12,
          "f:52:361:52:362": 5,
          "s:52:384:52:470": 13,
          "s:52:470:52:535": 14,
          "f:53:69:53:75": 6,
          "s:53:75:53:116": 15,
          "f:54:78:54:84": 7,
          "s:54:84:54:130": 16,
          "b:55:7:55:34:55:34:55:Infinity": 6,
          "f:55:129:55:135": 8,
          "s:55:137:55:179": 17,
          "s:55:179:55:213": 18,
          "f:55:224:55:231": 9,
          "s:55:249:55:300": 19,
          "b:56:7:56:35:56:35:56:Infinity": 7,
          "b:56:104:56:143:56:143:56:147": 8,
          "f:56:197:56:203": 10,
          "s:56:205:56:248": 20,
          "s:56:248:56:283": 21,
          "f:57:51:57:57": 11,
          "s:57:57:57:83": 22,
          "b:59:7:59:25:59:25:59:Infinity": 9
        }
      }
    },
    "/home/alex/users/kate/hak/packages/frontend/src/components/SentenceMenu.tsx": {
      "path": "/home/alex/users/kate/hak/packages/frontend/src/components/SentenceMenu.tsx",
      "statementMap": {
        "0": {
          "start": { "line": 29, "column": 26 },
          "end": { "line": 39, "column": null }
        },
        "1": {
          "start": { "line": 30, "column": 2 },
          "end": { "line": 39, "column": null }
        },
        "2": {
          "start": { "line": 33, "column": 143 },
          "end": { "line": 33, "column": 175 }
        },
        "3": {
          "start": { "line": 33, "column": 191 },
          "end": { "line": 33, "column": 212 }
        },
        "4": {
          "start": { "line": 36, "column": 280 },
          "end": { "line": 36, "column": 519 }
        },
        "5": {
          "start": { "line": 36, "column": 368 },
          "end": { "line": 36, "column": 413 }
        },
        "6": {
          "start": { "line": 36, "column": 413 },
          "end": { "line": 36, "column": 424 }
        },
        "7": {
          "start": { "line": 37, "column": 155 },
          "end": { "line": 37, "column": 184 }
        },
        "8": {
          "start": { "line": 37, "column": 184 },
          "end": { "line": 37, "column": 195 }
        },
        "9": {
          "start": { "line": 43, "column": 18 },
          "end": { "line": 43, "column": null }
        },
        "10": {
          "start": { "line": 44, "column": 24 },
          "end": { "line": 44, "column": null }
        },
        "11": {
          "start": { "line": 44, "column": 42 },
          "end": { "line": 44, "column": 102 }
        },
        "12": {
          "start": { "line": 45, "column": 38 },
          "end": { "line": 45, "column": null }
        },
        "13": {
          "start": { "line": 48, "column": 2 },
          "end": { "line": 57, "column": null }
        },
        "14": {
          "start": { "line": 49, "column": 4 },
          "end": { "line": 56, "column": null }
        },
        "15": {
          "start": { "line": 50, "column": 19 },
          "end": { "line": 50, "column": null }
        },
        "16": {
          "start": { "line": 52, "column": 6 },
          "end": { "line": 55, "column": null }
        },
        "17": {
          "start": { "line": 59, "column": 24 },
          "end": { "line": 63, "column": null }
        },
        "18": {
          "start": { "line": 60, "column": 4 },
          "end": { "line": 62, "column": null }
        },
        "19": {
          "start": { "line": 61, "column": 6 },
          "end": { "line": 61, "column": null }
        },
        "20": {
          "start": { "line": 66, "column": 30 },
          "end": { "line": 66, "column": null }
        },
        "21": {
          "start": { "line": 67, "column": 24 },
          "end": { "line": 67, "column": null }
        },
        "22": {
          "start": { "line": 68, "column": 20 },
          "end": { "line": 68, "column": null }
        },
        "23": {
          "start": { "line": 70, "column": 2 },
          "end": { "line": 79, "column": null }
        },
        "24": {
          "start": { "line": 74, "column": 373 },
          "end": { "line": 74, "column": 384 }
        },
        "25": {
          "start": { "line": 74, "column": 384 },
          "end": { "line": 74, "column": 395 }
        },
        "26": {
          "start": { "line": 75, "column": 82 },
          "end": { "line": 75, "column": 113 }
        },
        "27": {
          "start": { "line": 75, "column": 113 },
          "end": { "line": 75, "column": 124 }
        },
        "28": {
          "start": { "line": 76, "column": 82 },
          "end": { "line": 76, "column": 106 }
        },
        "29": {
          "start": { "line": 76, "column": 106 },
          "end": { "line": 76, "column": 117 }
        },
        "30": {
          "start": { "line": 77, "column": 111 },
          "end": { "line": 77, "column": 133 }
        },
        "31": {
          "start": { "line": 77, "column": 133 },
          "end": { "line": 77, "column": 144 }
        }
      },
      "fnMap": {
        "0": {
          "name": "(anonymous_0)",
          "decl": {
            "start": { "line": 29, "column": 26 },
            "end": { "line": 29, "column": 27 }
          },
          "loc": {
            "start": { "line": 30, "column": 2 },
            "end": { "line": 39, "column": null }
          },
          "line": 30
        },
        "1": {
          "name": "(anonymous_1)",
          "decl": {
            "start": { "line": 33, "column": 136 },
            "end": { "line": 33, "column": 137 }
          },
          "loc": {
            "start": { "line": 33, "column": 143 },
            "end": { "line": 33, "column": 175 }
          },
          "line": 33
        },
        "2": {
          "name": "(anonymous_2)",
          "decl": {
            "start": { "line": 33, "column": 184 },
            "end": { "line": 33, "column": 185 }
          },
          "loc": {
            "start": { "line": 33, "column": 191 },
            "end": { "line": 33, "column": 212 }
          },
          "line": 33
        },
        "3": {
          "name": "(anonymous_3)",
          "decl": {
            "start": { "line": 36, "column": 272 },
            "end": { "line": 36, "column": 280 }
          },
          "loc": {
            "start": { "line": 36, "column": 280 },
            "end": { "line": 36, "column": 519 }
          },
          "line": 36
        },
        "4": {
          "name": "(anonymous_4)",
          "decl": {
            "start": { "line": 36, "column": 360 },
            "end": { "line": 36, "column": 366 }
          },
          "loc": {
            "start": { "line": 36, "column": 366 },
            "end": { "line": 36, "column": 427 }
          },
          "line": 36
        },
        "5": {
          "name": "(anonymous_5)",
          "decl": {
            "start": { "line": 37, "column": 147 },
            "end": { "line": 37, "column": 153 }
          },
          "loc": {
            "start": { "line": 37, "column": 153 },
            "end": { "line": 37, "column": 198 }
          },
          "line": 37
        },
        "6": {
          "name": "SentenceMenu",
          "decl": {
            "start": { "line": 42, "column": 24 },
            "end": { "line": 42, "column": 37 }
          },
          "loc": {
            "start": { "line": 42, "column": 258 },
            "end": { "line": 81, "column": null }
          },
          "line": 42
        },
        "7": {
          "name": "(anonymous_7)",
          "decl": {
            "start": { "line": 44, "column": 37 },
            "end": { "line": 44, "column": 42 }
          },
          "loc": {
            "start": { "line": 44, "column": 42 },
            "end": { "line": 44, "column": 102 }
          },
          "line": 44
        },
        "8": {
          "name": "(anonymous_8)",
          "decl": {
            "start": { "line": 48, "column": 18 },
            "end": { "line": 48, "column": 24 }
          },
          "loc": {
            "start": { "line": 48, "column": 24 },
            "end": { "line": 57, "column": 5 }
          },
          "line": 48
        },
        "9": {
          "name": "(anonymous_9)",
          "decl": {
            "start": { "line": 59, "column": 24 },
            "end": { "line": 59, "column": 25 }
          },
          "loc": {
            "start": { "line": 59, "column": 58 },
            "end": { "line": 63, "column": null }
          },
          "line": 59
        },
        "10": {
          "name": "(anonymous_10)",
          "decl": {
            "start": { "line": 74, "column": 365 },
            "end": { "line": 74, "column": 371 }
          },
          "loc": {
            "start": { "line": 74, "column": 371 },
            "end": { "line": 74, "column": 398 }
          },
          "line": 74
        },
        "11": {
          "name": "(anonymous_11)",
          "decl": {
            "start": { "line": 75, "column": 74 },
            "end": { "line": 75, "column": 80 }
          },
          "loc": {
            "start": { "line": 75, "column": 80 },
            "end": { "line": 75, "column": 127 }
          },
          "line": 75
        },
        "12": {
          "name": "(anonymous_12)",
          "decl": {
            "start": { "line": 76, "column": 74 },
            "end": { "line": 76, "column": 80 }
          },
          "loc": {
            "start": { "line": 76, "column": 80 },
            "end": { "line": 76, "column": 120 }
          },
          "line": 76
        },
        "13": {
          "name": "(anonymous_13)",
          "decl": {
            "start": { "line": 77, "column": 103 },
            "end": { "line": 77, "column": 109 }
          },
          "loc": {
            "start": { "line": 77, "column": 109 },
            "end": { "line": 77, "column": 147 }
          },
          "line": 77
        }
      },
      "branchMap": {
        "0": {
          "loc": {
            "start": { "line": 36, "column": 84 },
            "end": { "line": 36, "column": 521 }
          },
          "type": "cond-expr",
          "locations": [
            {
              "start": { "line": 36, "column": 101 },
              "end": { "line": 36, "column": 254 }
            },
            {
              "start": { "line": 36, "column": 254 },
              "end": { "line": 36, "column": 521 }
            }
          ],
          "line": 36
        },
        "1": {
          "loc": {
            "start": { "line": 49, "column": 4 },
            "end": { "line": 56, "column": null }
          },
          "type": "if",
          "locations": [
            {
              "start": { "line": 49, "column": 4 },
              "end": { "line": 56, "column": null }
            },
            { "start": {}, "end": {} }
          ],
          "line": 49
        },
        "2": {
          "loc": {
            "start": { "line": 60, "column": 4 },
            "end": { "line": 62, "column": null }
          },
          "type": "if",
          "locations": [
            {
              "start": { "line": 60, "column": 4 },
              "end": { "line": 62, "column": null }
            },
            { "start": {}, "end": {} }
          ],
          "line": 60
        },
        "3": {
          "loc": {
            "start": { "line": 66, "column": 30 },
            "end": { "line": 66, "column": null }
          },
          "type": "binary-expr",
          "locations": [
            {
              "start": { "line": 66, "column": 30 },
              "end": { "line": 66, "column": 44 }
            },
            {
              "start": { "line": 66, "column": 44 },
              "end": { "line": 66, "column": null }
            }
          ],
          "line": 66
        },
        "4": {
          "loc": {
            "start": { "line": 67, "column": 89 },
            "end": { "line": 67, "column": 150 }
          },
          "type": "cond-expr",
          "locations": [
            {
              "start": { "line": 67, "column": 111 },
              "end": { "line": 67, "column": 148 }
            },
            {
              "start": { "line": 67, "column": 148 },
              "end": { "line": 67, "column": 150 }
            }
          ],
          "line": 67
        },
        "5": {
          "loc": {
            "start": { "line": 68, "column": 20 },
            "end": { "line": 68, "column": null }
          },
          "type": "cond-expr",
          "locations": [
            {
              "start": { "line": 68, "column": 42 },
              "end": { "line": 68, "column": 108 }
            },
            {
              "start": { "line": 68, "column": 108 },
              "end": { "line": 68, "column": null }
            }
          ],
          "line": 68
        },
        "6": {
          "loc": {
            "start": { "line": 74, "column": 9 },
            "end": { "line": 74, "column": null }
          },
          "type": "cond-expr",
          "locations": [
            {
              "start": { "line": 74, "column": 27 },
              "end": { "line": 74, "column": 299 }
            },
            {
              "start": { "line": 74, "column": 299 },
              "end": { "line": 74, "column": null }
            }
          ],
          "line": 74
        }
      },
      "s": {
        "0": 1,
        "1": 0,
        "2": 0,
        "3": 0,
        "4": 0,
        "5": 0,
        "6": 0,
        "7": 0,
        "8": 0,
        "9": 0,
        "10": 0,
        "11": 0,
        "12": 0,
        "13": 0,
        "14": 0,
        "15": 0,
        "16": 0,
        "17": 0,
        "18": 0,
        "19": 0,
        "20": 0,
        "21": 0,
        "22": 0,
        "23": 0,
        "24": 0,
        "25": 0,
        "26": 0,
        "27": 0,
        "28": 0,
        "29": 0,
        "30": 0,
        "31": 0
      },
      "f": {
        "0": 0,
        "1": 0,
        "2": 0,
        "3": 0,
        "4": 0,
        "5": 0,
        "6": 0,
        "7": 0,
        "8": 0,
        "9": 0,
        "10": 0,
        "11": 0,
        "12": 0,
        "13": 0
      },
      "b": {
        "0": [0, 0],
        "1": [0, 0],
        "2": [0, 0],
        "3": [0, 0],
        "4": [0, 0],
        "5": [0, 0],
        "6": [0, 0]
      },
      "meta": {
        "lastBranch": 7,
        "lastFunction": 14,
        "lastStatement": 32,
        "seen": {
          "s:29:26:39:Infinity": 0,
          "f:29:26:29:27": 0,
          "s:30:2:39:Infinity": 1,
          "f:33:136:33:137": 1,
          "s:33:143:33:175": 2,
          "f:33:184:33:185": 2,
          "s:33:191:33:212": 3,
          "b:36:101:36:254:36:254:36:521": 0,
          "f:36:272:36:280": 3,
          "s:36:280:36:519": 4,
          "f:36:360:36:366": 4,
          "s:36:368:36:413": 5,
          "s:36:413:36:424": 6,
          "f:37:147:37:153": 5,
          "s:37:155:37:184": 7,
          "s:37:184:37:195": 8,
          "f:42:24:42:37": 6,
          "s:43:18:43:Infinity": 9,
          "s:44:24:44:Infinity": 10,
          "f:44:37:44:42": 7,
          "s:44:42:44:102": 11,
          "s:45:38:45:Infinity": 12,
          "s:48:2:57:Infinity": 13,
          "f:48:18:48:24": 8,
          "b:49:4:56:Infinity:undefined:undefined:undefined:undefined": 1,
          "s:49:4:56:Infinity": 14,
          "s:50:19:50:Infinity": 15,
          "s:52:6:55:Infinity": 16,
          "s:59:24:63:Infinity": 17,
          "f:59:24:59:25": 9,
          "b:60:4:62:Infinity:undefined:undefined:undefined:undefined": 2,
          "s:60:4:62:Infinity": 18,
          "s:61:6:61:Infinity": 19,
          "s:66:30:66:Infinity": 20,
          "b:66:30:66:44:66:44:66:Infinity": 3,
          "s:67:24:67:Infinity": 21,
          "b:67:111:67:148:67:148:67:150": 4,
          "s:68:20:68:Infinity": 22,
          "b:68:42:68:108:68:108:68:Infinity": 5,
          "s:70:2:79:Infinity": 23,
          "b:74:27:74:299:74:299:74:Infinity": 6,
          "f:74:365:74:371": 10,
          "s:74:373:74:384": 24,
          "s:74:384:74:395": 25,
          "f:75:74:75:80": 11,
          "s:75:82:75:113": 26,
          "s:75:113:75:124": 27,
          "f:76:74:76:80": 12,
          "s:76:82:76:106": 28,
          "s:76:106:76:117": 29,
          "f:77:103:77:109": 13,
          "s:77:111:77:133": 30,
          "s:77:133:77:144": 31
        }
      }
    },
    "/home/alex/users/kate/hak/packages/frontend/src/components/AppHeader.tsx": {
      "path": "/home/alex/users/kate/hak/packages/frontend/src/components/AppHeader.tsx",
      "statementMap": {
        "0": {
          "start": { "line": 15, "column": 27 },
          "end": { "line": 20, "column": null }
        },
        "1": {
          "start": { "line": 16, "column": 4 },
          "end": { "line": 19, "column": null }
        },
        "2": {
          "start": { "line": 17, "column": 6 },
          "end": { "line": 17, "column": null }
        },
        "3": {
          "start": { "line": 18, "column": 6 },
          "end": { "line": 18, "column": null }
        },
        "4": {
          "start": { "line": 22, "column": 2 },
          "end": { "line": 38, "column": null }
        },
        "5": {
          "start": { "line": 27, "column": 64 },
          "end": { "line": 27, "column": 111 }
        },
        "6": {
          "start": { "line": 28, "column": 60 },
          "end": { "line": 28, "column": 107 }
        }
      },
      "fnMap": {
        "0": {
          "name": "AppHeader",
          "decl": {
            "start": { "line": 14, "column": 24 },
            "end": { "line": 14, "column": 34 }
          },
          "loc": {
            "start": { "line": 14, "column": 118 },
            "end": { "line": 40, "column": null }
          },
          "line": 14
        },
        "1": {
          "name": "(anonymous_1)",
          "decl": {
            "start": { "line": 15, "column": 27 },
            "end": { "line": 15, "column": 28 }
          },
          "loc": {
            "start": { "line": 15, "column": 52 },
            "end": { "line": 20, "column": null }
          },
          "line": 15
        },
        "2": {
          "name": "(anonymous_2)",
[...]
          "end": { "line": 27, "column": null }
        },
        "12": {
          "start": { "line": 29, "column": 4 },
          "end": { "line": 29, "column": null }
        },
        "13": {
          "start": { "line": 29, "column": 33 },
          "end": { "line": 29, "column": 70 }
        },
        "14": {
          "start": { "line": 31, "column": 2 },
          "end": { "line": 31, "column": null }
        },
        "15": {
          "start": { "line": 35, "column": 19 },
          "end": { "line": 39, "column": null }
        },
        "16": {
          "start": { "line": 40, "column": 2 },
          "end": { "line": 40, "column": null }
        },
        "17": {
          "start": { "line": 40, "column": 20 },
          "end": { "line": 40, "column": null }
        },
        "18": {
          "start": { "line": 42, "column": 35 },
          "end": { "line": 42, "column": null }
        },
        "19": {
          "start": { "line": 44, "column": 2 },
          "end": { "line": 46, "column": null }
        },
        "20": {
          "start": { "line": 45, "column": 4 },
          "end": { "line": 45, "column": null }
        },
        "21": {
          "start": { "line": 48, "column": 2 },
          "end": { "line": 48, "column": null }
        }
      },
      "fnMap": {
        "0": {
          "name": "pollForAudio",
          "decl": {
            "start": { "line": 17, "column": 15 },
            "end": { "line": 17, "column": 28 }
          },
          "loc": {
            "start": { "line": 17, "column": 63 },
            "end": { "line": 32, "column": null }
          },
          "line": 17
        },
        "1": {
          "name": "(anonymous_1)",
          "decl": {
            "start": { "line": 29, "column": 22 },
            "end": { "line": 29, "column": 33 }
          },
          "loc": {
            "start": { "line": 29, "column": 33 },
            "end": { "line": 29, "column": 70 }
          },
          "line": 29
        },
        "2": {
          "name": "synthesizeWithPolling",
          "decl": {
            "start": { "line": 34, "column": 22 },
            "end": { "line": 34, "column": 44 }
          },
          "loc": {
            "start": { "line": 34, "column": 90 },
            "end": { "line": 49, "column": null }
          },
          "line": 34
        }
      },
      "branchMap": {
        "0": {
          "loc": {
            "start": { "line": 20, "column": 4 },
            "end": { "line": 20, "column": null }
          },
          "type": "if",
          "locations": [
            {
              "start": { "line": 20, "column": 4 },
              "end": { "line": 20, "column": null }
            },
            { "start": {}, "end": {} }
          ],
          "line": 20
        },
        "1": {
          "loc": {
            "start": { "line": 23, "column": 4 },
            "end": { "line": 25, "column": null }
          },
          "type": "if",
          "locations": [
            {
              "start": { "line": 23, "column": 4 },
              "end": { "line": 25, "column": null }
            },
            { "start": {}, "end": {} }
          ],
          "line": 23
        },
        "2": {
          "loc": {
            "start": { "line": 23, "column": 8 },
            "end": { "line": 23, "column": 50 }
          },
          "type": "binary-expr",
          "locations": [
            {
              "start": { "line": 23, "column": 8 },
              "end": { "line": 23, "column": 35 }
            },
            {
              "start": { "line": 23, "column": 35 },
              "end": { "line": 23, "column": 50 }
            }
          ],
          "line": 23
        },
        "3": {
          "loc": {
            "start": { "line": 26, "column": 4 },
            "end": { "line": 28, "column": null }
          },
          "type": "if",
          "locations": [
            {
              "start": { "line": 26, "column": 4 },
              "end": { "line": 28, "column": null }
            },
            { "start": {}, "end": {} }
          ],
          "line": 26
        },
        "4": {
          "loc": {
            "start": { "line": 27, "column": 22 },
            "end": { "line": 27, "column": 54 }
          },
          "type": "binary-expr",
          "locations": [
            {
              "start": { "line": 27, "column": 22 },
              "end": { "line": 27, "column": 36 }
            },
            {
              "start": { "line": 27, "column": 36 },
              "end": { "line": 27, "column": 54 }
            }
          ],
          "line": 27
        },
        "5": {
          "loc": {
            "start": { "line": 40, "column": 2 },
            "end": { "line": 40, "column": null }
          },
          "type": "if",
          "locations": [
            {
              "start": { "line": 40, "column": 2 },
              "end": { "line": 40, "column": null }
            },
            { "start": {}, "end": {} }
          ],
          "line": 40
        },
        "6": {
          "loc": {
            "start": { "line": 44, "column": 2 },
            "end": { "line": 46, "column": null }
          },
          "type": "if",
          "locations": [
            {
              "start": { "line": 44, "column": 2 },
              "end": { "line": 46, "column": null }
            },
            { "start": {}, "end": {} }
          ],
          "line": 44
        },
        "7": {
          "loc": {
            "start": { "line": 44, "column": 2 },
            "end": { "line": 44, "column": 78 }
          },
          "type": "binary-expr",
          "locations": [
            {
              "start": { "line": 44, "column": 7 },
              "end": { "line": 44, "column": 35 }
            },
            {
              "start": { "line": 44, "column": 35 },
              "end": { "line": 44, "column": 63 }
            },
            {
              "start": { "line": 44, "column": 63 },
              "end": { "line": 44, "column": 78 }
            }
          ],
          "line": 44
        }
      },
      "s": {
        "0": 2,
        "1": 2,
        "2": 0,
        "3": 0,
        "4": 0,
        "5": 0,
        "6": 0,
        "7": 0,
        "8": 0,
        "9": 0,
        "10": 0,
        "11": 0,
        "12": 0,
        "13": 0,
        "14": 0,
        "15": 0,
        "16": 0,
        "17": 0,
        "18": 0,
        "19": 0,
        "20": 0,
        "21": 0
      },
      "f": { "0": 0, "1": 0, "2": 0 },
      "b": {
        "0": [0, 0],
        "1": [0, 0],
        "2": [0, 0],
        "3": [0, 0],
        "4": [0, 0],
        "5": [0, 0],
        "6": [0, 0],
        "7": [0, 0, 0]
      },
      "meta": {
        "lastBranch": 8,
        "lastFunction": 3,
        "lastStatement": 22,
        "seen": {
          "s:1:25:1:Infinity": 0,
          "s:2:26:2:Infinity": 1,
          "f:17:15:17:28": 0,
          "s:18:2:30:Infinity": 2,
          "s:18:15:18:18": 3,
          "s:19:21:19:Infinity": 4,
          "b:20:4:20:Infinity:undefined:undefined:undefined:undefined": 0,
          "s:20:4:20:Infinity": 5,
          "s:20:22:20:Infinity": 6,
          "s:21:33:21:Infinity": 7,
          "b:23:4:25:Infinity:undefined:undefined:undefined:undefined": 1,
          "s:23:4:25:Infinity": 8,
          "b:23:8:23:35:23:35:23:50": 2,
          "s:24:6:24:Infinity": 9,
          "b:26:4:28:Infinity:undefined:undefined:undefined:undefined": 3,
          "s:26:4:28:Infinity": 10,
          "s:27:6:27:Infinity": 11,
          "b:27:22:27:36:27:36:27:54": 4,
          "s:29:4:29:Infinity": 12,
          "f:29:22:29:33": 1,
          "s:29:33:29:70": 13,
          "s:31:2:31:Infinity": 14,
          "f:34:22:34:44": 2,
          "s:35:19:39:Infinity": 15,
          "b:40:2:40:Infinity:undefined:undefined:undefined:undefined": 5,
          "s:40:2:40:Infinity": 16,
          "s:40:20:40:Infinity": 17,
          "s:42:35:42:Infinity": 18,
          "b:44:2:46:Infinity:undefined:undefined:undefined:undefined": 6,
          "s:44:2:46:Infinity": 19,
          "b:44:7:44:35:44:35:44:63:44:63:44:78": 7,
          "s:45:4:45:Infinity": 20,
          "s:48:2:48:Infinity": 21
        }
      }
    },
    "/home/alex/users/kate/hak/packages/frontend/src/utils/phoneticMarkers.ts": {
      "path": "/home/alex/users/kate/hak/packages/frontend/src/utils/phoneticMarkers.ts",
      "statementMap": {
        "0": {
          "start": { "line": 12, "column": 47 },
          "end": { "line": 17, "column": null }
        },
        "1": {
          "start": { "line": 22, "column": 55 },
          "end": { "line": 27, "column": null }
        },
        "2": {
          "start": { "line": 32, "column": 33 },
          "end": { "line": 32, "column": null }
        },
        "3": {
          "start": { "line": 49, "column": 2 },
          "end": { "line": 49, "column": null }
        },
        "4": {
          "start": { "line": 49, "column": 21 },
          "end": { "line": 49, "column": null }
        },
        "5": {
          "start": { "line": 51, "column": 15 },
          "end": { "line": 51, "column": null }
        },
        "6": {
          "start": { "line": 53, "column": 2 },
          "end": { "line": 64, "column": null }
        },
        "7": {
          "start": { "line": 54, "column": 4 },
          "end": { "line": 63, "column": null }
        },
        "8": {
          "start": { "line": 56, "column": 6 },
          "end": { "line": 56, "column": null }
        },
        "9": {
          "start": { "line": 57, "column": 4 },
          "end": { "line": 63, "column": null }
        },
        "10": {
          "start": { "line": 59, "column": 6 },
          "end": { "line": 59, "column": null }
        },
        "11": {
          "start": { "line": 62, "column": 6 },
          "end": { "line": 62, "column": null }
        },
        "12": {
          "start": { "line": 66, "column": 2 },
          "end": { "line": 66, "column": null }
        },
        "13": {
          "start": { "line": 80, "column": 2 },
          "end": { "line": 80, "column": null }
        },
        "14": {
          "start": { "line": 80, "column": 15 },
          "end": { "line": 80, "column": null }
        },
        "15": {
          "start": { "line": 82, "column": 15 },
          "end": { "line": 82, "column": null }
        },
        "16": {
          "start": { "line": 84, "column": 2 },
          "end": { "line": 92, "column": null }
        },
        "17": {
          "start": { "line": 85, "column": 4 },
          "end": { "line": 91, "column": null }
        },
        "18": {
          "start": { "line": 87, "column": 6 },
          "end": { "line": 87, "column": null }
        },
        "19": {
          "start": { "line": 90, "column": 6 },
          "end": { "line": 90, "column": null }
        },
        "20": {
          "start": { "line": 94, "column": 2 },
          "end": { "line": 94, "column": null }
        },
        "21": {
          "start": { "line": 116, "column": 26 },
          "end": { "line": 116, "column": null }
        },
        "22": {
          "start": { "line": 117, "column": 2 },
          "end": { "line": 117, "column": null }
        },
        "23": {
          "start": { "line": 132, "column": 2 },
          "end": { "line": 132, "column": null }
        },
        "24": {
          "start": { "line": 132, "column": 21 },
          "end": { "line": 132, "column": null }
        },
        "25": {
          "start": { "line": 134, "column": 15 },
          "end": { "line": 134, "column": null }
        },
        "26": {
          "start": { "line": 136, "column": 2 },
          "end": { "line": 141, "column": null }
        },
        "27": {
          "start": { "line": 137, "column": 4 },
          "end": { "line": 140, "column": null }
        },
        "28": {
          "start": { "line": 139, "column": 6 },
          "end": { "line": 139, "column": null }
        },
        "29": {
          "start": { "line": 143, "column": 2 },
          "end": { "line": 143, "column": null }
        },
        "30": {
          "start": { "line": 151, "column": 2 },
          "end": { "line": 156, "column": null }
        }
      },
      "fnMap": {
        "0": {
          "name": "transformToUI",
          "decl": {
            "start": { "line": 48, "column": 16 },
            "end": { "line": 48, "column": 30 }
          },
          "loc": {
            "start": { "line": 48, "column": 74 },
            "end": { "line": 67, "column": null }
          },
          "line": 48
        },
        "1": {
          "name": "transformToVabamorf",
          "decl": {
            "start": { "line": 79, "column": 16 },
            "end": { "line": 79, "column": 36 }
          },
          "loc": {
            "start": { "line": 79, "column": 74 },
            "end": { "line": 95, "column": null }
          },
          "line": 79
        },
        "2": {
          "name": "isVabamorfMarker",
          "decl": {
            "start": { "line": 115, "column": 16 },
            "end": { "line": 115, "column": 33 }
          },
          "loc": {
            "start": { "line": 115, "column": 56 },
            "end": { "line": 118, "column": null }
          },
          "line": 115
        },
        "3": {
          "name": "stripPhoneticMarkers",
          "decl": {
            "start": { "line": 131, "column": 16 },
            "end": { "line": 131, "column": 37 }
          },
          "loc": {
            "start": { "line": 131, "column": 81 },
            "end": { "line": 144, "column": null }
          },
          "line": 131
        },
        "4": {
          "name": "getUISymbols",
          "decl": {
            "start": { "line": 150, "column": 16 },
            "end": { "line": 150, "column": 92 }
          },
          "loc": {
            "start": { "line": 150, "column": 92 },
            "end": { "line": 157, "column": null }
          },
          "line": 150
        }
      },
      "branchMap": {
        "0": {
          "loc": {
            "start": { "line": 49, "column": 2 },
            "end": { "line": 49, "column": null }
          },
          "type": "if",
          "locations": [
            {
              "start": { "line": 49, "column": 2 },
              "end": { "line": 49, "column": null }
            },
            { "start": {}, "end": {} }
          ],
          "line": 49
        },
        "1": {
          "loc": {
            "start": { "line": 54, "column": 4 },
            "end": { "line": 63, "column": null }
          },
          "type": "if",
          "locations": [
            {
              "start": { "line": 54, "column": 4 },
              "end": { "line": 63, "column": null }
            },
            {
              "start": { "line": 57, "column": 4 },
              "end": { "line": 63, "column": null }
            }
          ],
          "line": 54
        },
        "2": {
          "loc": {
            "start": { "line": 57, "column": 4 },
            "end": { "line": 63, "column": null }
          },
          "type": "if",
          "locations": [
            {
              "start": { "line": 57, "column": 4 },
              "end": { "line": 63, "column": null }
            },
            {
              "start": { "line": 60, "column": 11 },
              "end": { "line": 63, "column": null }
            }
          ],
          "line": 57
        },
        "3": {
          "loc": {
            "start": { "line": 80, "column": 2 },
            "end": { "line": 80, "column": null }
          },
          "type": "if",
          "locations": [
            {
              "start": { "line": 80, "column": 2 },
              "end": { "line": 80, "column": null }
            },
            { "start": {}, "end": {} }
          ],
          "line": 80
        },
        "4": {
          "loc": {
            "start": { "line": 85, "column": 4 },
            "end": { "line": 91, "column": null }
          },
          "type": "if",
          "locations": [
            {
              "start": { "line": 85, "column": 4 },
              "end": { "line": 91, "column": null }
            },
            {
              "start": { "line": 88, "column": 11 },
              "end": { "line": 91, "column": null }
            }
          ],
          "line": 85
        },
        "5": {
          "loc": {
            "start": { "line": 132, "column": 2 },
            "end": { "line": 132, "column": null }
          },
          "type": "if",
          "locations": [
            {
              "start": { "line": 132, "column": 2 },
              "end": { "line": 132, "column": null }
            },
            { "start": {}, "end": {} }
          ],
          "line": 132
        },
        "6": {
          "loc": {
            "start": { "line": 137, "column": 4 },
            "end": { "line": 140, "column": null }
          },
          "type": "if",
          "locations": [
            {
              "start": { "line": 137, "column": 4 },
              "end": { "line": 140, "column": null }
            },
            { "start": {}, "end": {} }
          ],
          "line": 137
        }
      },
      "s": {
        "0": 2,
        "1": 2,
        "2": 2,
        "3": 0,
        "4": 0,
        "5": 0,
        "6": 0,
        "7": 0,
        "8": 0,
        "9": 0,
        "10": 0,
        "11": 0,
        "12": 0,
        "13": 0,
        "14": 0,
        "15": 0,
        "16": 0,
        "17": 0,
        "18": 0,
        "19": 0,
        "20": 0,
        "21": 0,
        "22": 0,
        "23": 0,
        "24": 0,
        "25": 0,
        "26": 0,
        "27": 0,
        "28": 0,
        "29": 0,
        "30": 0
      },
      "f": { "0": 0, "1": 0, "2": 0, "3": 0, "4": 0 },
      "b": {
        "0": [0, 0],
        "1": [0, 0],
        "2": [0, 0],
        "3": [0, 0],
        "4": [0, 0],
        "5": [0, 0],
        "6": [0, 0]
      },
      "meta": {
        "lastBranch": 7,
        "lastFunction": 5,
        "lastStatement": 31,
        "seen": {
          "s:12:47:17:Infinity": 0,
          "s:22:55:27:Infinity": 1,
          "s:32:33:32:Infinity": 2,
          "f:48:16:48:30": 0,
          "b:49:2:49:Infinity:undefined:undefined:undefined:undefined": 0,
          "s:49:2:49:Infinity": 3,
          "s:49:21:49:Infinity": 4,
          "s:51:15:51:Infinity": 5,
          "s:53:2:64:Infinity": 6,
          "b:54:4:63:Infinity:57:4:63:Infinity": 1,
          "s:54:4:63:Infinity": 7,
          "s:56:6:56:Infinity": 8,
          "b:57:4:63:Infinity:60:11:63:Infinity": 2,
          "s:57:4:63:Infinity": 9,
          "s:59:6:59:Infinity": 10,
          "s:62:6:62:Infinity": 11,
          "s:66:2:66:Infinity": 12,
          "f:79:16:79:36": 1,
          "b:80:2:80:Infinity:undefined:undefined:undefined:undefined": 3,
          "s:80:2:80:Infinity": 13,
          "s:80:15:80:Infinity": 14,
          "s:82:15:82:Infinity": 15,
          "s:84:2:92:Infinity": 16,
          "b:85:4:91:Infinity:88:11:91:Infinity": 4,
          "s:85:4:91:Infinity": 17,
          "s:87:6:87:Infinity": 18,
          "s:90:6:90:Infinity": 19,
          "s:94:2:94:Infinity": 20,
          "f:115:16:115:33": 2,
          "s:116:26:116:Infinity": 21,
          "s:117:2:117:Infinity": 22,
          "f:131:16:131:37": 3,
          "b:132:2:132:Infinity:undefined:undefined:undefined:undefined": 5,
          "s:132:2:132:Infinity": 23,
          "s:132:21:132:Infinity": 24,
          "s:134:15:134:Infinity": 25,
          "s:136:2:141:Infinity": 26,
          "b:137:4:140:Infinity:undefined:undefined:undefined:undefined": 6,
          "s:137:4:140:Infinity": 27,
          "s:139:6:139:Infinity": 28,
          "s:143:2:143:Infinity": 29,
          "f:150:16:150:92": 4,
          "s:151:2:156:Infinity": 30
        }
      }
    }
  }
}
