{
  "/home/alex/users/kate/hak/packages/frontend/src/features/steps/common.steps.mjs": {
    "path": "/home/alex/users/kate/hak/packages/frontend/src/features/steps/common.steps.mjs",
    "statementMap": {
      "0": {
        "start": { "line": 5, "column": 0 },
        "end": { "line": 7, "column": 3 }
      },
      "1": {
        "start": { "line": 6, "column": 2 },
        "end": { "line": 6, "column": 36 }
      }
    },
    "fnMap": {
      "0": {
        "name": "(anonymous_0)",
        "decl": {
          "start": { "line": 5, "column": 7 },
          "end": { "line": 5, "column": 8 }
        },
        "loc": {
          "start": { "line": 5, "column": 19 },
          "end": { "line": 7, "column": 1 }
        },
        "line": 5
      }
    },
    "branchMap": {},
    "s": { "0": 0, "1": 0 },
    "f": { "0": 0 },
    "b": {},
    "all": true
  },
  "/home/alex/users/kate/hak/packages/frontend/src/features/steps/fixtures.mjs": {
    "path": "/home/alex/users/kate/hak/packages/frontend/src/features/steps/fixtures.mjs",
    "statementMap": {},
    "fnMap": {},
    "branchMap": {},
    "s": {},
    "f": {},
    "b": {},
    "all": true
  },
  "/home/alex/users/kate/hak/packages/frontend/src/features/steps/shared-steps.mjs": {
    "path": "/home/alex/users/kate/hak/packages/frontend/src/features/steps/shared-steps.mjs",
    "statementMap": {
      "0": {
        "start": { "line": 11, "column": 0 },
        "end": { "line": 14, "column": 3 }
      },
      "1": {
        "start": { "line": 12, "column": 2 },
        "end": { "line": 12, "column": 25 }
      },
      "2": {
        "start": { "line": 13, "column": 2 },
        "end": { "line": 13, "column": 30 }
      },
      "3": {
        "start": { "line": 16, "column": 0 },
        "end": { "line": 18, "column": 3 }
      },
      "4": {
        "start": { "line": 17, "column": 2 },
        "end": { "line": 17, "column": 30 }
      },
      "5": {
        "start": { "line": 20, "column": 0 },
        "end": { "line": 22, "column": 3 }
      },
      "6": {
        "start": { "line": 21, "column": 2 },
        "end": { "line": 21, "column": 30 }
      },
      "7": {
        "start": { "line": 24, "column": 0 },
        "end": { "line": 26, "column": 3 }
      },
      "8": {
        "start": { "line": 25, "column": 2 },
        "end": { "line": 25, "column": 25 }
      },
      "9": {
        "start": { "line": 30, "column": 0 },
        "end": { "line": 33, "column": 3 }
      },
      "10": {
        "start": { "line": 31, "column": 2 },
        "end": { "line": 31, "column": 31 }
      },
      "11": {
        "start": { "line": 32, "column": 2 },
        "end": { "line": 32, "column": 19 }
      },
      "12": {
        "start": { "line": 35, "column": 0 },
        "end": { "line": 38, "column": 3 }
      },
      "13": {
        "start": { "line": 36, "column": 2 },
        "end": { "line": 36, "column": 30 }
      },
      "14": {
        "start": { "line": 37, "column": 2 },
        "end": { "line": 37, "column": 36 }
      },
      "15": {
        "start": { "line": 40, "column": 0 },
        "end": { "line": 43, "column": 3 }
      },
      "16": {
        "start": { "line": 41, "column": 2 },
        "end": { "line": 41, "column": 31 }
      },
      "17": {
        "start": { "line": 42, "column": 2 },
        "end": { "line": 42, "column": 19 }
      },
      "18": {
        "start": { "line": 47, "column": 0 },
        "end": { "line": 53, "column": 3 }
      },
      "19": {
        "start": { "line": 48, "column": 2 },
        "end": { "line": 52, "column": 6 }
      },
      "20": {
        "start": { "line": 48, "column": 60 },
        "end": { "line": 52, "column": 3 }
      },
      "21": {
        "start": { "line": 55, "column": 0 },
        "end": { "line": 60, "column": 3 }
      },
      "22": {
        "start": { "line": 56, "column": 2 },
        "end": { "line": 59, "column": 4 }
      },
      "23": {
        "start": { "line": 64, "column": 0 },
        "end": { "line": 66, "column": 3 }
      },
      "24": {
        "start": { "line": 65, "column": 2 },
        "end": { "line": 65, "column": 76 }
      }
    },
    "fnMap": {
      "0": {
        "name": "(anonymous_0)",
        "decl": {
          "start": { "line": 11, "column": 31 },
          "end": { "line": 11, "column": 32 }
        },
        "loc": {
          "start": { "line": 11, "column": 43 },
          "end": { "line": 14, "column": 1 }
        },
        "line": 11
      },
      "1": {
        "name": "(anonymous_1)",
        "decl": {
          "start": { "line": 16, "column": 36 },
          "end": { "line": 16, "column": 37 }
        },
        "loc": {
          "start": { "line": 16, "column": 48 },
          "end": { "line": 18, "column": 1 }
        },
        "line": 16
      },
      "2": {
        "name": "(anonymous_2)",
        "decl": {
          "start": { "line": 20, "column": 34 },
          "end": { "line": 20, "column": 35 }
        },
        "loc": {
          "start": { "line": 20, "column": 46 },
          "end": { "line": 22, "column": 1 }
        },
        "line": 20
      },
      "3": {
        "name": "(anonymous_3)",
        "decl": {
          "start": { "line": 24, "column": 23 },
          "end": { "line": 24, "column": 24 }
        },
        "loc": {
          "start": { "line": 24, "column": 35 },
          "end": { "line": 26, "column": 1 }
        },
        "line": 24
      },
      "4": {
        "name": "(anonymous_4)",
        "decl": {
          "start": { "line": 30, "column": 32 },
          "end": { "line": 30, "column": 33 }
        },
        "loc": {
          "start": { "line": 30, "column": 44 },
          "end": { "line": 33, "column": 1 }
        },
        "line": 30
      },
      "5": {
        "name": "(anonymous_5)",
        "decl": {
          "start": { "line": 35, "column": 24 },
          "end": { "line": 35, "column": 25 }
        },
        "loc": {
          "start": { "line": 35, "column": 36 },
          "end": { "line": 38, "column": 1 }
        },
        "line": 35
      },
      "6": {
        "name": "(anonymous_6)",
        "decl": {
          "start": { "line": 40, "column": 27 },
          "end": { "line": 40, "column": 28 }
        },
        "loc": {
          "start": { "line": 40, "column": 39 },
          "end": { "line": 43, "column": 1 }
        },
        "line": 40
      },
      "7": {
        "name": "(anonymous_7)",
        "decl": {
          "start": { "line": 47, "column": 42 },
          "end": { "line": 47, "column": 43 }
        },
        "loc": {
          "start": { "line": 47, "column": 59 },
          "end": { "line": 53, "column": 1 }
        },
        "line": 47
      },
      "8": {
        "name": "(anonymous_8)",
        "decl": {
          "start": { "line": 48, "column": 49 },
          "end": { "line": 48, "column": 50 }
        },
        "loc": {
          "start": { "line": 48, "column": 60 },
          "end": { "line": 52, "column": 3 }
        },
        "line": 48
      },
      "9": {
        "name": "(anonymous_9)",
        "decl": {
          "start": { "line": 55, "column": 48 },
          "end": { "line": 55, "column": 49 }
        },
        "loc": {
          "start": { "line": 55, "column": 72 },
          "end": { "line": 60, "column": 1 }
        },
        "line": 55
      },
      "10": {
        "name": "(anonymous_10)",
        "decl": {
          "start": { "line": 64, "column": 37 },
          "end": { "line": 64, "column": 38 }
        },
        "loc": {
          "start": { "line": 64, "column": 49 },
          "end": { "line": 66, "column": 1 }
        },
        "line": 64
      }
    },
    "branchMap": {
      "0": {
        "loc": {
          "start": { "line": 65, "column": 12 },
          "end": { "line": 65, "column": 74 }
        },
        "type": "binary-expr",
        "locations": [
          {
            "start": { "line": 65, "column": 12 },
            "end": { "line": 65, "column": 27 }
          },
          {
            "start": { "line": 65, "column": 31 },
            "end": { "line": 65, "column": 53 }
          },
          {
            "start": { "line": 65, "column": 57 },
            "end": { "line": 65, "column": 74 }
          }
        ],
        "line": 65
      }
    },
    "s": {
      "0": 0,
      "1": 0,
      "2": 0,
      "3": 0,
      "4": 0,
      "5": 0,
      "6": 0,
      "7": 0,
      "8": 0,
      "9": 0,
      "10": 0,
      "11": 0,
      "12": 0,
      "13": 0,
      "14": 0,
      "15": 0,
      "16": 0,
      "17": 0,
      "18": 0,
      "19": 0,
      "20": 0,
      "21": 0,
      "22": 0,
      "23": 0,
      "24": 0
    },
    "f": {
      "0": 0,
      "1": 0,
      "2": 0,
      "3": 0,
      "4": 0,
      "5": 0,
      "6": 0,
      "7": 0,
      "8": 0,
      "9": 0,
      "10": 0
    },
    "b": { "0": [0, 0, 0] },
    "all": true
  },
  "/home/alex/users/kate/hak/packages/frontend/src/features/steps/us001-synthesis.steps.mjs": {
    "path": "/home/alex/users/kate/hak/packages/frontend/src/features/steps/us001-synthesis.steps.mjs",
    "statementMap": {
      "0": {
        "start": { "line": 7, "column": 0 },
        "end": { "line": 9, "column": 3 }
      },
      "1": {
        "start": { "line": 8, "column": 2 },
        "end": { "line": 8, "column": 19 }
      },
      "2": {
        "start": { "line": 11, "column": 0 },
        "end": { "line": 15, "column": 3 }
      },
      "3": {
        "start": { "line": 12, "column": 2 },
        "end": { "line": 12, "column": 32 }
      },
      "4": {
        "start": { "line": 13, "column": 2 },
        "end": { "line": 13, "column": 34 }
      },
      "5": {
        "start": { "line": 14, "column": 2 },
        "end": { "line": 14, "column": 31 }
      },
      "6": {
        "start": { "line": 17, "column": 0 },
        "end": { "line": 20, "column": 3 }
      },
      "7": {
        "start": { "line": 18, "column": 2 },
        "end": { "line": 18, "column": 36 }
      },
      "8": {
        "start": { "line": 19, "column": 2 },
        "end": { "line": 19, "column": 32 }
      },
      "9": {
        "start": { "line": 22, "column": 0 },
        "end": { "line": 24, "column": 3 }
      },
      "10": {
        "start": { "line": 23, "column": 2 },
        "end": { "line": 23, "column": 32 }
      }
    },
    "fnMap": {
      "0": {
        "name": "(anonymous_0)",
        "decl": {
          "start": { "line": 7, "column": 43 },
          "end": { "line": 7, "column": 44 }
        },
        "loc": {
          "start": { "line": 7, "column": 59 },
          "end": { "line": 9, "column": 1 }
        },
        "line": 7
      },
      "1": {
        "name": "(anonymous_1)",
        "decl": {
          "start": { "line": 11, "column": 32 },
          "end": { "line": 11, "column": 33 }
        },
        "loc": {
          "start": { "line": 11, "column": 44 },
          "end": { "line": 15, "column": 1 }
        },
        "line": 11
      },
      "2": {
        "name": "(anonymous_2)",
        "decl": {
          "start": { "line": 17, "column": 37 },
          "end": { "line": 17, "column": 38 }
        },
        "loc": {
          "start": { "line": 17, "column": 49 },
          "end": { "line": 20, "column": 1 }
        },
        "line": 17
      },
      "3": {
        "name": "(anonymous_3)",
        "decl": {
          "start": { "line": 22, "column": 52 },
          "end": { "line": 22, "column": 53 }
        },
        "loc": {
          "start": { "line": 22, "column": 64 },
          "end": { "line": 24, "column": 1 }
        },
        "line": 22
      }
    },
    "branchMap": {},
    "s": {
      "0": 0,
      "1": 0,
      "2": 0,
      "3": 0,
      "4": 0,
      "5": 0,
      "6": 0,
      "7": 0,
      "8": 0,
      "9": 0,
      "10": 0
    },
    "f": { "0": 0, "1": 0, "2": 0, "3": 0 },
    "b": {},
    "all": true
  },
  "/home/alex/users/kate/hak/packages/frontend/src/features/steps/us003-download.steps.mjs": {
    "path": "/home/alex/users/kate/hak/packages/frontend/src/features/steps/us003-download.steps.mjs",
    "statementMap": {
      "0": {
        "start": { "line": 7, "column": 0 },
        "end": { "line": 9, "column": 3 }
      },
      "1": {
        "start": { "line": 8, "column": 2 },
        "end": { "line": 8, "column": 19 }
      },
      "2": {
        "start": { "line": 11, "column": 0 },
        "end": { "line": 14, "column": 3 }
      },
      "3": {
        "start": { "line": 12, "column": 2 },
        "end": { "line": 12, "column": 31 }
      },
      "4": {
        "start": { "line": 13, "column": 2 },
        "end": { "line": 13, "column": 43 }
      },
      "5": {
        "start": { "line": 16, "column": 0 },
        "end": { "line": 19, "column": 3 }
      },
      "6": {
        "start": { "line": 17, "column": 2 },
        "end": { "line": 17, "column": 32 }
      },
      "7": {
        "start": { "line": 18, "column": 2 },
        "end": { "line": 18, "column": 23 }
      },
      "8": {
        "start": { "line": 21, "column": 0 },
        "end": { "line": 24, "column": 3 }
      },
      "9": {
        "start": { "line": 22, "column": 2 },
        "end": { "line": 22, "column": 19 }
      },
      "10": {
        "start": { "line": 23, "column": 2 },
        "end": { "line": 23, "column": 55 }
      },
      "11": {
        "start": { "line": 26, "column": 0 },
        "end": { "line": 28, "column": 3 }
      },
      "12": {
        "start": { "line": 27, "column": 2 },
        "end": { "line": 27, "column": 23 }
      },
      "13": {
        "start": { "line": 30, "column": 0 },
        "end": { "line": 39, "column": 3 }
      },
      "14": {
        "start": { "line": 31, "column": 2 },
        "end": { "line": 37, "column": 3 }
      },
      "15": {
        "start": { "line": 32, "column": 4 },
        "end": { "line": 35, "column": 5 }
      },
      "16": {
        "start": { "line": 33, "column": 6 },
        "end": { "line": 33, "column": 47 }
      },
      "17": {
        "start": { "line": 34, "column": 6 },
        "end": { "line": 34, "column": 35 }
      },
      "18": {
        "start": { "line": 36, "column": 4 },
        "end": { "line": 36, "column": 62 }
      },
      "19": {
        "start": { "line": 38, "column": 2 },
        "end": { "line": 38, "column": 24 }
      },
      "20": {
        "start": { "line": 41, "column": 0 },
        "end": { "line": 43, "column": 3 }
      },
      "21": {
        "start": { "line": 42, "column": 2 },
        "end": { "line": 42, "column": 34 }
      },
      "22": {
        "start": { "line": 45, "column": 0 },
        "end": { "line": 48, "column": 3 }
      },
      "23": {
        "start": { "line": 46, "column": 2 },
        "end": { "line": 46, "column": 34 }
      },
      "24": {
        "start": { "line": 47, "column": 2 },
        "end": { "line": 47, "column": 31 }
      },
      "25": {
        "start": { "line": 50, "column": 0 },
        "end": { "line": 52, "column": 3 }
      },
      "26": {
        "start": { "line": 51, "column": 2 },
        "end": { "line": 51, "column": 53 }
      },
      "27": {
        "start": { "line": 54, "column": 0 },
        "end": { "line": 56, "column": 3 }
      },
      "28": {
        "start": { "line": 55, "column": 2 },
        "end": { "line": 55, "column": 36 }
      },
      "29": {
        "start": { "line": 58, "column": 0 },
        "end": { "line": 60, "column": 3 }
      },
      "30": {
        "start": { "line": 59, "column": 2 },
        "end": { "line": 59, "column": 34 }
      },
      "31": {
        "start": { "line": 62, "column": 0 },
        "end": { "line": 64, "column": 3 }
      },
      "32": {
        "start": { "line": 63, "column": 2 },
        "end": { "line": 63, "column": 56 }
      }
    },
    "fnMap": {
      "0": {
        "name": "(anonymous_0)",
        "decl": {
          "start": { "line": 7, "column": 51 },
          "end": { "line": 7, "column": 52 }
        },
        "loc": {
          "start": { "line": 7, "column": 67 },
          "end": { "line": 9, "column": 1 }
        },
        "line": 7
      },
      "1": {
        "name": "(anonymous_1)",
        "decl": {
          "start": { "line": 11, "column": 40 },
          "end": { "line": 11, "column": 41 }
        },
        "loc": {
          "start": { "line": 11, "column": 52 },
          "end": { "line": 14, "column": 1 }
        },
        "line": 11
      },
      "2": {
        "name": "(anonymous_2)",
        "decl": {
          "start": { "line": 16, "column": 48 },
          "end": { "line": 16, "column": 49 }
        },
        "loc": {
          "start": { "line": 16, "column": 60 },
          "end": { "line": 19, "column": 1 }
        },
        "line": 16
      },
      "3": {
        "name": "(anonymous_3)",
        "decl": {
          "start": { "line": 21, "column": 50 },
          "end": { "line": 21, "column": 51 }
        },
        "loc": {
          "start": { "line": 21, "column": 66 },
          "end": { "line": 24, "column": 1 }
        },
        "line": 21
      },
      "4": {
        "name": "(anonymous_4)",
        "decl": {
          "start": { "line": 26, "column": 44 },
          "end": { "line": 26, "column": 45 }
        },
        "loc": {
          "start": { "line": 26, "column": 56 },
          "end": { "line": 28, "column": 1 }
        },
        "line": 26
      },
      "5": {
        "name": "(anonymous_5)",
        "decl": {
          "start": { "line": 30, "column": 32 },
          "end": { "line": 30, "column": 33 }
        },
        "loc": {
          "start": { "line": 30, "column": 50 },
          "end": { "line": 39, "column": 1 }
        },
        "line": 30
      },
      "6": {
        "name": "(anonymous_6)",
        "decl": {
          "start": { "line": 41, "column": 35 },
          "end": { "line": 41, "column": 36 }
        },
        "loc": {
          "start": { "line": 41, "column": 47 },
          "end": { "line": 43, "column": 1 }
        },
        "line": 41
      },
      "7": {
        "name": "(anonymous_7)",
        "decl": {
          "start": { "line": 45, "column": 46 },
          "end": { "line": 45, "column": 47 }
        },
        "loc": {
          "start": { "line": 45, "column": 58 },
          "end": { "line": 48, "column": 1 }
        },
        "line": 45
      },
      "8": {
        "name": "(anonymous_8)",
        "decl": {
          "start": { "line": 50, "column": 48 },
          "end": { "line": 50, "column": 49 }
        },
        "loc": {
          "start": { "line": 50, "column": 64 },
          "end": { "line": 52, "column": 1 }
        },
        "line": 50
      },
      "9": {
        "name": "(anonymous_9)",
        "decl": {
          "start": { "line": 54, "column": 47 },
          "end": { "line": 54, "column": 48 }
        },
        "loc": {
          "start": { "line": 54, "column": 59 },
          "end": { "line": 56, "column": 1 }
        },
        "line": 54
      },
      "10": {
        "name": "(anonymous_10)",
        "decl": {
          "start": { "line": 58, "column": 61 },
          "end": { "line": 58, "column": 62 }
        },
        "loc": {
          "start": { "line": 58, "column": 73 },
          "end": { "line": 60, "column": 1 }
        },
        "line": 58
      },
      "11": {
        "name": "(anonymous_11)",
        "decl": {
          "start": { "line": 62, "column": 26 },
          "end": { "line": 62, "column": 27 }
        },
        "loc": {
          "start": { "line": 62, "column": 38 },
          "end": { "line": 64, "column": 1 }
        },
        "line": 62
      }
    },
    "branchMap": {
      "0": {
        "loc": {
          "start": { "line": 31, "column": 2 },
          "end": { "line": 37, "column": 3 }
        },
        "type": "if",
        "locations": [
          {
            "start": { "line": 31, "column": 2 },
            "end": { "line": 37, "column": 3 }
          },
          { "start": {}, "end": {} }
        ],
        "line": 31
      },
      "1": {
        "loc": {
          "start": { "line": 32, "column": 4 },
          "end": { "line": 35, "column": 5 }
        },
        "type": "if",
        "locations": [
          {
            "start": { "line": 32, "column": 4 },
            "end": { "line": 35, "column": 5 }
          },
          { "start": {}, "end": {} }
        ],
        "line": 32
      }
    },
    "s": {
      "0": 0,
      "1": 0,
      "2": 0,
      "3": 0,
      "4": 0,
      "5": 0,
      "6": 0,
      "7": 0,
      "8": 0,
      "9": 0,
      "10": 0,
      "11": 0,
      "12": 0,
      "13": 0,
      "14": 0,
      "15": 0,
      "16": 0,
      "17": 0,
      "18": 0,
      "19": 0,
      "20": 0,
      "21": 0,
      "22": 0,
      "23": 0,
      "24": 0,
      "25": 0,
      "26": 0,
      "27": 0,
      "28": 0,
      "29": 0,
      "30": 0,
      "31": 0,
      "32": 0
    },
    "f": {
      "0": 0,
      "1": 0,
      "2": 0,
      "3": 0,
      "4": 0,
      "5": 0,
      "6": 0,
      "7": 0,
      "8": 0,
      "9": 0,
      "10": 0,
      "11": 0
    },
    "b": { "0": [0, 0], "1": [0, 0] },
    "all": true
  },
  "/home/alex/users/kate/hak/packages/frontend/src/features/steps/us004-stressed-text.steps.mjs": {
    "path": "/home/alex/users/kate/hak/packages/frontend/src/features/steps/us004-stressed-text.steps.mjs",
    "statementMap": {
      "0": {
        "start": { "line": 7, "column": 0 },
        "end": { "line": 11, "column": 3 }
      },
      "1": {
        "start": { "line": 8, "column": 2 },
        "end": { "line": 8, "column": 19 }
      },
      "2": {
        "start": { "line": 9, "column": 2 },
        "end": { "line": 9, "column": 31 }
      },
      "3": {
        "start": { "line": 10, "column": 2 },
        "end": { "line": 10, "column": 45 }
      },
      "4": {
        "start": { "line": 13, "column": 0 },
        "end": { "line": 16, "column": 3 }
      },
      "5": {
        "start": { "line": 14, "column": 2 },
        "end": { "line": 14, "column": 31 }
      },
      "6": {
        "start": { "line": 15, "column": 2 },
        "end": { "line": 15, "column": 32 }
      },
      "7": {
        "start": { "line": 18, "column": 0 },
        "end": { "line": 20, "column": 3 }
      },
      "8": {
        "start": { "line": 19, "column": 2 },
        "end": { "line": 19, "column": 39 }
      },
      "9": {
        "start": { "line": 22, "column": 0 },
        "end": { "line": 24, "column": 3 }
      },
      "10": {
        "start": { "line": 23, "column": 2 },
        "end": { "line": 23, "column": 39 }
      },
      "11": {
        "start": { "line": 26, "column": 0 },
        "end": { "line": 28, "column": 3 }
      },
      "12": {
        "start": { "line": 27, "column": 2 },
        "end": { "line": 27, "column": 39 }
      },
      "13": {
        "start": { "line": 30, "column": 0 },
        "end": { "line": 32, "column": 3 }
      },
      "14": {
        "start": { "line": 31, "column": 2 },
        "end": { "line": 31, "column": 39 }
      },
      "15": {
        "start": { "line": 34, "column": 0 },
        "end": { "line": 36, "column": 3 }
      },
      "16": {
        "start": { "line": 35, "column": 2 },
        "end": { "line": 35, "column": 39 }
      },
      "17": {
        "start": { "line": 38, "column": 0 },
        "end": { "line": 40, "column": 3 }
      },
      "18": {
        "start": { "line": 39, "column": 2 },
        "end": { "line": 39, "column": 34 }
      },
      "19": {
        "start": { "line": 42, "column": 0 },
        "end": { "line": 45, "column": 3 }
      },
      "20": {
        "start": { "line": 43, "column": 2 },
        "end": { "line": 43, "column": 41 }
      },
      "21": {
        "start": { "line": 44, "column": 2 },
        "end": { "line": 44, "column": 39 }
      },
      "22": {
        "start": { "line": 47, "column": 0 },
        "end": { "line": 49, "column": 3 }
      },
      "23": {
        "start": { "line": 48, "column": 2 },
        "end": { "line": 48, "column": 39 }
      }
    },
    "fnMap": {
      "0": {
        "name": "(anonymous_0)",
        "decl": {
          "start": { "line": 7, "column": 37 },
          "end": { "line": 7, "column": 38 }
        },
        "loc": {
          "start": { "line": 7, "column": 53 },
          "end": { "line": 11, "column": 1 }
        },
        "line": 7
      },
      "1": {
        "name": "(anonymous_1)",
        "decl": {
          "start": { "line": 13, "column": 34 },
          "end": { "line": 13, "column": 35 }
        },
        "loc": {
          "start": { "line": 13, "column": 46 },
          "end": { "line": 16, "column": 1 }
        },
        "line": 13
      },
      "2": {
        "name": "(anonymous_2)",
        "decl": {
          "start": { "line": 18, "column": 33 },
          "end": { "line": 18, "column": 34 }
        },
        "loc": {
          "start": { "line": 18, "column": 45 },
          "end": { "line": 20, "column": 1 }
        },
        "line": 18
      },
      "3": {
        "name": "(anonymous_3)",
        "decl": {
          "start": { "line": 22, "column": 41 },
          "end": { "line": 22, "column": 42 }
        },
        "loc": {
          "start": { "line": 22, "column": 53 },
          "end": { "line": 24, "column": 1 }
        },
        "line": 22
      },
      "4": {
        "name": "(anonymous_4)",
        "decl": {
          "start": { "line": 26, "column": 52 },
          "end": { "line": 26, "column": 53 }
        },
        "loc": {
          "start": { "line": 26, "column": 64 },
          "end": { "line": 28, "column": 1 }
        },
        "line": 26
      },
      "5": {
        "name": "(anonymous_5)",
        "decl": {
          "start": { "line": 30, "column": 53 },
          "end": { "line": 30, "column": 54 }
        },
        "loc": {
          "start": { "line": 30, "column": 65 },
          "end": { "line": 32, "column": 1 }
        },
        "line": 30
      },
      "6": {
        "name": "(anonymous_6)",
        "decl": {
          "start": { "line": 34, "column": 60 },
          "end": { "line": 34, "column": 61 }
        },
        "loc": {
          "start": { "line": 34, "column": 72 },
          "end": { "line": 36, "column": 1 }
        },
        "line": 34
      },
      "7": {
        "name": "(anonymous_7)",
        "decl": {
          "start": { "line": 38, "column": 58 },
          "end": { "line": 38, "column": 59 }
        },
        "loc": {
          "start": { "line": 38, "column": 76 },
          "end": { "line": 40, "column": 1 }
        },
        "line": 38
      },
      "8": {
        "name": "(anonymous_8)",
        "decl": {
          "start": { "line": 42, "column": 55 },
          "end": { "line": 42, "column": 56 }
        },
        "loc": {
          "start": { "line": 42, "column": 67 },
          "end": { "line": 45, "column": 1 }
        },
        "line": 42
      },
      "9": {
        "name": "(anonymous_9)",
        "decl": {
          "start": { "line": 47, "column": 40 },
          "end": { "line": 47, "column": 41 }
        },
        "loc": {
          "start": { "line": 47, "column": 52 },
          "end": { "line": 49, "column": 1 }
        },
        "line": 47
      }
    },
    "branchMap": {},
    "s": {
      "0": 0,
      "1": 0,
      "2": 0,
      "3": 0,
      "4": 0,
      "5": 0,
      "6": 0,
      "7": 0,
      "8": 0,
      "9": 0,
      "10": 0,
      "11": 0,
      "12": 0,
      "13": 0,
      "14": 0,
      "15": 0,
      "16": 0,
      "17": 0,
      "18": 0,
      "19": 0,
      "20": 0,
      "21": 0,
      "22": 0,
      "23": 0
    },
    "f": {
      "0": 0,
      "1": 0,
      "2": 0,
      "3": 0,
      "4": 0,
      "5": 0,
      "6": 0,
      "7": 0,
      "8": 0,
      "9": 0
    },
    "b": {},
    "all": true
  },
  "/home/alex/users/kate/hak/packages/frontend/src/features/steps/us005-variants.steps.mjs": {
    "path": "/home/alex/users/kate/hak/packages/frontend/src/features/steps/us005-variants.steps.mjs",
    "statementMap": {
      "0": {
        "start": { "line": 6, "column": 0 },
        "end": { "line": 10, "column": 3 }
      },
      "1": {
        "start": { "line": 7, "column": 2 },
        "end": { "line": 7, "column": 19 }
      },
      "2": {
        "start": { "line": 8, "column": 2 },
        "end": { "line": 8, "column": 31 }
      },
      "3": {
        "start": { "line": 9, "column": 2 },
        "end": { "line": 9, "column": 36 }
      },
      "4": {
        "start": { "line": 12, "column": 0 },
        "end": { "line": 16, "column": 3 }
      },
      "5": {
        "start": { "line": 13, "column": 2 },
        "end": { "line": 13, "column": 19 }
      },
      "6": {
        "start": { "line": 14, "column": 2 },
        "end": { "line": 14, "column": 32 }
      },
      "7": {
        "start": { "line": 15, "column": 2 },
        "end": { "line": 15, "column": 36 }
      },
      "8": {
        "start": { "line": 18, "column": 0 },
        "end": { "line": 22, "column": 3 }
      },
      "9": {
        "start": { "line": 19, "column": 2 },
        "end": { "line": 19, "column": 19 }
      },
      "10": {
        "start": { "line": 20, "column": 2 },
        "end": { "line": 20, "column": 32 }
      },
      "11": {
        "start": { "line": 21, "column": 2 },
        "end": { "line": 21, "column": 36 }
      },
      "12": {
        "start": { "line": 24, "column": 0 },
        "end": { "line": 27, "column": 3 }
      },
      "13": {
        "start": { "line": 25, "column": 2 },
        "end": { "line": 25, "column": 32 }
      },
      "14": {
        "start": { "line": 26, "column": 2 },
        "end": { "line": 26, "column": 38 }
      },
      "15": {
        "start": { "line": 29, "column": 0 },
        "end": { "line": 32, "column": 3 }
      },
      "16": {
        "start": { "line": 30, "column": 2 },
        "end": { "line": 30, "column": 19 }
      },
      "17": {
        "start": { "line": 31, "column": 2 },
        "end": { "line": 31, "column": 32 }
      },
      "18": {
        "start": { "line": 34, "column": 0 },
        "end": { "line": 37, "column": 3 }
      },
      "19": {
        "start": { "line": 35, "column": 2 },
        "end": { "line": 35, "column": 32 }
      },
      "20": {
        "start": { "line": 36, "column": 2 },
        "end": { "line": 36, "column": 36 }
      },
      "21": {
        "start": { "line": 39, "column": 0 },
        "end": { "line": 43, "column": 3 }
      },
      "22": {
        "start": { "line": 40, "column": 2 },
        "end": { "line": 40, "column": 42 }
      },
      "23": {
        "start": { "line": 41, "column": 2 },
        "end": { "line": 41, "column": 33 }
      },
      "24": {
        "start": { "line": 42, "column": 2 },
        "end": { "line": 42, "column": 23 }
      },
      "25": {
        "start": { "line": 45, "column": 0 },
        "end": { "line": 47, "column": 3 }
      },
      "26": {
        "start": { "line": 46, "column": 2 },
        "end": { "line": 46, "column": 34 }
      },
      "27": {
        "start": { "line": 49, "column": 0 },
        "end": { "line": 51, "column": 3 }
      },
      "28": {
        "start": { "line": 50, "column": 2 },
        "end": { "line": 50, "column": 29 }
      },
      "29": {
        "start": { "line": 53, "column": 0 },
        "end": { "line": 55, "column": 3 }
      },
      "30": {
        "start": { "line": 54, "column": 2 },
        "end": { "line": 54, "column": 34 }
      },
      "31": {
        "start": { "line": 57, "column": 0 },
        "end": { "line": 59, "column": 3 }
      },
      "32": {
        "start": { "line": 58, "column": 2 },
        "end": { "line": 58, "column": 36 }
      },
      "33": {
        "start": { "line": 61, "column": 0 },
        "end": { "line": 63, "column": 3 }
      },
      "34": {
        "start": { "line": 62, "column": 2 },
        "end": { "line": 62, "column": 32 }
      },
      "35": {
        "start": { "line": 65, "column": 0 },
        "end": { "line": 67, "column": 3 }
      },
      "36": {
        "start": { "line": 66, "column": 2 },
        "end": { "line": 66, "column": 35 }
      },
      "37": {
        "start": { "line": 69, "column": 0 },
        "end": { "line": 71, "column": 3 }
      },
      "38": {
        "start": { "line": 70, "column": 2 },
        "end": { "line": 70, "column": 31 }
      },
      "39": {
        "start": { "line": 73, "column": 0 },
        "end": { "line": 75, "column": 3 }
      },
      "40": {
        "start": { "line": 74, "column": 2 },
        "end": { "line": 74, "column": 37 }
      },
      "41": {
        "start": { "line": 77, "column": 0 },
        "end": { "line": 79, "column": 3 }
      },
      "42": {
        "start": { "line": 78, "column": 2 },
        "end": { "line": 78, "column": 40 }
      },
      "43": {
        "start": { "line": 81, "column": 0 },
        "end": { "line": 83, "column": 3 }
      },
      "44": {
        "start": { "line": 82, "column": 2 },
        "end": { "line": 82, "column": 43 }
      },
      "45": {
        "start": { "line": 85, "column": 0 },
        "end": { "line": 87, "column": 3 }
      },
      "46": {
        "start": { "line": 86, "column": 2 },
        "end": { "line": 86, "column": 42 }
      }
    },
    "fnMap": {
      "0": {
        "name": "(anonymous_0)",
        "decl": {
          "start": { "line": 6, "column": 53 },
          "end": { "line": 6, "column": 54 }
        },
        "loc": {
          "start": { "line": 6, "column": 69 },
          "end": { "line": 10, "column": 1 }
        },
        "line": 6
      },
      "1": {
        "name": "(anonymous_1)",
        "decl": {
          "start": { "line": 12, "column": 63 },
          "end": { "line": 12, "column": 64 }
        },
        "loc": {
          "start": { "line": 12, "column": 79 },
          "end": { "line": 16, "column": 1 }
        },
        "line": 12
      },
      "2": {
        "name": "(anonymous_2)",
        "decl": {
          "start": { "line": 18, "column": 46 },
          "end": { "line": 18, "column": 47 }
        },
        "loc": {
          "start": { "line": 18, "column": 62 },
          "end": { "line": 22, "column": 1 }
        },
        "line": 18
      },
      "3": {
        "name": "(anonymous_3)",
        "decl": {
          "start": { "line": 24, "column": 36 },
          "end": { "line": 24, "column": 37 }
        },
        "loc": {
          "start": { "line": 24, "column": 48 },
          "end": { "line": 27, "column": 1 }
        },
        "line": 24
      },
      "4": {
        "name": "(anonymous_4)",
        "decl": {
          "start": { "line": 29, "column": 37 },
          "end": { "line": 29, "column": 38 }
        },
        "loc": {
          "start": { "line": 29, "column": 53 },
          "end": { "line": 32, "column": 1 }
        },
        "line": 29
      },
      "5": {
        "name": "(anonymous_5)",
        "decl": {
          "start": { "line": 34, "column": 50 },
          "end": { "line": 34, "column": 51 }
        },
        "loc": {
          "start": { "line": 34, "column": 62 },
          "end": { "line": 37, "column": 1 }
        },
        "line": 34
      },
      "6": {
        "name": "(anonymous_6)",
        "decl": {
          "start": { "line": 39, "column": 57 },
          "end": { "line": 39, "column": 58 }
        },
        "loc": {
          "start": { "line": 39, "column": 69 },
          "end": { "line": 43, "column": 1 }
        },
        "line": 39
      },
      "7": {
        "name": "(anonymous_7)",
        "decl": {
          "start": { "line": 45, "column": 32 },
          "end": { "line": 45, "column": 33 }
        },
        "loc": {
          "start": { "line": 45, "column": 44 },
          "end": { "line": 47, "column": 1 }
        },
        "line": 45
      },
      "8": {
        "name": "(anonymous_8)",
        "decl": {
          "start": { "line": 49, "column": 47 },
          "end": { "line": 49, "column": 48 }
        },
        "loc": {
          "start": { "line": 49, "column": 59 },
          "end": { "line": 51, "column": 1 }
        },
        "line": 49
      },
      "9": {
        "name": "(anonymous_9)",
        "decl": {
          "start": { "line": 53, "column": 45 },
          "end": { "line": 53, "column": 46 }
        },
        "loc": {
          "start": { "line": 53, "column": 57 },
          "end": { "line": 55, "column": 1 }
        },
        "line": 53
      },
      "10": {
        "name": "(anonymous_10)",
        "decl": {
          "start": { "line": 57, "column": 43 },
          "end": { "line": 57, "column": 44 }
        },
        "loc": {
          "start": { "line": 57, "column": 55 },
          "end": { "line": 59, "column": 1 }
        },
        "line": 57
      },
      "11": {
        "name": "(anonymous_11)",
        "decl": {
          "start": { "line": 61, "column": 56 },
          "end": { "line": 61, "column": 57 }
        },
        "loc": {
          "start": { "line": 61, "column": 68 },
          "end": { "line": 63, "column": 1 }
        },
        "line": 61
      },
      "12": {
        "name": "(anonymous_12)",
        "decl": {
          "start": { "line": 65, "column": 55 },
          "end": { "line": 65, "column": 56 }
        },
        "loc": {
          "start": { "line": 65, "column": 67 },
          "end": { "line": 67, "column": 1 }
        },
        "line": 65
      },
      "13": {
        "name": "(anonymous_13)",
        "decl": {
          "start": { "line": 69, "column": 34 },
          "end": { "line": 69, "column": 35 }
        },
        "loc": {
          "start": { "line": 69, "column": 46 },
          "end": { "line": 71, "column": 1 }
        },
        "line": 69
      },
      "14": {
        "name": "(anonymous_14)",
        "decl": {
          "start": { "line": 73, "column": 39 },
          "end": { "line": 73, "column": 40 }
        },
        "loc": {
          "start": { "line": 73, "column": 51 },
          "end": { "line": 75, "column": 1 }
        },
        "line": 73
      },
      "15": {
        "name": "(anonymous_15)",
        "decl": {
          "start": { "line": 77, "column": 45 },
          "end": { "line": 77, "column": 46 }
        },
        "loc": {
          "start": { "line": 77, "column": 57 },
          "end": { "line": 79, "column": 1 }
        },
        "line": 77
      },
      "16": {
        "name": "(anonymous_16)",
        "decl": {
          "start": { "line": 81, "column": 54 },
          "end": { "line": 81, "column": 55 }
        },
        "loc": {
          "start": { "line": 81, "column": 66 },
          "end": { "line": 83, "column": 1 }
        },
        "line": 81
      },
      "17": {
        "name": "(anonymous_17)",
        "decl": {
          "start": { "line": 85, "column": 39 },
          "end": { "line": 85, "column": 40 }
        },
        "loc": {
          "start": { "line": 85, "column": 51 },
          "end": { "line": 87, "column": 1 }
        },
        "line": 85
      }
    },
    "branchMap": {},
    "s": {
      "0": 0,
      "1": 0,
      "2": 0,
      "3": 0,
      "4": 0,
      "5": 0,
      "6": 0,
      "7": 0,
      "8": 0,
      "9": 0,
      "10": 0,
      "11": 0,
      "12": 0,
      "13": 0,
      "14": 0,
      "15": 0,
      "16": 0,
      "17": 0,
      "18": 0,
      "19": 0,
      "20": 0,
      "21": 0,
      "22": 0,
      "23": 0,
      "24": 0,
      "25": 0,
      "26": 0,
      "27": 0,
      "28": 0,
      "29": 0,
      "30": 0,
      "31": 0,
      "32": 0,
      "33": 0,
      "34": 0,
      "35": 0,
      "36": 0,
      "37": 0,
      "38": 0,
      "39": 0,
      "40": 0,
      "41": 0,
      "42": 0,
      "43": 0,
      "44": 0,
      "45": 0,
      "46": 0
    },
    "f": {
      "0": 0,
      "1": 0,
      "2": 0,
      "3": 0,
      "4": 0,
      "5": 0,
      "6": 0,
      "7": 0,
      "8": 0,
      "9": 0,
      "10": 0,
      "11": 0,
      "12": 0,
      "13": 0,
      "14": 0,
      "15": 0,
      "16": 0,
      "17": 0
    },
    "b": {},
    "all": true
  },
  "/home/alex/users/kate/hak/packages/frontend/src/features/steps/us009-playlist.steps.mjs": {
    "path": "/home/alex/users/kate/hak/packages/frontend/src/features/steps/us009-playlist.steps.mjs",
    "statementMap": {
      "0": {
        "start": { "line": 7, "column": 0 },
        "end": { "line": 9, "column": 3 }
      },
      "1": {
        "start": { "line": 8, "column": 2 },
        "end": { "line": 8, "column": 56 }
      },
      "2": {
        "start": { "line": 11, "column": 0 },
        "end": { "line": 13, "column": 3 }
      },
      "3": {
        "start": { "line": 12, "column": 2 },
        "end": { "line": 12, "column": 38 }
      },
      "4": {
        "start": { "line": 15, "column": 0 },
        "end": { "line": 20, "column": 3 }
      },
      "5": {
        "start": { "line": 16, "column": 22 },
        "end": { "line": 16, "column": 64 }
      },
      "6": {
        "start": { "line": 17, "column": 2 },
        "end": { "line": 17, "column": 40 }
      },
      "7": {
        "start": { "line": 18, "column": 2 },
        "end": { "line": 18, "column": 35 }
      },
      "8": {
        "start": { "line": 19, "column": 2 },
        "end": { "line": 19, "column": 39 }
      },
      "9": {
        "start": { "line": 22, "column": 0 },
        "end": { "line": 24, "column": 3 }
      },
      "10": {
        "start": { "line": 23, "column": 2 },
        "end": { "line": 23, "column": 49 }
      },
      "11": {
        "start": { "line": 26, "column": 0 },
        "end": { "line": 29, "column": 3 }
      },
      "12": {
        "start": { "line": 27, "column": 2 },
        "end": { "line": 27, "column": 36 }
      },
      "13": {
        "start": { "line": 28, "column": 2 },
        "end": { "line": 28, "column": 54 }
      },
      "14": {
        "start": { "line": 31, "column": 0 },
        "end": { "line": 33, "column": 3 }
      },
      "15": {
        "start": { "line": 32, "column": 2 },
        "end": { "line": 32, "column": 36 }
      },
      "16": {
        "start": { "line": 35, "column": 0 },
        "end": { "line": 37, "column": 3 }
      },
      "17": {
        "start": { "line": 36, "column": 2 },
        "end": { "line": 36, "column": 47 }
      },
      "18": {
        "start": { "line": 39, "column": 0 },
        "end": { "line": 43, "column": 3 }
      },
      "19": {
        "start": { "line": 40, "column": 14 },
        "end": { "line": 40, "column": 43 }
      },
      "20": {
        "start": { "line": 40, "column": 38 },
        "end": { "line": 40, "column": 42 }
      },
      "21": {
        "start": { "line": 41, "column": 20 },
        "end": { "line": 41, "column": 32 }
      },
      "22": {
        "start": { "line": 42, "column": 2 },
        "end": { "line": 42, "column": 49 }
      }
    },
    "fnMap": {
      "0": {
        "name": "(anonymous_0)",
        "decl": {
          "start": { "line": 7, "column": 52 },
          "end": { "line": 7, "column": 53 }
        },
        "loc": {
          "start": { "line": 7, "column": 68 },
          "end": { "line": 9, "column": 1 }
        },
        "line": 7
      },
      "1": {
        "name": "(anonymous_1)",
        "decl": {
          "start": { "line": 11, "column": 37 },
          "end": { "line": 11, "column": 38 }
        },
        "loc": {
          "start": { "line": 11, "column": 49 },
          "end": { "line": 13, "column": 1 }
        },
        "line": 11
      },
      "2": {
        "name": "(anonymous_2)",
        "decl": {
          "start": { "line": 15, "column": 40 },
          "end": { "line": 15, "column": 41 }
        },
        "loc": {
          "start": { "line": 15, "column": 52 },
          "end": { "line": 20, "column": 1 }
        },
        "line": 15
      },
      "3": {
        "name": "(anonymous_3)",
        "decl": {
          "start": { "line": 22, "column": 50 },
          "end": { "line": 22, "column": 51 }
        },
        "loc": {
          "start": { "line": 22, "column": 62 },
          "end": { "line": 24, "column": 1 }
        },
        "line": 22
      },
      "4": {
        "name": "(anonymous_4)",
        "decl": {
          "start": { "line": 26, "column": 54 },
          "end": { "line": 26, "column": 55 }
        },
        "loc": {
          "start": { "line": 26, "column": 66 },
          "end": { "line": 29, "column": 1 }
        },
        "line": 26
      },
      "5": {
        "name": "(anonymous_5)",
        "decl": {
          "start": { "line": 31, "column": 47 },
          "end": { "line": 31, "column": 48 }
        },
        "loc": {
          "start": { "line": 31, "column": 59 },
          "end": { "line": 33, "column": 1 }
        },
        "line": 31
      },
      "6": {
        "name": "(anonymous_6)",
        "decl": {
          "start": { "line": 35, "column": 45 },
          "end": { "line": 35, "column": 46 }
        },
        "loc": {
          "start": { "line": 35, "column": 57 },
          "end": { "line": 37, "column": 1 }
        },
        "line": 35
      },
      "7": {
        "name": "(anonymous_7)",
        "decl": {
          "start": { "line": 39, "column": 38 },
          "end": { "line": 39, "column": 39 }
        },
        "loc": {
          "start": { "line": 39, "column": 50 },
          "end": { "line": 43, "column": 1 }
        },
        "line": 39
      },
      "8": {
        "name": "(anonymous_8)",
        "decl": {
          "start": { "line": 40, "column": 33 },
          "end": { "line": 40, "column": 34 }
        },
        "loc": {
          "start": { "line": 40, "column": 38 },
          "end": { "line": 40, "column": 42 }
        },
        "line": 40
      }
    },
    "branchMap": {
      "0": {
        "loc": {
          "start": { "line": 17, "column": 19 },
          "end": { "line": 17, "column": 39 }
        },
        "type": "binary-expr",
        "locations": [
          {
            "start": { "line": 17, "column": 19 },
            "end": { "line": 17, "column": 33 }
          },
          {
            "start": { "line": 17, "column": 37 },
            "end": { "line": 17, "column": 39 }
          }
        ],
        "line": 17
      }
    },
    "s": {
      "0": 0,
      "1": 0,
      "2": 0,
      "3": 0,
      "4": 0,
      "5": 0,
      "6": 0,
      "7": 0,
      "8": 0,
      "9": 0,
      "10": 0,
      "11": 0,
      "12": 0,
      "13": 0,
      "14": 0,
      "15": 0,
      "16": 0,
      "17": 0,
      "18": 0,
      "19": 0,
      "20": 0,
      "21": 0,
      "22": 0
    },
    "f": {
      "0": 0,
      "1": 0,
      "2": 0,
      "3": 0,
      "4": 0,
      "5": 0,
      "6": 0,
      "7": 0,
      "8": 0
    },
    "b": { "0": [0, 0] },
    "all": true
  },
  "/home/alex/users/kate/hak/packages/frontend/src/features/steps/us010-play-entry.steps.mjs": {
    "path": "/home/alex/users/kate/hak/packages/frontend/src/features/steps/us010-play-entry.steps.mjs",
    "statementMap": {
      "0": {
        "start": { "line": 6, "column": 0 },
        "end": { "line": 11, "column": 3 }
      },
      "1": {
        "start": { "line": 7, "column": 2 },
        "end": { "line": 10, "column": 4 }
      },
      "2": {
        "start": { "line": 13, "column": 0 },
        "end": { "line": 18, "column": 3 }
      },
      "3": {
        "start": { "line": 14, "column": 2 },
        "end": { "line": 17, "column": 4 }
      },
      "4": {
        "start": { "line": 20, "column": 0 },
        "end": { "line": 23, "column": 3 }
      },
      "5": {
        "start": { "line": 21, "column": 2 },
        "end": { "line": 21, "column": 73 }
      },
      "6": {
        "start": { "line": 22, "column": 2 },
        "end": { "line": 22, "column": 43 }
      },
      "7": {
        "start": { "line": 25, "column": 0 },
        "end": { "line": 31, "column": 3 }
      },
      "8": {
        "start": { "line": 26, "column": 2 },
        "end": { "line": 29, "column": 4 }
      },
      "9": {
        "start": { "line": 30, "column": 2 },
        "end": { "line": 30, "column": 44 }
      },
      "10": {
        "start": { "line": 33, "column": 0 },
        "end": { "line": 39, "column": 3 }
      },
      "11": {
        "start": { "line": 34, "column": 19 },
        "end": { "line": 34, "column": 60 }
      },
      "12": {
        "start": { "line": 34, "column": 44 },
        "end": { "line": 34, "column": 59 }
      },
      "13": {
        "start": { "line": 35, "column": 2 },
        "end": { "line": 35, "column": 28 }
      },
      "14": {
        "start": { "line": 36, "column": 2 },
        "end": { "line": 36, "column": 28 }
      },
      "15": {
        "start": { "line": 37, "column": 2 },
        "end": { "line": 37, "column": 29 }
      },
      "16": {
        "start": { "line": 38, "column": 2 },
        "end": { "line": 38, "column": 33 }
      },
      "17": {
        "start": { "line": 41, "column": 0 },
        "end": { "line": 45, "column": 3 }
      },
      "18": {
        "start": { "line": 42, "column": 2 },
        "end": { "line": 42, "column": 40 }
      },
      "19": {
        "start": { "line": 43, "column": 2 },
        "end": { "line": 43, "column": 40 }
      },
      "20": {
        "start": { "line": 44, "column": 2 },
        "end": { "line": 44, "column": 41 }
      },
      "21": {
        "start": { "line": 47, "column": 0 },
        "end": { "line": 54, "column": 3 }
      },
      "22": {
        "start": { "line": 48, "column": 2 },
        "end": { "line": 50, "column": 3 }
      },
      "23": {
        "start": { "line": 49, "column": 4 },
        "end": { "line": 49, "column": 44 }
      },
      "24": {
        "start": { "line": 51, "column": 19 },
        "end": { "line": 51, "column": 60 }
      },
      "25": {
        "start": { "line": 51, "column": 44 },
        "end": { "line": 51, "column": 59 }
      },
      "26": {
        "start": { "line": 52, "column": 2 },
        "end": { "line": 52, "column": 28 }
      },
      "27": {
        "start": { "line": 53, "column": 2 },
        "end": { "line": 53, "column": 35 }
      },
      "28": {
        "start": { "line": 56, "column": 0 },
        "end": { "line": 61, "column": 3 }
      },
      "29": {
        "start": { "line": 57, "column": 2 },
        "end": { "line": 57, "column": 39 }
      },
      "30": {
        "start": { "line": 58, "column": 2 },
        "end": { "line": 60, "column": 5 }
      },
      "31": {
        "start": { "line": 59, "column": 4 },
        "end": { "line": 59, "column": 45 }
      },
      "32": {
        "start": { "line": 63, "column": 0 },
        "end": { "line": 66, "column": 3 }
      },
      "33": {
        "start": { "line": 64, "column": 2 },
        "end": { "line": 64, "column": 53 }
      },
      "34": {
        "start": { "line": 65, "column": 2 },
        "end": { "line": 65, "column": 58 }
      },
      "35": {
        "start": { "line": 68, "column": 0 },
        "end": { "line": 71, "column": 3 }
      },
      "36": {
        "start": { "line": 69, "column": 19 },
        "end": { "line": 69, "column": 60 }
      },
      "37": {
        "start": { "line": 69, "column": 44 },
        "end": { "line": 69, "column": 59 }
      },
      "38": {
        "start": { "line": 70, "column": 2 },
        "end": { "line": 70, "column": 48 }
      },
      "39": {
        "start": { "line": 73, "column": 0 },
        "end": { "line": 75, "column": 3 }
      },
      "40": {
        "start": { "line": 74, "column": 2 },
        "end": { "line": 74, "column": 18 }
      },
      "41": {
        "start": { "line": 77, "column": 0 },
        "end": { "line": 79, "column": 3 }
      },
      "42": {
        "start": { "line": 78, "column": 2 },
        "end": { "line": 78, "column": 59 }
      },
      "43": {
        "start": { "line": 81, "column": 0 },
        "end": { "line": 84, "column": 3 }
      },
      "44": {
        "start": { "line": 82, "column": 19 },
        "end": { "line": 82, "column": 60 }
      },
      "45": {
        "start": { "line": 82, "column": 44 },
        "end": { "line": 82, "column": 59 }
      },
      "46": {
        "start": { "line": 83, "column": 2 },
        "end": { "line": 83, "column": 48 }
      },
      "47": {
        "start": { "line": 86, "column": 0 },
        "end": { "line": 89, "column": 3 }
      },
      "48": {
        "start": { "line": 87, "column": 19 },
        "end": { "line": 87, "column": 60 }
      },
      "49": {
        "start": { "line": 87, "column": 44 },
        "end": { "line": 87, "column": 59 }
      },
      "50": {
        "start": { "line": 88, "column": 2 },
        "end": { "line": 88, "column": 47 }
      }
    },
    "fnMap": {
      "0": {
        "name": "(anonymous_0)",
        "decl": {
          "start": { "line": 6, "column": 40 },
          "end": { "line": 6, "column": 41 }
        },
        "loc": {
          "start": { "line": 6, "column": 52 },
          "end": { "line": 11, "column": 1 }
        },
        "line": 6
      },
      "1": {
        "name": "(anonymous_1)",
        "decl": {
          "start": { "line": 13, "column": 52 },
          "end": { "line": 13, "column": 53 }
        },
        "loc": {
          "start": { "line": 13, "column": 76 },
          "end": { "line": 18, "column": 1 }
        },
        "line": 13
      },
      "2": {
        "name": "(anonymous_2)",
        "decl": {
          "start": { "line": 20, "column": 36 },
          "end": { "line": 20, "column": 37 }
        },
        "loc": {
          "start": { "line": 20, "column": 52 },
          "end": { "line": 23, "column": 1 }
        },
        "line": 20
      },
      "3": {
        "name": "(anonymous_3)",
        "decl": {
          "start": { "line": 25, "column": 48 },
          "end": { "line": 25, "column": 49 }
        },
        "loc": {
          "start": { "line": 25, "column": 64 },
          "end": { "line": 31, "column": 1 }
        },
        "line": 25
      },
      "4": {
        "name": "(anonymous_4)",
        "decl": {
          "start": { "line": 33, "column": 45 },
          "end": { "line": 33, "column": 46 }
        },
        "loc": {
          "start": { "line": 33, "column": 61 },
          "end": { "line": 39, "column": 1 }
        },
        "line": 33
      },
      "5": {
        "name": "(anonymous_5)",
        "decl": {
          "start": { "line": 34, "column": 39 },
          "end": { "line": 34, "column": 40 }
        },
        "loc": {
          "start": { "line": 34, "column": 44 },
          "end": { "line": 34, "column": 59 }
        },
        "line": 34
      },
      "6": {
        "name": "(anonymous_6)",
        "decl": {
          "start": { "line": 41, "column": 32 },
          "end": { "line": 41, "column": 33 }
        },
        "loc": {
          "start": { "line": 41, "column": 44 },
          "end": { "line": 45, "column": 1 }
        },
        "line": 41
      },
      "7": {
        "name": "(anonymous_7)",
        "decl": {
          "start": { "line": 47, "column": 42 },
          "end": { "line": 47, "column": 43 }
        },
        "loc": {
          "start": { "line": 47, "column": 58 },
          "end": { "line": 54, "column": 1 }
        },
        "line": 47
      },
      "8": {
        "name": "(anonymous_8)",
        "decl": {
          "start": { "line": 51, "column": 39 },
          "end": { "line": 51, "column": 40 }
        },
        "loc": {
          "start": { "line": 51, "column": 44 },
          "end": { "line": 51, "column": 59 }
        },
        "line": 51
      },
      "9": {
        "name": "(anonymous_9)",
        "decl": {
          "start": { "line": 56, "column": 55 },
          "end": { "line": 56, "column": 56 }
        },
        "loc": {
          "start": { "line": 56, "column": 67 },
          "end": { "line": 61, "column": 1 }
        },
        "line": 56
      },
      "10": {
        "name": "(anonymous_10)",
        "decl": {
          "start": { "line": 58, "column": 25 },
          "end": { "line": 58, "column": 26 }
        },
        "loc": {
          "start": { "line": 58, "column": 30 },
          "end": { "line": 60, "column": 3 }
        },
        "line": 58
      },
      "11": {
        "name": "(anonymous_11)",
        "decl": {
          "start": { "line": 63, "column": 48 },
          "end": { "line": 63, "column": 49 }
        },
        "loc": {
          "start": { "line": 63, "column": 64 },
          "end": { "line": 66, "column": 1 }
        },
        "line": 63
      },
      "12": {
        "name": "(anonymous_12)",
        "decl": {
          "start": { "line": 68, "column": 33 },
          "end": { "line": 68, "column": 34 }
        },
        "loc": {
          "start": { "line": 68, "column": 49 },
          "end": { "line": 71, "column": 1 }
        },
        "line": 68
      },
      "13": {
        "name": "(anonymous_13)",
        "decl": {
          "start": { "line": 69, "column": 39 },
          "end": { "line": 69, "column": 40 }
        },
        "loc": {
          "start": { "line": 69, "column": 44 },
          "end": { "line": 69, "column": 59 }
        },
        "line": 69
      },
      "14": {
        "name": "(anonymous_14)",
        "decl": {
          "start": { "line": 73, "column": 56 },
          "end": { "line": 73, "column": 57 }
        },
        "loc": {
          "start": { "line": 73, "column": 68 },
          "end": { "line": 75, "column": 1 }
        },
        "line": 73
      },
      "15": {
        "name": "(anonymous_15)",
        "decl": {
          "start": { "line": 77, "column": 52 },
          "end": { "line": 77, "column": 53 }
        },
        "loc": {
          "start": { "line": 77, "column": 64 },
          "end": { "line": 79, "column": 1 }
        },
        "line": 77
      },
      "16": {
        "name": "(anonymous_16)",
        "decl": {
          "start": { "line": 81, "column": 32 },
          "end": { "line": 81, "column": 33 }
        },
        "loc": {
          "start": { "line": 81, "column": 48 },
          "end": { "line": 84, "column": 1 }
        },
        "line": 81
      },
      "17": {
        "name": "(anonymous_17)",
        "decl": {
          "start": { "line": 82, "column": 39 },
          "end": { "line": 82, "column": 40 }
        },
        "loc": {
          "start": { "line": 82, "column": 44 },
          "end": { "line": 82, "column": 59 }
        },
        "line": 82
      },
      "18": {
        "name": "(anonymous_18)",
        "decl": {
          "start": { "line": 86, "column": 32 },
          "end": { "line": 86, "column": 33 }
        },
        "loc": {
          "start": { "line": 86, "column": 48 },
          "end": { "line": 89, "column": 1 }
        },
        "line": 86
      },
      "19": {
        "name": "(anonymous_19)",
        "decl": {
          "start": { "line": 87, "column": 39 },
          "end": { "line": 87, "column": 40 }
        },
        "loc": {
          "start": { "line": 87, "column": 44 },
          "end": { "line": 87, "column": 59 }
        },
        "line": 87
      }
    },
    "branchMap": {
      "0": {
        "loc": {
          "start": { "line": 48, "column": 2 },
          "end": { "line": 50, "column": 3 }
        },
        "type": "if",
        "locations": [
          {
            "start": { "line": 48, "column": 2 },
            "end": { "line": 50, "column": 3 }
          },
          { "start": {}, "end": {} }
        ],
        "line": 48
      }
    },
    "s": {
      "0": 0,
      "1": 0,
      "2": 0,
      "3": 0,
      "4": 0,
      "5": 0,
      "6": 0,
      "7": 0,
      "8": 0,
      "9": 0,
      "10": 0,
      "11": 0,
      "12": 0,
      "13": 0,
      "14": 0,
      "15": 0,
      "16": 0,
      "17": 0,
      "18": 0,
      "19": 0,
      "20": 0,
      "21": 0,
      "22": 0,
      "23": 0,
      "24": 0,
      "25": 0,
      "26": 0,
      "27": 0,
      "28": 0,
      "29": 0,
      "30": 0,
      "31": 0,
      "32": 0,
      "33": 0,
      "34": 0,
      "35": 0,
      "36": 0,
      "37": 0,
      "38": 0,
      "39": 0,
      "40": 0,
      "41": 0,
      "42": 0,
      "43": 0,
      "44": 0,
      "45": 0,
      "46": 0,
      "47": 0,
      "48": 0,
      "49": 0,
      "50": 0
    },
    "f": {
      "0": 0,
      "1": 0,
      "2": 0,
      "3": 0,
      "4": 0,
      "5": 0,
      "6": 0,
      "7": 0,
      "8": 0,
      "9": 0,
      "10": 0,
      "11": 0,
      "12": 0,
      "13": 0,
      "14": 0,
      "15": 0,
      "16": 0,
      "17": 0,
      "18": 0,
      "19": 0
    },
    "b": { "0": [0, 0] },
    "all": true
  },
  "/home/alex/users/kate/hak/packages/frontend/src/features/steps/us011-play-all.steps.mjs": {
    "path": "/home/alex/users/kate/hak/packages/frontend/src/features/steps/us011-play-all.steps.mjs",
    "statementMap": {
      "0": {
        "start": { "line": 8, "column": 0 },
        "end": { "line": 13, "column": 3 }
      },
      "1": {
        "start": { "line": 9, "column": 2 },
        "end": { "line": 12, "column": 4 }
      },
      "2": {
        "start": { "line": 15, "column": 0 },
        "end": { "line": 20, "column": 3 }
      },
      "3": {
        "start": { "line": 16, "column": 2 },
        "end": { "line": 16, "column": 27 }
      },
      "4": {
        "start": { "line": 17, "column": 2 },
        "end": { "line": 19, "column": 4 }
      },
      "5": {
        "start": { "line": 24, "column": 0 },
        "end": { "line": 31, "column": 3 }
      },
      "6": {
        "start": { "line": 25, "column": 2 },
        "end": { "line": 25, "column": 27 }
      },
      "7": {
        "start": { "line": 26, "column": 19 },
        "end": { "line": 26, "column": 53 }
      },
      "8": {
        "start": { "line": 26, "column": 46 },
        "end": { "line": 26, "column": 52 }
      },
      "9": {
        "start": { "line": 27, "column": 2 },
        "end": { "line": 29, "column": 3 }
      },
      "10": {
        "start": { "line": 28, "column": 4 },
        "end": { "line": 28, "column": 27 }
      },
      "11": {
        "start": { "line": 30, "column": 2 },
        "end": { "line": 30, "column": 34 }
      },
      "12": {
        "start": { "line": 33, "column": 0 },
        "end": { "line": 36, "column": 3 }
      },
      "13": {
        "start": { "line": 34, "column": 2 },
        "end": { "line": 34, "column": 28 }
      },
      "14": {
        "start": { "line": 35, "column": 2 },
        "end": { "line": 35, "column": 73 }
      },
      "15": {
        "start": { "line": 35, "column": 44 },
        "end": { "line": 35, "column": 70 }
      },
      "16": {
        "start": { "line": 38, "column": 0 },
        "end": { "line": 41, "column": 3 }
      },
      "17": {
        "start": { "line": 39, "column": 24 },
        "end": { "line": 39, "column": 65 }
      },
      "18": {
        "start": { "line": 39, "column": 51 },
        "end": { "line": 39, "column": 57 }
      },
      "19": {
        "start": { "line": 40, "column": 2 },
        "end": { "line": 40, "column": 50 }
      },
      "20": {
        "start": { "line": 43, "column": 0 },
        "end": { "line": 46, "column": 3 }
      },
      "21": {
        "start": { "line": 44, "column": 2 },
        "end": { "line": 44, "column": 45 }
      },
      "22": {
        "start": { "line": 45, "column": 2 },
        "end": { "line": 45, "column": 53 }
      },
      "23": {
        "start": { "line": 48, "column": 0 },
        "end": { "line": 50, "column": 3 }
      },
      "24": {
        "start": { "line": 49, "column": 2 },
        "end": { "line": 49, "column": 46 }
      },
      "25": {
        "start": { "line": 52, "column": 0 },
        "end": { "line": 55, "column": 3 }
      },
      "26": {
        "start": { "line": 53, "column": 17 },
        "end": { "line": 53, "column": 66 }
      },
      "27": {
        "start": { "line": 53, "column": 50 },
        "end": { "line": 53, "column": 65 }
      },
      "28": {
        "start": { "line": 54, "column": 2 },
        "end": { "line": 54, "column": 39 }
      },
      "29": {
        "start": { "line": 57, "column": 0 },
        "end": { "line": 60, "column": 3 }
      },
      "30": {
        "start": { "line": 58, "column": 22 },
        "end": { "line": 58, "column": 63 }
      },
      "31": {
        "start": { "line": 58, "column": 55 },
        "end": { "line": 58, "column": 62 }
      },
      "32": {
        "start": { "line": 59, "column": 2 },
        "end": { "line": 59, "column": 44 }
      },
      "33": {
        "start": { "line": 62, "column": 0 },
        "end": { "line": 64, "column": 3 }
      },
      "34": {
        "start": { "line": 63, "column": 2 },
        "end": { "line": 63, "column": 47 }
      },
      "35": {
        "start": { "line": 66, "column": 0 },
        "end": { "line": 68, "column": 3 }
      },
      "36": {
        "start": { "line": 67, "column": 2 },
        "end": { "line": 67, "column": 47 }
      }
    },
    "fnMap": {
      "0": {
        "name": "(anonymous_0)",
        "decl": {
          "start": { "line": 8, "column": 56 },
          "end": { "line": 8, "column": 57 }
        },
        "loc": {
          "start": { "line": 8, "column": 72 },
          "end": { "line": 13, "column": 1 }
        },
        "line": 8
      },
      "1": {
        "name": "(anonymous_1)",
        "decl": {
          "start": { "line": 15, "column": 44 },
          "end": { "line": 15, "column": 45 }
        },
        "loc": {
          "start": { "line": 15, "column": 56 },
          "end": { "line": 20, "column": 1 }
        },
        "line": 15
      },
      "2": {
        "name": "(anonymous_2)",
        "decl": {
          "start": { "line": 24, "column": 40 },
          "end": { "line": 24, "column": 41 }
        },
        "loc": {
          "start": { "line": 24, "column": 52 },
          "end": { "line": 31, "column": 1 }
        },
        "line": 24
      },
      "3": {
        "name": "(anonymous_3)",
        "decl": {
          "start": { "line": 26, "column": 41 },
          "end": { "line": 26, "column": 42 }
        },
        "loc": {
          "start": { "line": 26, "column": 46 },
          "end": { "line": 26, "column": 52 }
        },
        "line": 26
      },
      "4": {
        "name": "(anonymous_4)",
        "decl": {
          "start": { "line": 33, "column": 35 },
          "end": { "line": 33, "column": 36 }
        },
        "loc": {
          "start": { "line": 33, "column": 47 },
          "end": { "line": 36, "column": 1 }
        },
        "line": 33
      },
      "5": {
        "name": "(anonymous_5)",
        "decl": {
          "start": { "line": 35, "column": 38 },
          "end": { "line": 35, "column": 39 }
        },
        "loc": {
          "start": { "line": 35, "column": 44 },
          "end": { "line": 35, "column": 70 }
        },
        "line": 35
      },
      "6": {
        "name": "(anonymous_6)",
        "decl": {
          "start": { "line": 38, "column": 59 },
          "end": { "line": 38, "column": 60 }
        },
        "loc": {
          "start": { "line": 38, "column": 76 },
          "end": { "line": 41, "column": 1 }
        },
        "line": 38
      },
      "7": {
        "name": "(anonymous_7)",
        "decl": {
          "start": { "line": 39, "column": 46 },
          "end": { "line": 39, "column": 47 }
        },
        "loc": {
          "start": { "line": 39, "column": 51 },
          "end": { "line": 39, "column": 57 }
        },
        "line": 39
      },
      "8": {
        "name": "(anonymous_8)",
        "decl": {
          "start": { "line": 43, "column": 41 },
          "end": { "line": 43, "column": 42 }
        },
        "loc": {
          "start": { "line": 43, "column": 53 },
          "end": { "line": 46, "column": 1 }
        },
        "line": 43
      },
      "9": {
        "name": "(anonymous_9)",
        "decl": {
          "start": { "line": 48, "column": 61 },
          "end": { "line": 48, "column": 62 }
        },
        "loc": {
          "start": { "line": 48, "column": 73 },
          "end": { "line": 50, "column": 1 }
        },
        "line": 48
      },
      "10": {
        "name": "(anonymous_10)",
        "decl": {
          "start": { "line": 52, "column": 32 },
          "end": { "line": 52, "column": 33 }
        },
        "loc": {
          "start": { "line": 52, "column": 48 },
          "end": { "line": 55, "column": 1 }
        },
        "line": 52
      },
      "11": {
        "name": "(anonymous_11)",
        "decl": {
          "start": { "line": 53, "column": 45 },
          "end": { "line": 53, "column": 46 }
        },
        "loc": {
          "start": { "line": 53, "column": 50 },
          "end": { "line": 53, "column": 65 }
        },
        "line": 53
      },
      "12": {
        "name": "(anonymous_12)",
        "decl": {
          "start": { "line": 57, "column": 36 },
          "end": { "line": 57, "column": 37 }
        },
        "loc": {
          "start": { "line": 57, "column": 48 },
          "end": { "line": 60, "column": 1 }
        },
        "line": 57
      },
      "13": {
        "name": "(anonymous_13)",
        "decl": {
          "start": { "line": 58, "column": 50 },
          "end": { "line": 58, "column": 51 }
        },
        "loc": {
          "start": { "line": 58, "column": 55 },
          "end": { "line": 58, "column": 62 }
        },
        "line": 58
      },
      "14": {
        "name": "(anonymous_14)",
        "decl": {
          "start": { "line": 62, "column": 35 },
          "end": { "line": 62, "column": 36 }
        },
        "loc": {
          "start": { "line": 62, "column": 47 },
          "end": { "line": 64, "column": 1 }
        },
        "line": 62
      },
      "15": {
        "name": "(anonymous_15)",
        "decl": {
          "start": { "line": 66, "column": 48 },
          "end": { "line": 66, "column": 49 }
        },
        "loc": {
          "start": { "line": 66, "column": 60 },
          "end": { "line": 68, "column": 1 }
        },
        "line": 66
      }
    },
    "branchMap": {},
    "s": {
      "0": 0,
      "1": 0,
      "2": 0,
      "3": 0,
      "4": 0,
      "5": 0,
      "6": 0,
      "7": 0,
      "8": 0,
      "9": 0,
      "10": 0,
      "11": 0,
      "12": 0,
      "13": 0,
      "14": 0,
      "15": 0,
      "16": 0,
      "17": 0,
      "18": 0,
      "19": 0,
      "20": 0,
      "21": 0,
      "22": 0,
      "23": 0,
      "24": 0,
      "25": 0,
      "26": 0,
      "27": 0,
      "28": 0,
      "29": 0,
      "30": 0,
      "31": 0,
      "32": 0,
      "33": 0,
      "34": 0,
      "35": 0,
      "36": 0
    },
    "f": {
      "0": 0,
      "1": 0,
      "2": 0,
      "3": 0,
      "4": 0,
      "5": 0,
      "6": 0,
      "7": 0,
      "8": 0,
      "9": 0,
      "10": 0,
      "11": 0,
      "12": 0,
      "13": 0,
      "14": 0,
      "15": 0
    },
    "b": {},
    "all": true
  },
  "/home/alex/users/kate/hak/packages/frontend/src/features/steps/us012-delete-entry.steps.mjs": {
    "path": "/home/alex/users/kate/hak/packages/frontend/src/features/steps/us012-delete-entry.steps.mjs",
    "statementMap": {
      "0": {
        "start": { "line": 6, "column": 0 },
        "end": { "line": 11, "column": 3 }
      },
      "1": {
        "start": { "line": 7, "column": 2 },
        "end": { "line": 10, "column": 4 }
      },
      "2": {
        "start": { "line": 13, "column": 0 },
        "end": { "line": 18, "column": 3 }
      },
      "3": {
        "start": { "line": 14, "column": 2 },
        "end": { "line": 17, "column": 6 }
      },
      "4": {
        "start": { "line": 14, "column": 60 },
        "end": { "line": 17, "column": 3 }
      },
      "5": {
        "start": { "line": 20, "column": 0 },
        "end": { "line": 22, "column": 3 }
      },
      "6": {
        "start": { "line": 21, "column": 2 },
        "end": { "line": 21, "column": 45 }
      },
      "7": {
        "start": { "line": 24, "column": 0 },
        "end": { "line": 26, "column": 3 }
      },
      "8": {
        "start": { "line": 25, "column": 2 },
        "end": { "line": 25, "column": 47 }
      },
      "9": {
        "start": { "line": 28, "column": 0 },
        "end": { "line": 30, "column": 3 }
      },
      "10": {
        "start": { "line": 29, "column": 2 },
        "end": { "line": 29, "column": 60 }
      },
      "11": {
        "start": { "line": 29, "column": 51 },
        "end": { "line": 29, "column": 58 }
      },
      "12": {
        "start": { "line": 32, "column": 0 },
        "end": { "line": 38, "column": 3 }
      },
      "13": {
        "start": { "line": 33, "column": 2 },
        "end": { "line": 37, "column": 3 }
      },
      "14": {
        "start": { "line": 34, "column": 4 },
        "end": { "line": 34, "column": 59 }
      },
      "15": {
        "start": { "line": 36, "column": 4 },
        "end": { "line": 36, "column": 45 }
      },
      "16": {
        "start": { "line": 40, "column": 0 },
        "end": { "line": 42, "column": 3 }
      },
      "17": {
        "start": { "line": 41, "column": 2 },
        "end": { "line": 41, "column": 38 }
      },
      "18": {
        "start": { "line": 44, "column": 0 },
        "end": { "line": 46, "column": 3 }
      },
      "19": {
        "start": { "line": 45, "column": 2 },
        "end": { "line": 45, "column": 39 }
      },
      "20": {
        "start": { "line": 48, "column": 0 },
        "end": { "line": 50, "column": 3 }
      },
      "21": {
        "start": { "line": 49, "column": 2 },
        "end": { "line": 49, "column": 51 }
      },
      "22": {
        "start": { "line": 52, "column": 0 },
        "end": { "line": 54, "column": 3 }
      },
      "23": {
        "start": { "line": 53, "column": 2 },
        "end": { "line": 53, "column": 49 }
      },
      "24": {
        "start": { "line": 56, "column": 0 },
        "end": { "line": 58, "column": 3 }
      },
      "25": {
        "start": { "line": 57, "column": 2 },
        "end": { "line": 57, "column": 51 }
      }
    },
    "fnMap": {
      "0": {
        "name": "(anonymous_0)",
        "decl": {
          "start": { "line": 6, "column": 42 },
          "end": { "line": 6, "column": 43 }
        },
        "loc": {
          "start": { "line": 6, "column": 54 },
          "end": { "line": 11, "column": 1 }
        },
        "line": 6
      },
      "1": {
        "name": "(anonymous_1)",
        "decl": {
          "start": { "line": 13, "column": 44 },
          "end": { "line": 13, "column": 45 }
        },
        "loc": {
          "start": { "line": 13, "column": 61 },
          "end": { "line": 18, "column": 1 }
        },
        "line": 13
      },
      "2": {
        "name": "(anonymous_2)",
        "decl": {
          "start": { "line": 14, "column": 49 },
          "end": { "line": 14, "column": 50 }
        },
        "loc": {
          "start": { "line": 14, "column": 60 },
          "end": { "line": 17, "column": 3 }
        },
        "line": 14
      },
      "3": {
        "name": "(anonymous_3)",
        "decl": {
          "start": { "line": 20, "column": 48 },
          "end": { "line": 20, "column": 49 }
        },
        "loc": {
          "start": { "line": 20, "column": 65 },
          "end": { "line": 22, "column": 1 }
        },
        "line": 20
      },
      "4": {
        "name": "(anonymous_4)",
        "decl": {
          "start": { "line": 24, "column": 50 },
          "end": { "line": 24, "column": 51 }
        },
        "loc": {
          "start": { "line": 24, "column": 62 },
          "end": { "line": 26, "column": 1 }
        },
        "line": 24
      },
      "5": {
        "name": "(anonymous_5)",
        "decl": {
          "start": { "line": 28, "column": 49 },
          "end": { "line": 28, "column": 50 }
        },
        "loc": {
          "start": { "line": 28, "column": 61 },
          "end": { "line": 30, "column": 1 }
        },
        "line": 28
      },
      "6": {
        "name": "(anonymous_6)",
        "decl": {
          "start": { "line": 29, "column": 41 },
          "end": { "line": 29, "column": 42 }
        },
        "loc": {
          "start": { "line": 29, "column": 51 },
          "end": { "line": 29, "column": 58 }
        },
        "line": 29
      },
      "7": {
        "name": "(anonymous_7)",
        "decl": {
          "start": { "line": 32, "column": 43 },
          "end": { "line": 32, "column": 44 }
        },
        "loc": {
          "start": { "line": 32, "column": 55 },
          "end": { "line": 38, "column": 1 }
        },
        "line": 32
      },
      "8": {
        "name": "(anonymous_8)",
        "decl": {
          "start": { "line": 40, "column": 50 },
          "end": { "line": 40, "column": 51 }
        },
        "loc": {
          "start": { "line": 40, "column": 62 },
          "end": { "line": 42, "column": 1 }
        },
        "line": 40
      },
      "9": {
        "name": "(anonymous_9)",
        "decl": {
          "start": { "line": 44, "column": 46 },
          "end": { "line": 44, "column": 47 }
        },
        "loc": {
          "start": { "line": 44, "column": 58 },
          "end": { "line": 46, "column": 1 }
        },
        "line": 44
      },
      "10": {
        "name": "(anonymous_10)",
        "decl": {
          "start": { "line": 48, "column": 41 },
          "end": { "line": 48, "column": 42 }
        },
        "loc": {
          "start": { "line": 48, "column": 58 },
          "end": { "line": 50, "column": 1 }
        },
        "line": 48
      },
      "11": {
        "name": "(anonymous_11)",
        "decl": {
          "start": { "line": 52, "column": 41 },
          "end": { "line": 52, "column": 42 }
        },
        "loc": {
          "start": { "line": 52, "column": 53 },
          "end": { "line": 54, "column": 1 }
        },
        "line": 52
      },
      "12": {
        "name": "(anonymous_12)",
        "decl": {
          "start": { "line": 56, "column": 48 },
          "end": { "line": 56, "column": 49 }
        },
        "loc": {
          "start": { "line": 56, "column": 65 },
          "end": { "line": 58, "column": 1 }
        },
        "line": 56
      }
    },
    "branchMap": {
      "0": {
        "loc": {
          "start": { "line": 33, "column": 2 },
          "end": { "line": 37, "column": 3 }
        },
        "type": "if",
        "locations": [
          {
            "start": { "line": 33, "column": 2 },
            "end": { "line": 37, "column": 3 }
          },
          {
            "start": { "line": 35, "column": 9 },
            "end": { "line": 37, "column": 3 }
          }
        ],
        "line": 33
      }
    },
    "s": {
      "0": 0,
      "1": 0,
      "2": 0,
      "3": 0,
      "4": 0,
      "5": 0,
      "6": 0,
      "7": 0,
      "8": 0,
      "9": 0,
      "10": 0,
      "11": 0,
      "12": 0,
      "13": 0,
      "14": 0,
      "15": 0,
      "16": 0,
      "17": 0,
      "18": 0,
      "19": 0,
      "20": 0,
      "21": 0,
      "22": 0,
      "23": 0,
      "24": 0,
      "25": 0
    },
    "f": {
      "0": 0,
      "1": 0,
      "2": 0,
      "3": 0,
      "4": 0,
      "5": 0,
      "6": 0,
      "7": 0,
      "8": 0,
      "9": 0,
      "10": 0,
      "11": 0,
      "12": 0
    },
    "b": { "0": [0, 0] },
    "all": true
  },
  "/home/alex/users/kate/hak/packages/frontend/src/features/steps/us013-reorder.steps.mjs": {
[...]
        "name": "(anonymous_3)",
        "decl": {
          "start": { "line": 20, "column": 31 },
          "end": { "line": 20, "column": 32 }
        },
        "loc": {
          "start": { "line": 20, "column": 43 },
          "end": { "line": 22, "column": 1 }
        },
        "line": 20
      },
      "4": {
        "name": "(anonymous_4)",
        "decl": {
          "start": { "line": 24, "column": 36 },
          "end": { "line": 24, "column": 37 }
        },
        "loc": {
          "start": { "line": 24, "column": 48 },
          "end": { "line": 26, "column": 1 }
        },
        "line": 24
      },
      "5": {
        "name": "(anonymous_5)",
        "decl": {
          "start": { "line": 28, "column": 34 },
          "end": { "line": 28, "column": 35 }
        },
        "loc": {
          "start": { "line": 28, "column": 46 },
          "end": { "line": 33, "column": 1 }
        },
        "line": 28
      },
      "6": {
        "name": "(anonymous_6)",
        "decl": {
          "start": { "line": 35, "column": 31 },
          "end": { "line": 35, "column": 32 }
        },
        "loc": {
          "start": { "line": 35, "column": 43 },
          "end": { "line": 37, "column": 1 }
        },
        "line": 35
      },
      "7": {
        "name": "(anonymous_7)",
        "decl": {
          "start": { "line": 39, "column": 40 },
          "end": { "line": 39, "column": 41 }
        },
        "loc": {
          "start": { "line": 39, "column": 52 },
          "end": { "line": 41, "column": 1 }
        },
        "line": 39
      },
      "8": {
        "name": "(anonymous_8)",
        "decl": {
          "start": { "line": 43, "column": 33 },
          "end": { "line": 43, "column": 34 }
        },
        "loc": {
          "start": { "line": 43, "column": 45 },
          "end": { "line": 45, "column": 1 }
        },
        "line": 43
      },
      "9": {
        "name": "(anonymous_9)",
        "decl": {
          "start": { "line": 47, "column": 36 },
          "end": { "line": 47, "column": 37 }
        },
        "loc": {
          "start": { "line": 47, "column": 48 },
          "end": { "line": 49, "column": 1 }
        },
        "line": 47
      },
      "10": {
        "name": "(anonymous_10)",
        "decl": {
          "start": { "line": 51, "column": 38 },
          "end": { "line": 51, "column": 39 }
        },
        "loc": {
          "start": { "line": 51, "column": 50 },
          "end": { "line": 53, "column": 1 }
        },
        "line": 51
      },
      "11": {
        "name": "(anonymous_11)",
        "decl": {
          "start": { "line": 55, "column": 33 },
          "end": { "line": 55, "column": 34 }
        },
        "loc": {
          "start": { "line": 55, "column": 45 },
          "end": { "line": 57, "column": 1 }
        },
        "line": 55
      },
      "12": {
        "name": "(anonymous_12)",
        "decl": {
          "start": { "line": 59, "column": 47 },
          "end": { "line": 59, "column": 48 }
        },
        "loc": {
          "start": { "line": 59, "column": 59 },
          "end": { "line": 61, "column": 1 }
        },
        "line": 59
      },
      "13": {
        "name": "(anonymous_13)",
        "decl": {
          "start": { "line": 63, "column": 41 },
          "end": { "line": 63, "column": 42 }
        },
        "loc": {
          "start": { "line": 63, "column": 53 },
          "end": { "line": 65, "column": 1 }
        },
        "line": 63
      },
      "14": {
        "name": "(anonymous_14)",
        "decl": {
          "start": { "line": 67, "column": 47 },
          "end": { "line": 67, "column": 48 }
        },
        "loc": {
          "start": { "line": 67, "column": 59 },
          "end": { "line": 71, "column": 1 }
        },
        "line": 67
      }
    },
    "branchMap": {
      "0": {
        "loc": {
          "start": { "line": 29, "column": 2 },
          "end": { "line": 32, "column": 3 }
        },
        "type": "if",
        "locations": [
          {
            "start": { "line": 29, "column": 2 },
            "end": { "line": 32, "column": 3 }
          },
          { "start": {}, "end": {} }
        ],
        "line": 29
      }
    },
    "s": {
      "0": 0,
      "1": 0,
      "2": 0,
      "3": 0,
      "4": 0,
      "5": 0,
      "6": 0,
      "7": 0,
      "8": 0,
      "9": 0,
      "10": 0,
      "11": 0,
      "12": 0,
      "13": 0,
      "14": 0,
      "15": 0,
      "16": 0,
      "17": 0,
      "18": 0,
      "19": 0,
      "20": 0,
      "21": 0,
      "22": 0,
      "23": 0,
      "24": 0,
      "25": 0,
      "26": 0,
      "27": 0,
      "28": 0,
      "29": 0,
      "30": 0,
      "31": 0,
      "32": 0,
      "33": 0,
      "34": 0,
      "35": 0
    },
    "f": {
      "0": 0,
      "1": 0,
      "2": 0,
      "3": 0,
      "4": 0,
      "5": 0,
      "6": 0,
      "7": 0,
      "8": 0,
      "9": 0,
      "10": 0,
      "11": 0,
      "12": 0,
      "13": 0,
      "14": 0
    },
    "b": { "0": [0, 0] },
    "all": true
  },
  "/home/alex/users/kate/hak/packages/frontend/src/features/steps/us031-caching.steps.mjs": {
    "path": "/home/alex/users/kate/hak/packages/frontend/src/features/steps/us031-caching.steps.mjs",
    "statementMap": {
      "0": {
        "start": { "line": 7, "column": 0 },
        "end": { "line": 12, "column": 3 }
      },
      "1": {
        "start": { "line": 8, "column": 2 },
        "end": { "line": 8, "column": 19 }
      },
      "2": {
        "start": { "line": 9, "column": 2 },
        "end": { "line": 9, "column": 40 }
      },
      "3": {
        "start": { "line": 10, "column": 2 },
        "end": { "line": 10, "column": 46 }
      },
      "4": {
        "start": { "line": 11, "column": 2 },
        "end": { "line": 11, "column": 24 }
      },
      "5": {
        "start": { "line": 14, "column": 0 },
        "end": { "line": 16, "column": 3 }
      },
      "6": {
        "start": { "line": 15, "column": 2 },
        "end": { "line": 15, "column": 28 }
      },
      "7": {
        "start": { "line": 18, "column": 0 },
        "end": { "line": 23, "column": 3 }
      },
      "8": {
        "start": { "line": 19, "column": 2 },
        "end": { "line": 19, "column": 19 }
      },
      "9": {
        "start": { "line": 20, "column": 2 },
        "end": { "line": 20, "column": 40 }
      },
      "10": {
        "start": { "line": 21, "column": 2 },
        "end": { "line": 21, "column": 46 }
      },
      "11": {
        "start": { "line": 22, "column": 2 },
        "end": { "line": 22, "column": 24 }
      },
      "12": {
        "start": { "line": 25, "column": 0 },
        "end": { "line": 28, "column": 3 }
      },
      "13": {
        "start": { "line": 26, "column": 2 },
        "end": { "line": 26, "column": 29 }
      },
      "14": {
        "start": { "line": 27, "column": 2 },
        "end": { "line": 27, "column": 46 }
      },
      "15": {
        "start": { "line": 30, "column": 0 },
        "end": { "line": 36, "column": 3 }
      },
      "16": {
        "start": { "line": 31, "column": 2 },
        "end": { "line": 35, "column": 3 }
      },
      "17": {
        "start": { "line": 32, "column": 4 },
        "end": { "line": 32, "column": 47 }
      },
      "18": {
        "start": { "line": 34, "column": 4 },
        "end": { "line": 34, "column": 24 }
      },
      "19": {
        "start": { "line": 38, "column": 0 },
        "end": { "line": 42, "column": 3 }
      },
      "20": {
        "start": { "line": 39, "column": 2 },
        "end": { "line": 39, "column": 22 }
      },
      "21": {
        "start": { "line": 40, "column": 2 },
        "end": { "line": 40, "column": 23 }
      },
      "22": {
        "start": { "line": 41, "column": 2 },
        "end": { "line": 41, "column": 31 }
      },
      "23": {
        "start": { "line": 44, "column": 0 },
        "end": { "line": 48, "column": 3 }
      },
      "24": {
        "start": { "line": 45, "column": 2 },
        "end": { "line": 45, "column": 53 }
      },
      "25": {
        "start": { "line": 46, "column": 2 },
        "end": { "line": 46, "column": 23 }
      },
      "26": {
        "start": { "line": 47, "column": 2 },
        "end": { "line": 47, "column": 31 }
      },
      "27": {
        "start": { "line": 50, "column": 0 },
        "end": { "line": 57, "column": 3 }
      },
      "28": {
        "start": { "line": 51, "column": 2 },
        "end": { "line": 56, "column": 3 }
      },
      "29": {
        "start": { "line": 52, "column": 4 },
        "end": { "line": 52, "column": 72 }
      },
      "30": {
        "start": { "line": 54, "column": 4 },
        "end": { "line": 54, "column": 24 }
      },
      "31": {
        "start": { "line": 55, "column": 4 },
        "end": { "line": 55, "column": 73 }
      },
      "32": {
        "start": { "line": 59, "column": 0 },
        "end": { "line": 64, "column": 3 }
      },
      "33": {
        "start": { "line": 60, "column": 2 },
        "end": { "line": 60, "column": 29 }
      },
      "34": {
        "start": { "line": 61, "column": 2 },
        "end": { "line": 61, "column": 23 }
      },
      "35": {
        "start": { "line": 62, "column": 2 },
        "end": { "line": 62, "column": 31 }
      },
      "36": {
        "start": { "line": 63, "column": 2 },
        "end": { "line": 63, "column": 22 }
      },
      "37": {
        "start": { "line": 66, "column": 0 },
        "end": { "line": 68, "column": 3 }
      },
      "38": {
        "start": { "line": 67, "column": 2 },
        "end": { "line": 67, "column": 40 }
      },
      "39": {
        "start": { "line": 70, "column": 0 },
        "end": { "line": 72, "column": 3 }
      },
      "40": {
        "start": { "line": 71, "column": 2 },
        "end": { "line": 71, "column": 43 }
      },
      "41": {
        "start": { "line": 74, "column": 0 },
        "end": { "line": 76, "column": 3 }
      },
      "42": {
        "start": { "line": 75, "column": 2 },
        "end": { "line": 75, "column": 50 }
      },
      "43": {
        "start": { "line": 78, "column": 0 },
        "end": { "line": 80, "column": 3 }
      },
      "44": {
        "start": { "line": 79, "column": 2 },
        "end": { "line": 79, "column": 50 }
      },
      "45": {
        "start": { "line": 82, "column": 0 },
        "end": { "line": 84, "column": 3 }
      },
      "46": {
        "start": { "line": 83, "column": 2 },
        "end": { "line": 83, "column": 55 }
      },
      "47": {
        "start": { "line": 86, "column": 0 },
        "end": { "line": 88, "column": 3 }
      },
      "48": {
        "start": { "line": 87, "column": 2 },
        "end": { "line": 87, "column": 34 }
      },
      "49": {
        "start": { "line": 90, "column": 0 },
        "end": { "line": 92, "column": 3 }
      },
      "50": {
        "start": { "line": 91, "column": 2 },
        "end": { "line": 91, "column": 58 }
      },
      "51": {
        "start": { "line": 94, "column": 0 },
        "end": { "line": 96, "column": 3 }
      },
      "52": {
        "start": { "line": 95, "column": 2 },
        "end": { "line": 95, "column": 43 }
      },
      "53": {
        "start": { "line": 98, "column": 0 },
        "end": { "line": 100, "column": 3 }
      },
      "54": {
        "start": { "line": 99, "column": 2 },
        "end": { "line": 99, "column": 50 }
      },
      "55": {
        "start": { "line": 102, "column": 0 },
        "end": { "line": 104, "column": 3 }
      },
      "56": {
        "start": { "line": 103, "column": 2 },
        "end": { "line": 103, "column": 41 }
      }
    },
    "fnMap": {
      "0": {
        "name": "(anonymous_0)",
        "decl": {
          "start": { "line": 7, "column": 47 },
          "end": { "line": 7, "column": 48 }
        },
        "loc": {
          "start": { "line": 7, "column": 63 },
          "end": { "line": 12, "column": 1 }
        },
        "line": 7
      },
      "1": {
        "name": "(anonymous_1)",
        "decl": {
          "start": { "line": 14, "column": 40 },
          "end": { "line": 14, "column": 41 }
        },
        "loc": {
          "start": { "line": 14, "column": 52 },
          "end": { "line": 16, "column": 1 }
        },
        "line": 14
      },
      "2": {
        "name": "(anonymous_2)",
        "decl": {
          "start": { "line": 18, "column": 42 },
          "end": { "line": 18, "column": 43 }
        },
        "loc": {
          "start": { "line": 18, "column": 58 },
          "end": { "line": 23, "column": 1 }
        },
        "line": 18
      },
      "3": {
        "name": "(anonymous_3)",
        "decl": {
          "start": { "line": 25, "column": 43 },
          "end": { "line": 25, "column": 44 }
        },
        "loc": {
          "start": { "line": 25, "column": 55 },
          "end": { "line": 28, "column": 1 }
        },
        "line": 25
      },
      "4": {
        "name": "(anonymous_4)",
        "decl": {
          "start": { "line": 30, "column": 45 },
          "end": { "line": 30, "column": 46 }
        },
        "loc": {
          "start": { "line": 30, "column": 57 },
          "end": { "line": 36, "column": 1 }
        },
        "line": 30
      },
      "5": {
        "name": "(anonymous_5)",
        "decl": {
          "start": { "line": 38, "column": 38 },
          "end": { "line": 38, "column": 39 }
        },
        "loc": {
          "start": { "line": 38, "column": 57 },
          "end": { "line": 42, "column": 1 }
        },
        "line": 38
      },
      "6": {
        "name": "(anonymous_6)",
        "decl": {
          "start": { "line": 44, "column": 51 },
          "end": { "line": 44, "column": 52 }
        },
        "loc": {
          "start": { "line": 44, "column": 63 },
          "end": { "line": 48, "column": 1 }
        },
        "line": 44
      },
      "7": {
        "name": "(anonymous_7)",
        "decl": {
          "start": { "line": 50, "column": 43 },
          "end": { "line": 50, "column": 44 }
        },
        "loc": {
          "start": { "line": 50, "column": 55 },
          "end": { "line": 57, "column": 1 }
        },
        "line": 50
      },
      "8": {
        "name": "(anonymous_8)",
        "decl": {
          "start": { "line": 59, "column": 23 },
          "end": { "line": 59, "column": 24 }
        },
        "loc": {
          "start": { "line": 59, "column": 35 },
          "end": { "line": 64, "column": 1 }
        },
        "line": 59
      },
      "9": {
        "name": "(anonymous_9)",
        "decl": {
          "start": { "line": 66, "column": 47 },
          "end": { "line": 66, "column": 48 }
        },
        "loc": {
          "start": { "line": 66, "column": 59 },
          "end": { "line": 68, "column": 1 }
        },
        "line": 66
      },
      "10": {
        "name": "(anonymous_10)",
        "decl": {
          "start": { "line": 70, "column": 53 },
          "end": { "line": 70, "column": 54 }
        },
        "loc": {
          "start": { "line": 70, "column": 65 },
          "end": { "line": 72, "column": 1 }
        },
        "line": 70
      },
      "11": {
        "name": "(anonymous_11)",
        "decl": {
          "start": { "line": 74, "column": 47 },
          "end": { "line": 74, "column": 48 }
        },
        "loc": {
          "start": { "line": 74, "column": 59 },
          "end": { "line": 76, "column": 1 }
        },
        "line": 74
      },
      "12": {
        "name": "(anonymous_12)",
        "decl": {
          "start": { "line": 78, "column": 33 },
          "end": { "line": 78, "column": 34 }
        },
        "loc": {
          "start": { "line": 78, "column": 45 },
          "end": { "line": 80, "column": 1 }
        },
        "line": 78
      },
      "13": {
        "name": "(anonymous_13)",
        "decl": {
          "start": { "line": 82, "column": 44 },
          "end": { "line": 82, "column": 45 }
        },
        "loc": {
          "start": { "line": 82, "column": 56 },
          "end": { "line": 84, "column": 1 }
        },
        "line": 82
      },
      "14": {
        "name": "(anonymous_14)",
        "decl": {
          "start": { "line": 86, "column": 43 },
          "end": { "line": 86, "column": 44 }
        },
        "loc": {
          "start": { "line": 86, "column": 55 },
          "end": { "line": 88, "column": 1 }
        },
        "line": 86
      },
      "15": {
        "name": "(anonymous_15)",
        "decl": {
          "start": { "line": 90, "column": 45 },
          "end": { "line": 90, "column": 46 }
        },
        "loc": {
          "start": { "line": 90, "column": 57 },
          "end": { "line": 92, "column": 1 }
        },
        "line": 90
      },
      "16": {
        "name": "(anonymous_16)",
        "decl": {
          "start": { "line": 94, "column": 36 },
          "end": { "line": 94, "column": 37 }
        },
        "loc": {
          "start": { "line": 94, "column": 48 },
          "end": { "line": 96, "column": 1 }
        },
        "line": 94
      },
      "17": {
        "name": "(anonymous_17)",
        "decl": {
          "start": { "line": 98, "column": 41 },
          "end": { "line": 98, "column": 42 }
        },
        "loc": {
          "start": { "line": 98, "column": 53 },
          "end": { "line": 100, "column": 1 }
        },
        "line": 98
      },
      "18": {
        "name": "(anonymous_18)",
        "decl": {
          "start": { "line": 102, "column": 45 },
          "end": { "line": 102, "column": 46 }
        },
        "loc": {
          "start": { "line": 102, "column": 57 },
          "end": { "line": 104, "column": 1 }
        },
        "line": 102
      }
    },
    "branchMap": {
      "0": {
        "loc": {
          "start": { "line": 31, "column": 2 },
          "end": { "line": 35, "column": 3 }
        },
        "type": "if",
        "locations": [
          {
            "start": { "line": 31, "column": 2 },
            "end": { "line": 35, "column": 3 }
          },
          {
            "start": { "line": 33, "column": 9 },
            "end": { "line": 35, "column": 3 }
          }
        ],
        "line": 31
      },
      "1": {
        "loc": {
          "start": { "line": 51, "column": 2 },
          "end": { "line": 56, "column": 3 }
        },
        "type": "if",
        "locations": [
          {
            "start": { "line": 51, "column": 2 },
            "end": { "line": 56, "column": 3 }
          },
          {
            "start": { "line": 53, "column": 9 },
            "end": { "line": 56, "column": 3 }
          }
        ],
        "line": 51
      }
    },
    "s": {
      "0": 0,
      "1": 0,
      "2": 0,
      "3": 0,
      "4": 0,
      "5": 0,
      "6": 0,
      "7": 0,
      "8": 0,
      "9": 0,
      "10": 0,
      "11": 0,
      "12": 0,
      "13": 0,
      "14": 0,
      "15": 0,
      "16": 0,
      "17": 0,
      "18": 0,
      "19": 0,
      "20": 0,
      "21": 0,
      "22": 0,
      "23": 0,
      "24": 0,
      "25": 0,
      "26": 0,
      "27": 0,
      "28": 0,
      "29": 0,
      "30": 0,
      "31": 0,
      "32": 0,
      "33": 0,
      "34": 0,
      "35": 0,
      "36": 0,
      "37": 0,
      "38": 0,
      "39": 0,
      "40": 0,
      "41": 0,
      "42": 0,
      "43": 0,
      "44": 0,
      "45": 0,
      "46": 0,
      "47": 0,
      "48": 0,
      "49": 0,
      "50": 0,
      "51": 0,
      "52": 0,
      "53": 0,
      "54": 0,
      "55": 0,
      "56": 0
    },
    "f": {
      "0": 0,
      "1": 0,
      "2": 0,
      "3": 0,
      "4": 0,
      "5": 0,
      "6": 0,
      "7": 0,
      "8": 0,
      "9": 0,
      "10": 0,
      "11": 0,
      "12": 0,
      "13": 0,
      "14": 0,
      "15": 0,
      "16": 0,
      "17": 0,
      "18": 0
    },
    "b": { "0": [0, 0], "1": [0, 0] },
    "all": true
  }
}
